<?xml version="1.0" encoding="UTF-8"?>
<coverage generated="1525251471067" clover="3.2.0">
  <project timestamp="1525251471068" name="All files">
    <metrics statements="490" coveredstatements="334" conditionals="316" coveredconditionals="170" methods="88" coveredmethods="65" elements="894" coveredelements="569" complexity="0" loc="490" ncloc="490" packages="5" files="22" classes="22">
      <package name="components">
        <metrics statements="13" coveredstatements="9" conditionals="2" coveredconditionals="1" methods="3" coveredmethods="1"/>
        <file name="CommonConstants.js" path="/Users/arthur/www/gigatables_react/src/components/CommonConstants.js">
          <metrics statements="1" coveredstatements="1" conditionals="0" coveredconditionals="0" methods="0" coveredmethods="0"/>
          <line num="1" count="8" type="stmt"/>
        </file>
        <file name="EditorConstants.js" path="/Users/arthur/www/gigatables_react/src/components/EditorConstants.js">
          <metrics statements="1" coveredstatements="1" conditionals="0" coveredconditionals="0" methods="0" coveredmethods="0"/>
          <line num="1" count="5" type="stmt"/>
        </file>
        <file name="Exceptions.js" path="/Users/arthur/www/gigatables_react/src/components/Exceptions.js">
          <metrics statements="6" coveredstatements="2" conditionals="0" coveredconditionals="0" methods="2" coveredmethods="0"/>
          <line num="1" count="1" type="stmt"/>
          <line num="3" count="0" type="stmt"/>
          <line num="4" count="0" type="stmt"/>
          <line num="6" count="1" type="stmt"/>
          <line num="8" count="0" type="stmt"/>
          <line num="9" count="0" type="stmt"/>
        </file>
        <file name="Helpers.js" path="/Users/arthur/www/gigatables_react/src/components/Helpers.js">
          <metrics statements="4" coveredstatements="4" conditionals="2" coveredconditionals="1" methods="1" coveredmethods="1"/>
          <line num="2" count="5" type="stmt"/>
          <line num="3" count="5" type="cond" truecount="1" falsecount="1"/>
          <line num="4" count="5" type="stmt"/>
          <line num="7" count="5" type="stmt"/>
        </file>
        <file name="Lang.js" path="/Users/arthur/www/gigatables_react/src/components/Lang.js">
          <metrics statements="1" coveredstatements="1" conditionals="0" coveredconditionals="0" methods="0" coveredmethods="0"/>
          <line num="1" count="5" type="stmt"/>
        </file>
      </package>
      <package name="components.form">
        <metrics statements="251" coveredstatements="137" conditionals="151" coveredconditionals="68" methods="44" coveredmethods="30"/>
        <file name="Button.js" path="/Users/arthur/www/gigatables_react/src/components/form/Button.js">
          <metrics statements="9" coveredstatements="9" conditionals="4" coveredconditionals="4" methods="4" coveredmethods="4"/>
          <line num="8" count="5" type="stmt"/>
          <line num="9" count="5" type="stmt"/>
          <line num="13" count="1" type="stmt"/>
          <line num="14" count="1" type="stmt"/>
          <line num="18" count="1" type="cond" truecount="2" falsecount="0"/>
          <line num="24" count="5" type="stmt"/>
          <line num="25" count="5" type="stmt"/>
          <line num="29" count="5" type="stmt"/>
          <line num="43" count="2" type="stmt"/>
        </file>
        <file name="CSVLink.js" path="/Users/arthur/www/gigatables_react/src/components/form/CSVLink.js">
          <metrics statements="29" coveredstatements="14" conditionals="12" coveredconditionals="6" methods="4" coveredmethods="3"/>
          <line num="4" count="2" type="stmt"/>
          <line num="8" count="1" type="stmt"/>
          <line num="9" count="1" type="stmt"/>
          <line num="10" count="9" type="cond" truecount="1" falsecount="1"/>
          <line num="11" count="9" type="cond" truecount="1" falsecount="1"/>
          <line num="12" count="9" type="stmt"/>
          <line num="13" count="9" type="stmt"/>
          <line num="14" count="9" type="stmt"/>
          <line num="17" count="1" type="stmt"/>
          <line num="21" count="1" type="cond" truecount="3" falsecount="1"/>
          <line num="22" count="1" type="stmt"/>
          <line num="24" count="0" type="stmt"/>
          <line num="25" count="0" type="stmt"/>
          <line num="26" count="0" type="stmt"/>
          <line num="28" count="0" type="stmt"/>
          <line num="29" count="0" type="stmt"/>
          <line num="30" count="0" type="stmt"/>
          <line num="32" count="0" type="stmt"/>
          <line num="33" count="0" type="cond" truecount="0" falsecount="2"/>
          <line num="34" count="0" type="stmt"/>
          <line num="37" count="0" type="stmt"/>
          <line num="38" count="0" type="stmt"/>
          <line num="39" count="0" type="stmt"/>
          <line num="40" count="0" type="stmt"/>
          <line num="41" count="0" type="stmt"/>
          <line num="42" count="0" type="stmt"/>
          <line num="47" count="3" type="stmt"/>
          <line num="48" count="3" type="stmt"/>
          <line num="52" count="3" type="stmt"/>
        </file>
        <file name="Editor.js" path="/Users/arthur/www/gigatables_react/src/components/form/Editor.js">
          <metrics statements="213" coveredstatements="114" conditionals="135" coveredconditionals="58" methods="36" coveredmethods="23"/>
          <line num="17" count="1" type="stmt"/>
          <line num="18" count="1" type="stmt"/>
          <line num="19" count="1" type="stmt"/>
          <line num="20" count="1" type="stmt"/>
          <line num="24" count="2" type="stmt"/>
          <line num="25" count="2" type="cond" truecount="1" falsecount="1"/>
          <line num="26" count="0" type="stmt"/>
          <line num="28" count="2" type="cond" truecount="1" falsecount="1"/>
          <line num="29" count="0" type="stmt"/>
          <line num="31" count="2" type="stmt"/>
          <line num="32" count="2" type="stmt"/>
          <line num="39" count="2" type="stmt"/>
          <line num="40" count="2" type="stmt"/>
          <line num="41" count="2" type="stmt"/>
          <line num="42" count="2" type="stmt"/>
          <line num="43" count="2" type="stmt"/>
          <line num="44" count="2" type="stmt"/>
          <line num="48" count="3" type="stmt"/>
          <line num="49" count="3" type="stmt"/>
          <line num="50" count="3" type="stmt"/>
          <line num="51" count="20" type="stmt"/>
          <line num="56" count="9" type="stmt"/>
          <line num="57" count="9" type="cond" truecount="2" falsecount="0"/>
          <line num="58" count="3" type="stmt"/>
          <line num="59" count="6" type="cond" truecount="2" falsecount="0"/>
          <line num="60" count="1" type="stmt"/>
          <line num="61" count="5" type="cond" truecount="1" falsecount="1"/>
          <line num="62" count="5" type="stmt"/>
          <line num="64" count="9" type="stmt"/>
          <line num="68" count="3" type="stmt"/>
          <line num="69" count="3" type="stmt"/>
          <line num="70" count="18" type="stmt"/>
          <line num="71" count="18" type="stmt"/>
          <line num="73" count="3" type="cond" truecount="1" falsecount="1"/>
          <line num="74" count="0" type="stmt"/>
          <line num="76" count="3" type="stmt"/>
          <line num="80" count="1" type="stmt"/>
          <line num="81" count="1" type="stmt"/>
          <line num="82" count="6" type="stmt"/>
          <line num="83" count="6" type="stmt"/>
          <line num="85" count="1" type="cond" truecount="1" falsecount="1"/>
          <line num="86" count="0" type="stmt"/>
          <line num="88" count="1" type="stmt"/>
          <line num="92" count="24" type="cond" truecount="1" falsecount="1"/>
          <line num="93" count="0" type="cond" truecount="0" falsecount="2"/>
          <line num="94" count="0" type="stmt"/>
          <line num="96" count="0" type="stmt"/>
          <line num="97" count="0" type="stmt"/>
          <line num="99" count="24" type="cond" truecount="1" falsecount="1"/>
          <line num="100" count="0" type="stmt"/>
          <line num="105" count="0" type="stmt"/>
          <line num="106" count="0" type="stmt"/>
          <line num="107" count="0" type="cond" truecount="0" falsecount="4"/>
          <line num="108" count="0" type="stmt"/>
          <line num="111" count="0" type="stmt"/>
          <line num="112" count="0" type="stmt"/>
          <line num="113" count="0" type="stmt"/>
          <line num="119" count="0" type="stmt"/>
          <line num="120" count="0" type="stmt"/>
          <line num="124" count="5" type="stmt"/>
          <line num="125" count="5" type="stmt"/>
          <line num="126" count="5" type="stmt"/>
          <line num="127" count="5" type="stmt"/>
          <line num="128" count="5" type="stmt"/>
          <line num="130" count="5" type="stmt"/>
          <line num="131" count="5" type="stmt"/>
          <line num="132" count="5" type="stmt"/>
          <line num="136" count="1" type="stmt"/>
          <line num="137" count="1" type="stmt"/>
          <line num="138" count="1" type="cond" truecount="3" falsecount="2"/>
          <line num="140" count="0" type="stmt"/>
          <line num="142" count="1" type="cond" truecount="3" falsecount="4"/>
          <line num="148" count="1" type="stmt"/>
          <line num="150" count="1" type="stmt"/>
          <line num="157" count="1" type="stmt"/>
          <line num="158" count="1" type="stmt"/>
          <line num="159" count="1" type="cond" truecount="2" falsecount="2"/>
          <line num="161" count="1" type="stmt"/>
          <line num="173" count="0" type="cond" truecount="0" falsecount="2"/>
          <line num="174" count="0" type="stmt"/>
          <line num="175" count="0" type="stmt"/>
          <line num="176" count="0" type="stmt"/>
          <line num="177" count="0" type="stmt"/>
          <line num="179" count="0" type="cond" truecount="0" falsecount="4"/>
          <line num="180" count="0" type="stmt"/>
          <line num="184" count="0" type="stmt"/>
          <line num="187" count="0" type="cond" truecount="0" falsecount="2"/>
          <line num="188" count="0" type="stmt"/>
          <line num="189" count="0" type="stmt"/>
          <line num="190" count="0" type="cond" truecount="0" falsecount="2"/>
          <line num="198" count="0" type="stmt"/>
          <line num="206" count="24" type="stmt"/>
          <line num="207" count="24" type="stmt"/>
          <line num="208" count="24" type="stmt"/>
          <line num="210" count="24" type="stmt"/>
          <line num="211" count="24" type="stmt"/>
          <line num="212" count="24" type="stmt"/>
          <line num="213" count="24" type="stmt"/>
          <line num="214" count="24" type="cond" truecount="2" falsecount="2"/>
          <line num="215" count="0" type="stmt"/>
          <line num="217" count="24" type="cond" truecount="1" falsecount="1"/>
          <line num="218" count="0" type="cond" truecount="0" falsecount="2"/>
          <line num="219" count="0" type="stmt"/>
          <line num="221" count="0" type="cond" truecount="0" falsecount="2"/>
          <line num="222" count="0" type="stmt"/>
          <line num="224" count="0" type="stmt"/>
          <line num="227" count="24" type="cond" truecount="3" falsecount="1"/>
          <line num="229" count="0" type="stmt"/>
          <line num="233" count="24" type="stmt"/>
          <line num="234" count="24" type="cond" truecount="2" falsecount="0"/>
          <line num="235" count="4" type="stmt"/>
          <line num="236" count="4" type="stmt"/>
          <line num="237" count="4" type="cond" truecount="1" falsecount="1"/>
          <line num="238" count="4" type="stmt"/>
          <line num="239" count="4" type="cond" truecount="1" falsecount="1"/>
          <line num="240" count="4" type="stmt"/>
          <line num="247" count="24" type="stmt"/>
          <line num="248" count="24" type="stmt"/>
          <line num="249" count="24" type="cond" truecount="18" falsecount="2"/>
          <line num="255" count="8" type="stmt"/>
          <line num="265" count="8" type="stmt"/>
          <line num="277" count="4" type="stmt"/>
          <line num="287" count="4" type="stmt"/>
          <line num="290" count="4" type="stmt"/>
          <line num="295" count="1" type="stmt"/>
          <line num="304" count="4" type="stmt"/>
          <line num="306" count="4" type="cond" truecount="2" falsecount="2"/>
          <line num="308" count="0" type="stmt"/>
          <line num="322" count="4" type="stmt"/>
          <line num="336" count="4" type="stmt"/>
          <line num="338" count="0" type="stmt"/>
          <line num="348" count="0" type="stmt"/>
          <line num="351" count="4" type="stmt"/>
          <line num="361" count="4" type="stmt"/>
          <line num="363" count="24" type="stmt"/>
          <line num="367" count="1" type="stmt"/>
          <line num="369" count="1" type="stmt"/>
          <line num="370" count="3" type="cond" truecount="2" falsecount="2"/>
          <line num="371" count="0" type="stmt"/>
          <line num="377" count="1" type="stmt"/>
          <line num="379" count="1" type="stmt"/>
          <line num="380" count="3" type="cond" truecount="2" falsecount="2"/>
          <line num="381" count="0" type="stmt"/>
          <line num="387" count="0" type="stmt"/>
          <line num="392" count="0" type="stmt"/>
          <line num="393" count="0" type="stmt"/>
          <line num="395" count="0" type="stmt"/>
          <line num="396" count="0" type="stmt"/>
          <line num="397" count="0" type="stmt"/>
          <line num="398" count="0" type="stmt"/>
          <line num="399" count="0" type="stmt"/>
          <line num="400" count="0" type="cond" truecount="0" falsecount="2"/>
          <line num="401" count="0" type="stmt"/>
          <line num="402" count="0" type="stmt"/>
          <line num="403" count="0" type="cond" truecount="0" falsecount="2"/>
          <line num="404" count="0" type="stmt"/>
          <line num="406" count="0" type="cond" truecount="0" falsecount="2"/>
          <line num="407" count="0" type="stmt"/>
          <line num="409" count="0" type="stmt"/>
          <line num="410" count="0" type="stmt"/>
          <line num="414" count="0" type="stmt"/>
          <line num="416" count="0" type="cond" truecount="0" falsecount="2"/>
          <line num="417" count="0" type="stmt"/>
          <line num="419" count="0" type="stmt"/>
          <line num="420" count="0" type="cond" truecount="0" falsecount="2"/>
          <line num="421" count="0" type="stmt"/>
          <line num="424" count="0" type="stmt"/>
          <line num="425" count="0" type="stmt"/>
          <line num="426" count="0" type="stmt"/>
          <line num="428" count="0" type="cond" truecount="0" falsecount="2"/>
          <line num="429" count="0" type="stmt"/>
          <line num="430" count="0" type="stmt"/>
          <line num="431" count="0" type="stmt"/>
          <line num="432" count="0" type="stmt"/>
          <line num="433" count="0" type="cond" truecount="0" falsecount="2"/>
          <line num="434" count="0" type="stmt"/>
          <line num="437" count="0" type="stmt"/>
          <line num="438" count="0" type="stmt"/>
          <line num="442" count="0" type="stmt"/>
          <line num="443" count="0" type="stmt"/>
          <line num="444" count="0" type="stmt"/>
          <line num="446" count="0" type="cond" truecount="0" falsecount="2"/>
          <line num="447" count="0" type="stmt"/>
          <line num="448" count="0" type="stmt"/>
          <line num="449" count="0" type="stmt"/>
          <line num="453" count="0" type="stmt"/>
          <line num="455" count="0" type="stmt"/>
          <line num="456" count="0" type="stmt"/>
          <line num="462" count="0" type="stmt"/>
          <line num="463" count="0" type="cond" truecount="0" falsecount="2"/>
          <line num="464" count="0" type="stmt"/>
          <line num="467" count="0" type="stmt"/>
          <line num="473" count="1" type="stmt"/>
          <line num="474" count="1" type="cond" truecount="1" falsecount="1"/>
          <line num="475" count="1" type="stmt"/>
          <line num="476" count="1" type="cond" truecount="1" falsecount="1"/>
          <line num="477" count="1" type="stmt"/>
          <line num="478" count="0" type="cond" truecount="0" falsecount="2"/>
          <line num="479" count="0" type="stmt"/>
          <line num="481" count="1" type="stmt"/>
          <line num="486" count="0" type="cond" truecount="0" falsecount="5"/>
          <line num="489" count="0" type="stmt"/>
          <line num="495" count="0" type="stmt"/>
          <line num="501" count="1" type="stmt"/>
          <line num="505" count="1" type="cond" truecount="3" falsecount="1"/>
          <line num="506" count="0" type="stmt"/>
          <line num="517" count="4" type="stmt"/>
          <line num="518" count="4" type="stmt"/>
          <line num="519" count="4" type="stmt"/>
          <line num="524" count="4" type="stmt"/>
          <line num="529" count="4" type="stmt"/>
          <line num="533" count="4" type="stmt"/>
          <line num="584" count="1" type="stmt"/>
        </file>
      </package>
      <package name="components.form.fields">
        <metrics statements="40" coveredstatements="40" conditionals="14" coveredconditionals="8" methods="8" coveredmethods="8"/>
        <file name="CheckRadio.js" path="/Users/arthur/www/gigatables_react/src/components/form/fields/CheckRadio.js">
          <metrics statements="12" coveredstatements="12" conditionals="6" coveredconditionals="3" methods="1" coveredmethods="1"/>
          <line num="15" count="1" type="stmt"/>
          <line num="17" count="1" type="stmt"/>
          <line num="18" count="1" type="stmt"/>
          <line num="20" count="1" type="stmt"/>
          <line num="21" count="1" type="stmt"/>
          <line num="22" count="2" type="cond" truecount="1" falsecount="1"/>
          <line num="23" count="2" type="stmt"/>
          <line num="24" count="2" type="cond" truecount="1" falsecount="1"/>
          <line num="25" count="2" type="stmt"/>
          <line num="26" count="2" type="stmt"/>
          <line num="39" count="1" type="stmt"/>
          <line num="48" count="1" type="stmt"/>
        </file>
        <file name="HTML5Input.js" path="/Users/arthur/www/gigatables_react/src/components/form/fields/HTML5Input.js">
          <metrics statements="3" coveredstatements="3" conditionals="0" coveredconditionals="0" methods="1" coveredmethods="1"/>
          <line num="14" count="1" type="stmt"/>
          <line num="15" count="1" type="stmt"/>
          <line num="37" count="1" type="stmt"/>
        </file>
        <file name="Input.js" path="/Users/arthur/www/gigatables_react/src/components/form/fields/Input.js">
          <metrics statements="4" coveredstatements="4" conditionals="2" coveredconditionals="2" methods="1" coveredmethods="1"/>
          <line num="4" count="1" type="stmt"/>
          <line num="18" count="2" type="stmt"/>
          <line num="19" count="2" type="stmt"/>
          <line num="39" count="1" type="stmt"/>
        </file>
        <file name="Select.js" path="/Users/arthur/www/gigatables_react/src/components/form/fields/Select.js">
          <metrics statements="11" coveredstatements="11" conditionals="4" coveredconditionals="2" methods="1" coveredmethods="1"/>
          <line num="15" count="1" type="stmt"/>
          <line num="17" count="1" type="stmt"/>
          <line num="18" count="1" type="stmt"/>
          <line num="19" count="1" type="stmt"/>
          <line num="20" count="2" type="cond" truecount="1" falsecount="1"/>
          <line num="21" count="2" type="stmt"/>
          <line num="22" count="2" type="cond" truecount="1" falsecount="1"/>
          <line num="23" count="2" type="stmt"/>
          <line num="24" count="2" type="stmt"/>
          <line num="29" count="1" type="stmt"/>
          <line num="48" count="2" type="stmt"/>
        </file>
        <file name="TextArea.js" path="/Users/arthur/www/gigatables_react/src/components/form/fields/TextArea.js">
          <metrics statements="3" coveredstatements="3" conditionals="0" coveredconditionals="0" methods="1" coveredmethods="1"/>
          <line num="16" count="2" type="stmt"/>
          <line num="17" count="2" type="stmt"/>
          <line num="39" count="2" type="stmt"/>
        </file>
        <file name="TextEditor.js" path="/Users/arthur/www/gigatables_react/src/components/form/fields/TextEditor.js">
          <metrics statements="7" coveredstatements="7" conditionals="2" coveredconditionals="1" methods="3" coveredmethods="3"/>
          <line num="7" count="2" type="stmt"/>
          <line num="8" count="2" type="stmt"/>
          <line num="14" count="1" type="stmt"/>
          <line num="15" count="1" type="cond" truecount="1" falsecount="1"/>
          <line num="19" count="1" type="stmt"/>
          <line num="32" count="3" type="stmt"/>
          <line num="33" count="3" type="stmt"/>
        </file>
      </package>
      <package name="components.table">
        <metrics statements="73" coveredstatements="56" conditionals="75" coveredconditionals="42" methods="19" coveredmethods="14"/>
        <file name="Column.js" path="/Users/arthur/www/gigatables_react/src/components/table/Column.js">
          <metrics statements="36" coveredstatements="20" conditionals="21" coveredconditionals="14" methods="11" coveredmethods="6"/>
          <line num="6" count="2" type="stmt"/>
          <line num="7" count="2" type="stmt"/>
          <line num="17" count="2" type="stmt"/>
          <line num="18" count="2" type="cond" truecount="5" falsecount="0"/>
          <line num="26" count="4" type="stmt"/>
          <line num="27" count="4" type="stmt"/>
          <line num="31" count="4" type="stmt"/>
          <line num="35" count="0" type="cond" truecount="0" falsecount="4"/>
          <line num="36" count="0" type="stmt"/>
          <line num="41" count="1" type="stmt"/>
          <line num="50" count="0" type="stmt"/>
          <line num="51" count="0" type="stmt"/>
          <line num="52" count="0" type="stmt"/>
          <line num="53" count="0" type="stmt"/>
          <line num="54" count="0" type="stmt"/>
          <line num="55" count="0" type="cond" truecount="0" falsecount="2"/>
          <line num="57" count="0" type="stmt"/>
          <line num="60" count="0" type="stmt"/>
          <line num="63" count="0" type="stmt"/>
          <line num="64" count="0" type="stmt"/>
          <line num="67" count="0" type="stmt"/>
          <line num="87" count="4" type="stmt"/>
          <line num="90" count="4" type="stmt"/>
          <line num="92" count="4" type="cond" truecount="3" falsecount="1"/>
          <line num="93" count="0" type="stmt"/>
          <line num="97" count="0" type="stmt"/>
          <line num="120" count="4" type="stmt"/>
          <line num="121" count="4" type="cond" truecount="2" falsecount="0"/>
          <line num="123" count="1" type="stmt"/>
          <line num="129" count="4" type="stmt"/>
          <line num="132" count="4" type="stmt"/>
          <line num="146" count="1" type="stmt"/>
          <line num="159" count="0" type="stmt"/>
          <line num="166" count="4" type="stmt"/>
          <line num="170" count="2" type="stmt"/>
          <line num="180" count="2" type="stmt"/>
        </file>
        <file name="Header.js" path="/Users/arthur/www/gigatables_react/src/components/table/Header.js">
          <metrics statements="23" coveredstatements="22" conditionals="24" coveredconditionals="13" methods="5" coveredmethods="5"/>
          <line num="6" count="1" type="stmt"/>
          <line num="10" count="2" type="stmt"/>
          <line num="11" count="2" type="stmt"/>
          <line num="15" count="1" type="cond" truecount="1" falsecount="3"/>
          <line num="31" count="2" type="stmt"/>
          <line num="33" count="2" type="cond" truecount="1" falsecount="1"/>
          <line num="34" count="2" type="stmt"/>
          <line num="35" count="2" type="cond" truecount="1" falsecount="1"/>
          <line num="36" count="2" type="stmt"/>
          <line num="38" count="2" type="cond" truecount="3" falsecount="1"/>
          <line num="40" count="2" type="stmt"/>
          <line num="42" count="2" type="stmt"/>
          <line num="56" count="0" type="stmt"/>
          <line num="66" count="2" type="stmt"/>
          <line num="68" count="2" type="cond" truecount="3" falsecount="1"/>
          <line num="70" count="2" type="stmt"/>
          <line num="73" count="2" type="stmt"/>
          <line num="75" count="2" type="cond" truecount="1" falsecount="1"/>
          <line num="76" count="2" type="cond" truecount="1" falsecount="1"/>
          <line num="77" count="2" type="stmt"/>
          <line num="83" count="2" type="stmt"/>
          <line num="93" count="2" type="stmt"/>
          <line num="97" count="1" type="stmt"/>
        </file>
        <file name="ProgressBar.js" path="/Users/arthur/www/gigatables_react/src/components/table/ProgressBar.js">
          <metrics statements="8" coveredstatements="8" conditionals="20" coveredconditionals="12" methods="1" coveredmethods="1"/>
          <line num="6" count="3" type="stmt"/>
          <line num="14" count="2" type="stmt"/>
          <line num="16" count="2" type="stmt"/>
          <line num="25" count="2" type="stmt"/>
          <line num="29" count="2" type="cond" truecount="2" falsecount="2"/>
          <line num="30" count="2" type="stmt"/>
          <line num="44" count="3" type="stmt"/>
          <line num="50" count="3" type="stmt"/>
        </file>
        <file name="Row.js" path="/Users/arthur/www/gigatables_react/src/components/table/Row.js">
          <metrics statements="6" coveredstatements="6" conditionals="10" coveredconditionals="3" methods="2" coveredmethods="2"/>
          <line num="14" count="1" type="stmt"/>
          <line num="15" count="1" type="cond" truecount="2" falsecount="6"/>
          <line num="35" count="2" type="stmt"/>
          <line num="37" count="2" type="stmt"/>
          <line num="42" count="2" type="stmt"/>
          <line num="56" count="1" type="stmt"/>
        </file>
      </package>
      <package name="components.tools">
        <metrics statements="113" coveredstatements="92" conditionals="74" coveredconditionals="51" methods="14" coveredmethods="12"/>
        <file name="PagesSelector.js" path="/Users/arthur/www/gigatables_react/src/components/tools/PagesSelector.js">
          <metrics statements="8" coveredstatements="7" conditionals="2" coveredconditionals="1" methods="4" coveredmethods="3"/>
          <line num="5" count="2" type="stmt"/>
          <line num="9" count="1" type="cond" truecount="1" falsecount="1"/>
          <line num="20" count="3" type="stmt"/>
          <line num="21" count="3" type="stmt"/>
          <line num="22" count="3" type="stmt"/>
          <line num="26" count="0" type="stmt"/>
          <line num="30" count="12" type="stmt"/>
          <line num="41" count="2" type="stmt"/>
        </file>
        <file name="Pagination.js" path="/Users/arthur/www/gigatables_react/src/components/tools/Pagination.js">
          <metrics statements="57" coveredstatements="42" conditionals="41" coveredconditionals="27" methods="2" coveredmethods="2"/>
          <line num="6" count="1" type="stmt"/>
          <line num="7" count="1" type="stmt"/>
          <line num="8" count="1" type="stmt"/>
          <line num="13" count="1" type="cond" truecount="1" falsecount="3"/>
          <line num="26" count="3" type="stmt"/>
          <line num="27" count="3" type="stmt"/>
          <line num="28" count="3" type="stmt"/>
          <line num="32" count="3" type="stmt"/>
          <line num="37" count="3" type="stmt"/>
          <line num="38" count="3" type="stmt"/>
          <line num="39" count="3" type="stmt"/>
          <line num="40" count="3" type="stmt"/>
          <line num="41" count="3" type="stmt"/>
          <line num="43" count="3" type="stmt"/>
          <line num="44" count="3" type="stmt"/>
          <line num="45" count="17" type="stmt"/>
          <line num="46" count="17" type="stmt"/>
          <line num="50" count="17" type="cond" truecount="2" falsecount="0"/>
          <line num="51" count="1" type="cond" truecount="1" falsecount="1"/>
          <line num="52" count="0" type="stmt"/>
          <line num="54" count="0" type="stmt"/>
          <line num="55" count="1" type="cond" truecount="3" falsecount="1"/>
          <line num="56" count="0" type="stmt"/>
          <line num="57" count="0" type="stmt"/>
          <line num="58" count="0" type="stmt"/>
          <line num="59" count="0" type="stmt"/>
          <line num="61" count="0" type="stmt"/>
          <line num="65" count="0" type="stmt"/>
          <line num="72" count="0" type="stmt"/>
          <line num="73" count="1" type="cond" truecount="1" falsecount="1"/>
          <line num="74" count="1" type="stmt"/>
          <line num="75" count="1" type="stmt"/>
          <line num="76" count="6" type="stmt"/>
          <line num="77" count="6" type="stmt"/>
          <line num="78" count="6" type="cond" truecount="2" falsecount="0"/>
          <line num="79" count="1" type="stmt"/>
          <line num="80" count="1" type="cond" truecount="1" falsecount="1"/>
          <line num="81" count="0" type="stmt"/>
          <line num="83" count="1" type="stmt"/>
          <line num="84" count="1" type="cond" truecount="1" falsecount="1"/>
          <line num="85" count="0" type="stmt"/>
          <line num="88" count="6" type="stmt"/>
          <line num="92" count="6" type="stmt"/>
          <line num="94" count="1" type="stmt"/>
          <line num="96" count="1" type="stmt"/>
          <line num="99" count="16" type="cond" truecount="5" falsecount="0"/>
          <line num="100" count="10" type="stmt"/>
          <line num="106" count="3" type="cond" truecount="3" falsecount="1"/>
          <line num="107" count="0" type="stmt"/>
          <line num="108" count="0" type="stmt"/>
          <line num="109" count="0" type="stmt"/>
          <line num="113" count="0" type="stmt"/>
          <line num="118" count="3" type="cond" truecount="2" falsecount="0"/>
          <line num="119" count="3" type="cond" truecount="1" falsecount="1"/>
          <line num="121" count="3" type="stmt"/>
          <line num="123" count="3" type="stmt"/>
          <line num="139" count="1" type="stmt"/>
        </file>
        <file name="Search.js" path="/Users/arthur/www/gigatables_react/src/components/tools/Search.js">
          <metrics statements="6" coveredstatements="5" conditionals="0" coveredconditionals="0" methods="2" coveredmethods="1"/>
          <line num="5" count="2" type="stmt"/>
          <line num="9" count="0" type="stmt"/>
          <line num="18" count="2" type="stmt"/>
          <line num="20" count="2" type="stmt"/>
          <line num="21" count="2" type="stmt"/>
          <line num="38" count="2" type="stmt"/>
        </file>
        <file name="Tools.js" path="/Users/arthur/www/gigatables_react/src/components/tools/Tools.js">
          <metrics statements="42" coveredstatements="38" conditionals="31" coveredconditionals="23" methods="6" coveredmethods="6"/>
          <line num="9" count="1" type="stmt"/>
          <line num="10" count="1" type="stmt"/>
          <line num="11" count="1" type="stmt"/>
          <line num="23" count="1" type="stmt"/>
          <line num="25" count="1" type="cond" truecount="1" falsecount="1"/>
          <line num="26" count="0" type="stmt"/>
          <line num="28" count="1" type="stmt"/>
          <line num="43" count="1" type="stmt"/>
          <line num="45" count="1" type="cond" truecount="1" falsecount="1"/>
          <line num="46" count="0" type="stmt"/>
          <line num="48" count="1" type="stmt"/>
          <line num="63" count="1" type="stmt"/>
          <line num="65" count="1" type="stmt"/>
          <line num="66" count="1" type="stmt"/>
          <line num="67" count="1" type="cond" truecount="4" falsecount="1"/>
          <line num="70" count="1" type="stmt"/>
          <line num="71" count="4" type="cond" truecount="4" falsecount="1"/>
          <line num="73" count="1" type="cond" truecount="4" falsecount="1"/>
          <line num="75" count="1" type="stmt"/>
          <line num="80" count="1" type="stmt"/>
          <line num="82" count="0" type="stmt"/>
          <line num="88" count="0" type="stmt"/>
          <line num="90" count="1" type="stmt"/>
          <line num="95" count="1" type="stmt"/>
          <line num="97" count="1" type="stmt"/>
          <line num="103" count="1" type="stmt"/>
          <line num="105" count="1" type="stmt"/>
          <line num="111" count="1" type="stmt"/>
          <line num="115" count="1" type="stmt"/>
          <line num="124" count="1" type="stmt"/>
          <line num="126" count="1" type="stmt"/>
          <line num="127" count="1" type="stmt"/>
          <line num="128" count="1" type="cond" truecount="1" falsecount="1"/>
          <line num="129" count="1" type="stmt"/>
          <line num="130" count="4" type="cond" truecount="2" falsecount="0"/>
          <line num="131" count="1" type="stmt"/>
          <line num="137" count="4" type="cond" truecount="2" falsecount="0"/>
          <line num="138" count="1" type="stmt"/>
          <line num="145" count="4" type="cond" truecount="2" falsecount="0"/>
          <line num="146" count="1" type="stmt"/>
          <line num="155" count="1" type="stmt"/>
          <line num="166" count="1" type="stmt"/>
        </file>
      </package>
    </metrics>
  </project>
</coverage>
