{"/Users/arthurkushman/www/gigatables-react/src/components/CommonConstants.js": {"path":"/Users/arthurkushman/www/gigatables-react/src/components/CommonConstants.js","statementMap":{"0":{"start":{"line":1,"column":0},"end":{"line":74,"column":2}}},"fnMap":{},"branchMap":{},"s":{"0":1},"f":{},"b":{},"_coverageSchema":"332fd63041d2c1bcb487cc26dd0d5f7d97098a6c","hash":"ef8d1a65beb9ad198827107af458e2087e7d370b"}
,"/Users/arthurkushman/www/gigatables-react/src/components/EditorConstants.js": {"path":"/Users/arthurkushman/www/gigatables-react/src/components/EditorConstants.js","statementMap":{"0":{"start":{"line":1,"column":0},"end":{"line":43,"column":2}}},"fnMap":{},"branchMap":{},"s":{"0":1},"f":{},"b":{},"_coverageSchema":"332fd63041d2c1bcb487cc26dd0d5f7d97098a6c","hash":"3206a83dbc74e37fc3c7398ca1cc8fb978861966"}
,"/Users/arthurkushman/www/gigatables-react/src/components/Exceptions.js": {"path":"/Users/arthurkushman/www/gigatables-react/src/components/Exceptions.js","statementMap":{"0":{"start":{"line":1,"column":22},"end":{"line":5,"column":1}},"1":{"start":{"line":3,"column":2},"end":{"line":3,"column":25}},"2":{"start":{"line":4,"column":2},"end":{"line":4,"column":30}},"3":{"start":{"line":6,"column":24},"end":{"line":10,"column":1}},"4":{"start":{"line":8,"column":2},"end":{"line":8,"column":25}},"5":{"start":{"line":9,"column":2},"end":{"line":9,"column":32}}},"fnMap":{"0":{"name":"(anonymous_0)","decl":{"start":{"line":1,"column":22},"end":{"line":1,"column":23}},"loc":{"start":{"line":2,"column":0},"end":{"line":5,"column":1}},"line":2},"1":{"name":"(anonymous_1)","decl":{"start":{"line":6,"column":24},"end":{"line":6,"column":25}},"loc":{"start":{"line":7,"column":0},"end":{"line":10,"column":1}},"line":7}},"branchMap":{},"s":{"0":1,"1":2,"2":2,"3":1,"4":1,"5":1},"f":{"0":2,"1":1},"b":{},"_coverageSchema":"332fd63041d2c1bcb487cc26dd0d5f7d97098a6c","hash":"addc0ed339a6b04c8c024575468b1e46e2f99870"}
,"/Users/arthurkushman/www/gigatables-react/src/components/Helpers.js": {"path":"/Users/arthurkushman/www/gigatables-react/src/components/Helpers.js","statementMap":{"0":{"start":{"line":2,"column":4},"end":{"line":6,"column":5}},"1":{"start":{"line":3,"column":8},"end":{"line":5,"column":9}},"2":{"start":{"line":4,"column":12},"end":{"line":4,"column":60}},"3":{"start":{"line":7,"column":4},"end":{"line":7,"column":16}}},"fnMap":{"0":{"name":"t","decl":{"start":{"line":1,"column":16},"end":{"line":1,"column":17}},"loc":{"start":{"line":1,"column":29},"end":{"line":8,"column":1}},"line":1}},"branchMap":{"0":{"loc":{"start":{"line":3,"column":8},"end":{"line":5,"column":9}},"type":"if","locations":[{"start":{"line":3,"column":8},"end":{"line":5,"column":9}},{"start":{"line":3,"column":8},"end":{"line":5,"column":9}}],"line":3}},"s":{"0":5,"1":5,"2":5,"3":5},"f":{"0":5},"b":{"0":[5,0]},"_coverageSchema":"332fd63041d2c1bcb487cc26dd0d5f7d97098a6c","hash":"ba8f2a05ea326579d77519bd5d8253cba3bd5ed7"}
,"/Users/arthurkushman/www/gigatables-react/src/components/Lang.js": {"path":"/Users/arthurkushman/www/gigatables-react/src/components/Lang.js","statementMap":{"0":{"start":{"line":1,"column":0},"end":{"line":163,"column":2}}},"fnMap":{},"branchMap":{},"s":{"0":1},"f":{},"b":{},"_coverageSchema":"332fd63041d2c1bcb487cc26dd0d5f7d97098a6c","hash":"730e92e4a2f3d76f003448bf332a50f198e6792b"}
,"/Users/arthurkushman/www/gigatables-react/src/components/form/Editor.js": {"path":"/Users/arthurkushman/www/gigatables-react/src/components/form/Editor.js","statementMap":{"0":{"start":{"line":17,"column":24},"end":{"line":17,"column":53}},"1":{"start":{"line":18,"column":24},"end":{"line":18,"column":53}},"2":{"start":{"line":19,"column":13},"end":{"line":19,"column":31}},"3":{"start":{"line":20,"column":17},"end":{"line":20,"column":41}},"4":{"start":{"line":24,"column":8},"end":{"line":24,"column":21}},"5":{"start":{"line":25,"column":8},"end":{"line":27,"column":9}},"6":{"start":{"line":26,"column":12},"end":{"line":26,"column":76}},"7":{"start":{"line":28,"column":8},"end":{"line":30,"column":9}},"8":{"start":{"line":29,"column":12},"end":{"line":29,"column":98}},"9":{"start":{"line":31,"column":8},"end":{"line":31,"column":37}},"10":{"start":{"line":32,"column":8},"end":{"line":38,"column":10}},"11":{"start":{"line":39,"column":8},"end":{"line":39,"column":30}},"12":{"start":{"line":40,"column":8},"end":{"line":40,"column":35}},"13":{"start":{"line":41,"column":8},"end":{"line":41,"column":30}},"14":{"start":{"line":42,"column":8},"end":{"line":42,"column":31}},"15":{"start":{"line":43,"column":8},"end":{"line":43,"column":33}},"16":{"start":{"line":44,"column":8},"end":{"line":44,"column":29}},"17":{"start":{"line":48,"column":19},"end":{"line":48,"column":32}},"18":{"start":{"line":49,"column":8},"end":{"line":49,"column":30}},"19":{"start":{"line":50,"column":8},"end":{"line":52,"column":11}},"20":{"start":{"line":51,"column":12},"end":{"line":51,"column":47}},"21":{"start":{"line":56,"column":21},"end":{"line":56,"column":23}},"22":{"start":{"line":57,"column":8},"end":{"line":63,"column":9}},"23":{"start":{"line":58,"column":12},"end":{"line":58,"column":63}},"24":{"start":{"line":59,"column":15},"end":{"line":63,"column":9}},"25":{"start":{"line":60,"column":12},"end":{"line":60,"column":61}},"26":{"start":{"line":61,"column":15},"end":{"line":63,"column":9}},"27":{"start":{"line":62,"column":12},"end":{"line":62,"column":62}},"28":{"start":{"line":64,"column":8},"end":{"line":64,"column":29}},"29":{"start":{"line":68,"column":21},"end":{"line":68,"column":23}},"30":{"start":{"line":69,"column":8},"end":{"line":72,"column":11}},"31":{"start":{"line":70,"column":12},"end":{"line":70,"column":45}},"32":{"start":{"line":71,"column":12},"end":{"line":71,"column":63}},"33":{"start":{"line":73,"column":8},"end":{"line":75,"column":9}},"34":{"start":{"line":74,"column":12},"end":{"line":74,"column":52}},"35":{"start":{"line":76,"column":8},"end":{"line":76,"column":22}},"36":{"start":{"line":80,"column":21},"end":{"line":80,"column":23}},"37":{"start":{"line":81,"column":8},"end":{"line":84,"column":11}},"38":{"start":{"line":82,"column":12},"end":{"line":82,"column":45}},"39":{"start":{"line":83,"column":12},"end":{"line":83,"column":63}},"40":{"start":{"line":85,"column":8},"end":{"line":87,"column":9}},"41":{"start":{"line":86,"column":12},"end":{"line":86,"column":52}},"42":{"start":{"line":88,"column":8},"end":{"line":88,"column":22}},"43":{"start":{"line":92,"column":8},"end":{"line":98,"column":9}},"44":{"start":{"line":93,"column":12},"end":{"line":95,"column":13}},"45":{"start":{"line":94,"column":16},"end":{"line":94,"column":105}},"46":{"start":{"line":96,"column":12},"end":{"line":96,"column":38}},"47":{"start":{"line":97,"column":12},"end":{"line":97,"column":48}},"48":{"start":{"line":99,"column":8},"end":{"line":101,"column":9}},"49":{"start":{"line":100,"column":12},"end":{"line":100,"column":39}},"50":{"start":{"line":105,"column":27},"end":{"line":105,"column":29}},"51":{"start":{"line":106,"column":8},"end":{"line":110,"column":11}},"52":{"start":{"line":107,"column":12},"end":{"line":109,"column":13}},"53":{"start":{"line":108,"column":16},"end":{"line":108,"column":45}},"54":{"start":{"line":111,"column":23},"end":{"line":111,"column":25}},"55":{"start":{"line":112,"column":8},"end":{"line":112,"column":58}},"56":{"start":{"line":113,"column":8},"end":{"line":118,"column":16}},"57":{"start":{"line":119,"column":8},"end":{"line":119,"column":60}},"58":{"start":{"line":120,"column":8},"end":{"line":120,"column":24}},"59":{"start":{"line":124,"column":21},"end":{"line":124,"column":23}},"60":{"start":{"line":124,"column":34},"end":{"line":124,"column":35}},"61":{"start":{"line":125,"column":8},"end":{"line":125,"column":56}},"62":{"start":{"line":126,"column":8},"end":{"line":129,"column":11}},"63":{"start":{"line":127,"column":12},"end":{"line":127,"column":111}},"64":{"start":{"line":128,"column":12},"end":{"line":128,"column":27}},"65":{"start":{"line":130,"column":21},"end":{"line":130,"column":81}},"66":{"start":{"line":131,"column":8},"end":{"line":131,"column":76}},"67":{"start":{"line":132,"column":8},"end":{"line":132,"column":22}},"68":{"start":{"line":136,"column":34},"end":{"line":136,"column":44}},"69":{"start":{"line":137,"column":25},"end":{"line":137,"column":30}},"70":{"start":{"line":138,"column":8},"end":{"line":141,"column":9}},"71":{"start":{"line":140,"column":12},"end":{"line":140,"column":58}},"72":{"start":{"line":142,"column":8},"end":{"line":149,"column":9}},"73":{"start":{"line":148,"column":12},"end":{"line":148,"column":30}},"74":{"start":{"line":150,"column":8},"end":{"line":153,"column":11}},"75":{"start":{"line":157,"column":34},"end":{"line":157,"column":44}},"76":{"start":{"line":158,"column":25},"end":{"line":158,"column":50}},"77":{"start":{"line":159,"column":18},"end":{"line":159,"column":77}},"78":{"start":{"line":161,"column":8},"end":{"line":166,"column":11}},"79":{"start":{"line":173,"column":8},"end":{"line":194,"column":9}},"80":{"start":{"line":174,"column":32},"end":{"line":174,"column":49}},"81":{"start":{"line":175,"column":27},"end":{"line":175,"column":41}},"82":{"start":{"line":176,"column":26},"end":{"line":176,"column":47}},"83":{"start":{"line":177,"column":12},"end":{"line":182,"column":13}},"84":{"start":{"line":179,"column":16},"end":{"line":181,"column":17}},"85":{"start":{"line":180,"column":20},"end":{"line":180,"column":53}},"86":{"start":{"line":184,"column":12},"end":{"line":193,"column":19}},"87":{"start":{"line":187,"column":20},"end":{"line":192,"column":21}},"88":{"start":{"line":188,"column":24},"end":{"line":188,"column":82}},"89":{"start":{"line":189,"column":24},"end":{"line":189,"column":41}},"90":{"start":{"line":190,"column":27},"end":{"line":192,"column":21}},"91":{"start":{"line":198,"column":8},"end":{"line":202,"column":11}},"92":{"start":{"line":206,"column":47},"end":{"line":206,"column":57}},"93":{"start":{"line":207,"column":37},"end":{"line":207,"column":47}},"94":{"start":{"line":208,"column":28},"end":{"line":208,"column":62}},"95":{"start":{"line":210,"column":24},"end":{"line":210,"column":35}},"96":{"start":{"line":211,"column":24},"end":{"line":211,"column":35}},"97":{"start":{"line":212,"column":25},"end":{"line":212,"column":37}},"98":{"start":{"line":213,"column":25},"end":{"line":213,"column":27}},"99":{"start":{"line":214,"column":8},"end":{"line":231,"column":9}},"100":{"start":{"line":215,"column":12},"end":{"line":215,"column":60}},"101":{"start":{"line":217,"column":12},"end":{"line":230,"column":13}},"102":{"start":{"line":218,"column":16},"end":{"line":226,"column":17}},"103":{"start":{"line":219,"column":20},"end":{"line":219,"column":56}},"104":{"start":{"line":221,"column":20},"end":{"line":225,"column":21}},"105":{"start":{"line":222,"column":24},"end":{"line":222,"column":40}},"106":{"start":{"line":224,"column":24},"end":{"line":224,"column":62}},"107":{"start":{"line":227,"column":19},"end":{"line":230,"column":13}},"108":{"start":{"line":229,"column":16},"end":{"line":229,"column":52}},"109":{"start":{"line":233,"column":25},"end":{"line":233,"column":27}},"110":{"start":{"line":234,"column":8},"end":{"line":245,"column":9}},"111":{"start":{"line":235,"column":28},"end":{"line":235,"column":40}},"112":{"start":{"line":236,"column":12},"end":{"line":244,"column":13}},"113":{"start":{"line":237,"column":16},"end":{"line":243,"column":17}},"114":{"start":{"line":238,"column":20},"end":{"line":242,"column":21}},"115":{"start":{"line":239,"column":24},"end":{"line":241,"column":25}},"116":{"start":{"line":240,"column":28},"end":{"line":240,"column":68}},"117":{"start":{"line":247,"column":16},"end":{"line":247,"column":17}},"118":{"start":{"line":248,"column":25},"end":{"line":248,"column":27}},"119":{"start":{"line":249,"column":8},"end":{"line":362,"column":9}},"120":{"start":{"line":255,"column":16},"end":{"line":264,"column":65}},"121":{"start":{"line":265,"column":16},"end":{"line":265,"column":22}},"122":{"start":{"line":277,"column":16},"end":{"line":286,"column":19}},"123":{"start":{"line":287,"column":16},"end":{"line":287,"column":22}},"124":{"start":{"line":290,"column":16},"end":{"line":303,"column":23}},"125":{"start":{"line":295,"column":32},"end":{"line":295,"column":56}},"126":{"start":{"line":304,"column":16},"end":{"line":304,"column":22}},"127":{"start":{"line":306,"column":16},"end":{"line":335,"column":17}},"128":{"start":{"line":308,"column":20},"end":{"line":320,"column":23}},"129":{"start":{"line":322,"column":20},"end":{"line":334,"column":23}},"130":{"start":{"line":336,"column":16},"end":{"line":336,"column":22}},"131":{"start":{"line":338,"column":16},"end":{"line":347,"column":19}},"132":{"start":{"line":348,"column":16},"end":{"line":348,"column":22}},"133":{"start":{"line":351,"column":16},"end":{"line":360,"column":19}},"134":{"start":{"line":361,"column":16},"end":{"line":361,"column":22}},"135":{"start":{"line":363,"column":8},"end":{"line":363,"column":26}},"136":{"start":{"line":367,"column":28},"end":{"line":367,"column":38}},"137":{"start":{"line":369,"column":8},"end":{"line":373,"column":11}},"138":{"start":{"line":370,"column":12},"end":{"line":372,"column":13}},"139":{"start":{"line":371,"column":16},"end":{"line":371,"column":36}},"140":{"start":{"line":377,"column":28},"end":{"line":377,"column":38}},"141":{"start":{"line":379,"column":8},"end":{"line":383,"column":11}},"142":{"start":{"line":380,"column":12},"end":{"line":382,"column":13}},"143":{"start":{"line":381,"column":16},"end":{"line":381,"column":35}},"144":{"start":{"line":387,"column":8},"end":{"line":387,"column":20}},"145":{"start":{"line":392,"column":12},"end":{"line":392,"column":22}},"146":{"start":{"line":393,"column":30},"end":{"line":393,"column":40}},"147":{"start":{"line":395,"column":23},"end":{"line":395,"column":51}},"148":{"start":{"line":396,"column":22},"end":{"line":396,"column":34}},"149":{"start":{"line":397,"column":23},"end":{"line":397,"column":34}},"150":{"start":{"line":398,"column":22},"end":{"line":398,"column":24}},"151":{"start":{"line":399,"column":8},"end":{"line":399,"column":88}},"152":{"start":{"line":400,"column":8},"end":{"line":477,"column":9}},"153":{"start":{"line":401,"column":12},"end":{"line":401,"column":62}},"154":{"start":{"line":402,"column":12},"end":{"line":402,"column":30}},"155":{"start":{"line":403,"column":12},"end":{"line":405,"column":13}},"156":{"start":{"line":404,"column":16},"end":{"line":404,"column":41}},"157":{"start":{"line":406,"column":12},"end":{"line":408,"column":13}},"158":{"start":{"line":407,"column":16},"end":{"line":407,"column":62}},"159":{"start":{"line":409,"column":12},"end":{"line":409,"column":57}},"160":{"start":{"line":410,"column":12},"end":{"line":429,"column":15}},"161":{"start":{"line":414,"column":32},"end":{"line":414,"column":47}},"162":{"start":{"line":415,"column":16},"end":{"line":417,"column":17}},"163":{"start":{"line":416,"column":20},"end":{"line":416,"column":118}},"164":{"start":{"line":419,"column":16},"end":{"line":423,"column":17}},"165":{"start":{"line":420,"column":20},"end":{"line":422,"column":21}},"166":{"start":{"line":421,"column":24},"end":{"line":421,"column":70}},"167":{"start":{"line":424,"column":16},"end":{"line":424,"column":89}},"168":{"start":{"line":425,"column":16},"end":{"line":425,"column":42}},"169":{"start":{"line":426,"column":16},"end":{"line":426,"column":65}},"170":{"start":{"line":428,"column":16},"end":{"line":428,"column":41}},"171":{"start":{"line":430,"column":15},"end":{"line":477,"column":9}},"172":{"start":{"line":431,"column":12},"end":{"line":431,"column":60}},"173":{"start":{"line":432,"column":12},"end":{"line":432,"column":30}},"174":{"start":{"line":433,"column":26},"end":{"line":433,"column":28}},"175":{"start":{"line":434,"column":12},"end":{"line":438,"column":13}},"176":{"start":{"line":435,"column":16},"end":{"line":437,"column":17}},"177":{"start":{"line":436,"column":20},"end":{"line":436,"column":74}},"178":{"start":{"line":439,"column":12},"end":{"line":439,"column":57}},"179":{"start":{"line":440,"column":12},"end":{"line":464,"column":15}},"180":{"start":{"line":444,"column":32},"end":{"line":444,"column":47}},"181":{"start":{"line":445,"column":16},"end":{"line":449,"column":17}},"182":{"start":{"line":448,"column":20},"end":{"line":448,"column":118}},"183":{"start":{"line":450,"column":16},"end":{"line":458,"column":17}},"184":{"start":{"line":451,"column":20},"end":{"line":457,"column":21}},"185":{"start":{"line":452,"column":24},"end":{"line":456,"column":25}},"186":{"start":{"line":453,"column":28},"end":{"line":455,"column":29}},"187":{"start":{"line":454,"column":32},"end":{"line":454,"column":92}},"188":{"start":{"line":460,"column":16},"end":{"line":460,"column":42}},"189":{"start":{"line":461,"column":16},"end":{"line":461,"column":63}},"190":{"start":{"line":463,"column":16},"end":{"line":463,"column":41}},"191":{"start":{"line":465,"column":15},"end":{"line":477,"column":9}},"192":{"start":{"line":466,"column":12},"end":{"line":466,"column":62}},"193":{"start":{"line":467,"column":12},"end":{"line":467,"column":57}},"194":{"start":{"line":468,"column":12},"end":{"line":476,"column":15}},"195":{"start":{"line":472,"column":32},"end":{"line":472,"column":47}},"196":{"start":{"line":474,"column":16},"end":{"line":474,"column":42}},"197":{"start":{"line":475,"column":16},"end":{"line":475,"column":65}},"198":{"start":{"line":481,"column":8},"end":{"line":485,"column":9}},"199":{"start":{"line":482,"column":12},"end":{"line":484,"column":13}},"200":{"start":{"line":483,"column":16},"end":{"line":483,"column":55}},"201":{"start":{"line":486,"column":8},"end":{"line":486,"column":23}},"202":{"start":{"line":492,"column":12},"end":{"line":492,"column":22}},"203":{"start":{"line":493,"column":8},"end":{"line":504,"column":9}},"204":{"start":{"line":494,"column":29},"end":{"line":494,"column":61}},"205":{"start":{"line":495,"column":12},"end":{"line":499,"column":13}},"206":{"start":{"line":496,"column":16},"end":{"line":496,"column":61}},"207":{"start":{"line":497,"column":19},"end":{"line":499,"column":13}},"208":{"start":{"line":498,"column":16},"end":{"line":498,"column":64}},"209":{"start":{"line":500,"column":12},"end":{"line":503,"column":14}},"210":{"start":{"line":505,"column":8},"end":{"line":516,"column":9}},"211":{"start":{"line":508,"column":12},"end":{"line":512,"column":14}},"212":{"start":{"line":514,"column":12},"end":{"line":515,"column":101}},"213":{"start":{"line":520,"column":8},"end":{"line":520,"column":28}},"214":{"start":{"line":524,"column":8},"end":{"line":526,"column":9}},"215":{"start":{"line":525,"column":12},"end":{"line":525,"column":60}},"216":{"start":{"line":536,"column":12},"end":{"line":536,"column":22}},"217":{"start":{"line":537,"column":8},"end":{"line":537,"column":35}},"218":{"start":{"line":538,"column":28},"end":{"line":542,"column":14}},"219":{"start":{"line":543,"column":32},"end":{"line":547,"column":14}},"220":{"start":{"line":548,"column":32},"end":{"line":551,"column":14}},"221":{"start":{"line":552,"column":8},"end":{"line":599,"column":9}},"222":{"start":{"line":603,"column":0},"end":{"line":611,"column":2}}},"fnMap":{"0":{"name":"(anonymous_0)","decl":{"start":{"line":23,"column":4},"end":{"line":23,"column":5}},"loc":{"start":{"line":23,"column":23},"end":{"line":45,"column":5}},"line":23},"1":{"name":"(anonymous_1)","decl":{"start":{"line":47,"column":4},"end":{"line":47,"column":5}},"loc":{"start":{"line":47,"column":26},"end":{"line":53,"column":5}},"line":47},"2":{"name":"(anonymous_2)","decl":{"start":{"line":50,"column":21},"end":{"line":50,"column":22}},"loc":{"start":{"line":50,"column":40},"end":{"line":52,"column":9}},"line":50},"3":{"name":"(anonymous_3)","decl":{"start":{"line":55,"column":4},"end":{"line":55,"column":5}},"loc":{"start":{"line":55,"column":21},"end":{"line":65,"column":5}},"line":55},"4":{"name":"(anonymous_4)","decl":{"start":{"line":67,"column":4},"end":{"line":67,"column":5}},"loc":{"start":{"line":67,"column":34},"end":{"line":77,"column":5}},"line":67},"5":{"name":"(anonymous_5)","decl":{"start":{"line":69,"column":29},"end":{"line":69,"column":30}},"loc":{"start":{"line":69,"column":48},"end":{"line":72,"column":9}},"line":69},"6":{"name":"(anonymous_6)","decl":{"start":{"line":79,"column":4},"end":{"line":79,"column":5}},"loc":{"start":{"line":79,"column":32},"end":{"line":89,"column":5}},"line":79},"7":{"name":"(anonymous_7)","decl":{"start":{"line":81,"column":29},"end":{"line":81,"column":30}},"loc":{"start":{"line":81,"column":48},"end":{"line":84,"column":9}},"line":81},"8":{"name":"(anonymous_8)","decl":{"start":{"line":91,"column":4},"end":{"line":91,"column":5}},"loc":{"start":{"line":91,"column":32},"end":{"line":102,"column":5}},"line":91},"9":{"name":"(anonymous_9)","decl":{"start":{"line":104,"column":4},"end":{"line":104,"column":5}},"loc":{"start":{"line":104,"column":30},"end":{"line":121,"column":5}},"line":104},"10":{"name":"(anonymous_10)","decl":{"start":{"line":106,"column":23},"end":{"line":106,"column":24}},"loc":{"start":{"line":106,"column":42},"end":{"line":110,"column":9}},"line":106},"11":{"name":"(anonymous_11)","decl":{"start":{"line":123,"column":4},"end":{"line":123,"column":5}},"loc":{"start":{"line":123,"column":27},"end":{"line":133,"column":5}},"line":123},"12":{"name":"(anonymous_12)","decl":{"start":{"line":126,"column":39},"end":{"line":126,"column":40}},"loc":{"start":{"line":126,"column":58},"end":{"line":129,"column":9}},"line":126},"13":{"name":"(anonymous_13)","decl":{"start":{"line":135,"column":4},"end":{"line":135,"column":5}},"loc":{"start":{"line":135,"column":15},"end":{"line":154,"column":5}},"line":135},"14":{"name":"(anonymous_14)","decl":{"start":{"line":156,"column":4},"end":{"line":156,"column":5}},"loc":{"start":{"line":156,"column":16},"end":{"line":167,"column":5}},"line":156},"15":{"name":"(anonymous_15)","decl":{"start":{"line":172,"column":4},"end":{"line":172,"column":5}},"loc":{"start":{"line":172,"column":17},"end":{"line":195,"column":5}},"line":172},"16":{"name":"(anonymous_16)","decl":{"start":{"line":186,"column":21},"end":{"line":186,"column":22}},"loc":{"start":{"line":186,"column":40},"end":{"line":193,"column":17}},"line":186},"17":{"name":"(anonymous_17)","decl":{"start":{"line":197,"column":4},"end":{"line":197,"column":5}},"loc":{"start":{"line":197,"column":27},"end":{"line":203,"column":5}},"line":197},"18":{"name":"(anonymous_18)","decl":{"start":{"line":205,"column":4},"end":{"line":205,"column":5}},"loc":{"start":{"line":205,"column":34},"end":{"line":364,"column":5}},"line":205},"19":{"name":"(anonymous_19)","decl":{"start":{"line":294,"column":33},"end":{"line":294,"column":34}},"loc":{"start":{"line":294,"column":44},"end":{"line":296,"column":29}},"line":294},"20":{"name":"(anonymous_20)","decl":{"start":{"line":366,"column":4},"end":{"line":366,"column":5}},"loc":{"start":{"line":366,"column":24},"end":{"line":374,"column":5}},"line":366},"21":{"name":"(anonymous_21)","decl":{"start":{"line":369,"column":30},"end":{"line":369,"column":31}},"loc":{"start":{"line":369,"column":39},"end":{"line":373,"column":9}},"line":369},"22":{"name":"(anonymous_22)","decl":{"start":{"line":376,"column":4},"end":{"line":376,"column":5}},"loc":{"start":{"line":376,"column":23},"end":{"line":384,"column":5}},"line":376},"23":{"name":"(anonymous_23)","decl":{"start":{"line":379,"column":30},"end":{"line":379,"column":31}},"loc":{"start":{"line":379,"column":39},"end":{"line":383,"column":9}},"line":379},"24":{"name":"(anonymous_24)","decl":{"start":{"line":386,"column":4},"end":{"line":386,"column":5}},"loc":{"start":{"line":386,"column":18},"end":{"line":478,"column":5}},"line":386},"25":{"name":"(anonymous_25)","decl":{"start":{"line":414,"column":20},"end":{"line":414,"column":21}},"loc":{"start":{"line":414,"column":32},"end":{"line":414,"column":47}},"line":414},"26":{"name":"(anonymous_26)","decl":{"start":{"line":414,"column":54},"end":{"line":414,"column":55}},"loc":{"start":{"line":414,"column":64},"end":{"line":427,"column":13}},"line":414},"27":{"name":"(anonymous_27)","decl":{"start":{"line":427,"column":21},"end":{"line":427,"column":22}},"loc":{"start":{"line":427,"column":28},"end":{"line":429,"column":13}},"line":427},"28":{"name":"(anonymous_28)","decl":{"start":{"line":444,"column":20},"end":{"line":444,"column":21}},"loc":{"start":{"line":444,"column":32},"end":{"line":444,"column":47}},"line":444},"29":{"name":"(anonymous_29)","decl":{"start":{"line":444,"column":54},"end":{"line":444,"column":55}},"loc":{"start":{"line":444,"column":64},"end":{"line":462,"column":13}},"line":444},"30":{"name":"(anonymous_30)","decl":{"start":{"line":462,"column":21},"end":{"line":462,"column":22}},"loc":{"start":{"line":462,"column":28},"end":{"line":464,"column":13}},"line":462},"31":{"name":"(anonymous_31)","decl":{"start":{"line":472,"column":20},"end":{"line":472,"column":21}},"loc":{"start":{"line":472,"column":32},"end":{"line":472,"column":47}},"line":472},"32":{"name":"(anonymous_32)","decl":{"start":{"line":472,"column":54},"end":{"line":472,"column":55}},"loc":{"start":{"line":472,"column":60},"end":{"line":476,"column":13}},"line":472},"33":{"name":"(anonymous_33)","decl":{"start":{"line":480,"column":4},"end":{"line":480,"column":5}},"loc":{"start":{"line":480,"column":34},"end":{"line":487,"column":5}},"line":480},"34":{"name":"(anonymous_34)","decl":{"start":{"line":489,"column":4},"end":{"line":489,"column":5}},"loc":{"start":{"line":489,"column":28},"end":{"line":517,"column":5}},"line":489},"35":{"name":"(anonymous_35)","decl":{"start":{"line":519,"column":4},"end":{"line":519,"column":5}},"loc":{"start":{"line":519,"column":23},"end":{"line":521,"column":5}},"line":519},"36":{"name":"(anonymous_36)","decl":{"start":{"line":523,"column":4},"end":{"line":523,"column":5}},"loc":{"start":{"line":523,"column":23},"end":{"line":527,"column":5}},"line":523},"37":{"name":"(anonymous_37)","decl":{"start":{"line":529,"column":4},"end":{"line":529,"column":5}},"loc":{"start":{"line":529,"column":13},"end":{"line":600,"column":5}},"line":529}},"branchMap":{"0":{"loc":{"start":{"line":25,"column":8},"end":{"line":27,"column":9}},"type":"if","locations":[{"start":{"line":25,"column":8},"end":{"line":27,"column":9}},{"start":{"line":25,"column":8},"end":{"line":27,"column":9}}],"line":25},"1":{"loc":{"start":{"line":28,"column":8},"end":{"line":30,"column":9}},"type":"if","locations":[{"start":{"line":28,"column":8},"end":{"line":30,"column":9}},{"start":{"line":28,"column":8},"end":{"line":30,"column":9}}],"line":28},"2":{"loc":{"start":{"line":57,"column":8},"end":{"line":63,"column":9}},"type":"if","locations":[{"start":{"line":57,"column":8},"end":{"line":63,"column":9}},{"start":{"line":57,"column":8},"end":{"line":63,"column":9}}],"line":57},"3":{"loc":{"start":{"line":59,"column":15},"end":{"line":63,"column":9}},"type":"if","locations":[{"start":{"line":59,"column":15},"end":{"line":63,"column":9}},{"start":{"line":59,"column":15},"end":{"line":63,"column":9}}],"line":59},"4":{"loc":{"start":{"line":61,"column":15},"end":{"line":63,"column":9}},"type":"if","locations":[{"start":{"line":61,"column":15},"end":{"line":63,"column":9}},{"start":{"line":61,"column":15},"end":{"line":63,"column":9}}],"line":61},"5":{"loc":{"start":{"line":73,"column":8},"end":{"line":75,"column":9}},"type":"if","locations":[{"start":{"line":73,"column":8},"end":{"line":75,"column":9}},{"start":{"line":73,"column":8},"end":{"line":75,"column":9}}],"line":73},"6":{"loc":{"start":{"line":85,"column":8},"end":{"line":87,"column":9}},"type":"if","locations":[{"start":{"line":85,"column":8},"end":{"line":87,"column":9}},{"start":{"line":85,"column":8},"end":{"line":87,"column":9}}],"line":85},"7":{"loc":{"start":{"line":92,"column":8},"end":{"line":98,"column":9}},"type":"if","locations":[{"start":{"line":92,"column":8},"end":{"line":98,"column":9}},{"start":{"line":92,"column":8},"end":{"line":98,"column":9}}],"line":92},"8":{"loc":{"start":{"line":93,"column":12},"end":{"line":95,"column":13}},"type":"if","locations":[{"start":{"line":93,"column":12},"end":{"line":95,"column":13}},{"start":{"line":93,"column":12},"end":{"line":95,"column":13}}],"line":93},"9":{"loc":{"start":{"line":99,"column":8},"end":{"line":101,"column":9}},"type":"if","locations":[{"start":{"line":99,"column":8},"end":{"line":101,"column":9}},{"start":{"line":99,"column":8},"end":{"line":101,"column":9}}],"line":99},"10":{"loc":{"start":{"line":107,"column":12},"end":{"line":109,"column":13}},"type":"if","locations":[{"start":{"line":107,"column":12},"end":{"line":109,"column":13}},{"start":{"line":107,"column":12},"end":{"line":109,"column":13}}],"line":107},"11":{"loc":{"start":{"line":107,"column":16},"end":{"line":107,"column":73}},"type":"binary-expr","locations":[{"start":{"line":107,"column":16},"end":{"line":107,"column":42}},{"start":{"line":107,"column":46},"end":{"line":107,"column":73}}],"line":107},"12":{"loc":{"start":{"line":138,"column":8},"end":{"line":141,"column":9}},"type":"if","locations":[{"start":{"line":138,"column":8},"end":{"line":141,"column":9}},{"start":{"line":138,"column":8},"end":{"line":141,"column":9}}],"line":138},"13":{"loc":{"start":{"line":138,"column":12},"end":{"line":139,"column":74}},"type":"binary-expr","locations":[{"start":{"line":138,"column":12},"end":{"line":138,"column":74}},{"start":{"line":139,"column":15},"end":{"line":139,"column":49}},{"start":{"line":139,"column":53},"end":{"line":139,"column":74}}],"line":138},"14":{"loc":{"start":{"line":142,"column":8},"end":{"line":149,"column":9}},"type":"if","locations":[{"start":{"line":142,"column":8},"end":{"line":149,"column":9}},{"start":{"line":142,"column":8},"end":{"line":149,"column":9}}],"line":142},"15":{"loc":{"start":{"line":142,"column":12},"end":{"line":147,"column":99}},"type":"binary-expr","locations":[{"start":{"line":142,"column":13},"end":{"line":142,"column":75}},{"start":{"line":143,"column":19},"end":{"line":143,"column":73}},{"start":{"line":145,"column":16},"end":{"line":145,"column":73}},{"start":{"line":146,"column":19},"end":{"line":146,"column":106}},{"start":{"line":147,"column":19},"end":{"line":147,"column":98}}],"line":142},"16":{"loc":{"start":{"line":159,"column":18},"end":{"line":159,"column":77}},"type":"cond-expr","locations":[{"start":{"line":159,"column":58},"end":{"line":159,"column":60}},{"start":{"line":159,"column":63},"end":{"line":159,"column":77}}],"line":159},"17":{"loc":{"start":{"line":159,"column":19},"end":{"line":159,"column":54}},"type":"binary-expr","locations":[{"start":{"line":159,"column":19},"end":{"line":159,"column":29}},{"start":{"line":159,"column":33},"end":{"line":159,"column":54}}],"line":159},"18":{"loc":{"start":{"line":173,"column":8},"end":{"line":194,"column":9}},"type":"if","locations":[{"start":{"line":173,"column":8},"end":{"line":194,"column":9}},{"start":{"line":173,"column":8},"end":{"line":194,"column":9}}],"line":173},"19":{"loc":{"start":{"line":179,"column":16},"end":{"line":181,"column":17}},"type":"if","locations":[{"start":{"line":179,"column":16},"end":{"line":181,"column":17}},{"start":{"line":179,"column":16},"end":{"line":181,"column":17}}],"line":179},"20":{"loc":{"start":{"line":179,"column":20},"end":{"line":179,"column":75}},"type":"binary-expr","locations":[{"start":{"line":179,"column":20},"end":{"line":179,"column":45}},{"start":{"line":179,"column":49},"end":{"line":179,"column":75}}],"line":179},"21":{"loc":{"start":{"line":187,"column":20},"end":{"line":192,"column":21}},"type":"if","locations":[{"start":{"line":187,"column":20},"end":{"line":192,"column":21}},{"start":{"line":187,"column":20},"end":{"line":192,"column":21}}],"line":187},"22":{"loc":{"start":{"line":190,"column":27},"end":{"line":192,"column":21}},"type":"if","locations":[{"start":{"line":190,"column":27},"end":{"line":192,"column":21}},{"start":{"line":190,"column":27},"end":{"line":192,"column":21}}],"line":190},"23":{"loc":{"start":{"line":214,"column":8},"end":{"line":231,"column":9}},"type":"if","locations":[{"start":{"line":214,"column":8},"end":{"line":231,"column":9}},{"start":{"line":214,"column":8},"end":{"line":231,"column":9}}],"line":214},"24":{"loc":{"start":{"line":214,"column":12},"end":{"line":214,"column":56}},"type":"binary-expr","locations":[{"start":{"line":214,"column":12},"end":{"line":214,"column":31}},{"start":{"line":214,"column":35},"end":{"line":214,"column":56}}],"line":214},"25":{"loc":{"start":{"line":217,"column":12},"end":{"line":230,"column":13}},"type":"if","locations":[{"start":{"line":217,"column":12},"end":{"line":230,"column":13}},{"start":{"line":217,"column":12},"end":{"line":230,"column":13}}],"line":217},"26":{"loc":{"start":{"line":218,"column":16},"end":{"line":226,"column":17}},"type":"if","locations":[{"start":{"line":218,"column":16},"end":{"line":226,"column":17}},{"start":{"line":218,"column":16},"end":{"line":226,"column":17}}],"line":218},"27":{"loc":{"start":{"line":221,"column":20},"end":{"line":225,"column":21}},"type":"if","locations":[{"start":{"line":221,"column":20},"end":{"line":225,"column":21}},{"start":{"line":221,"column":20},"end":{"line":225,"column":21}}],"line":221},"28":{"loc":{"start":{"line":227,"column":19},"end":{"line":230,"column":13}},"type":"if","locations":[{"start":{"line":227,"column":19},"end":{"line":230,"column":13}},{"start":{"line":227,"column":19},"end":{"line":230,"column":13}}],"line":227},"29":{"loc":{"start":{"line":227,"column":23},"end":{"line":228,"column":78}},"type":"binary-expr","locations":[{"start":{"line":227,"column":23},"end":{"line":227,"column":63}},{"start":{"line":228,"column":19},"end":{"line":228,"column":78}}],"line":227},"30":{"loc":{"start":{"line":234,"column":8},"end":{"line":245,"column":9}},"type":"if","locations":[{"start":{"line":234,"column":8},"end":{"line":245,"column":9}},{"start":{"line":234,"column":8},"end":{"line":245,"column":9}}],"line":234},"31":{"loc":{"start":{"line":237,"column":16},"end":{"line":243,"column":17}},"type":"if","locations":[{"start":{"line":237,"column":16},"end":{"line":243,"column":17}},{"start":{"line":237,"column":16},"end":{"line":243,"column":17}}],"line":237},"32":{"loc":{"start":{"line":239,"column":24},"end":{"line":241,"column":25}},"type":"if","locations":[{"start":{"line":239,"column":24},"end":{"line":241,"column":25}},{"start":{"line":239,"column":24},"end":{"line":241,"column":25}}],"line":239},"33":{"loc":{"start":{"line":249,"column":8},"end":{"line":362,"column":9}},"type":"switch","locations":[{"start":{"line":251,"column":12},"end":{"line":251,"column":43}},{"start":{"line":252,"column":12},"end":{"line":252,"column":45}},{"start":{"line":253,"column":12},"end":{"line":253,"column":44}},{"start":{"line":254,"column":12},"end":{"line":265,"column":22}},{"start":{"line":266,"column":12},"end":{"line":266,"column":44}},{"start":{"line":267,"column":12},"end":{"line":267,"column":43}},{"start":{"line":268,"column":12},"end":{"line":268,"column":47}},{"start":{"line":269,"column":12},"end":{"line":269,"column":45}},{"start":{"line":270,"column":12},"end":{"line":270,"column":44}},{"start":{"line":271,"column":12},"end":{"line":271,"column":45}},{"start":{"line":272,"column":12},"end":{"line":272,"column":43}},{"start":{"line":273,"column":12},"end":{"line":273,"column":42}},{"start":{"line":274,"column":12},"end":{"line":274,"column":42}},{"start":{"line":275,"column":12},"end":{"line":275,"column":44}},{"start":{"line":276,"column":12},"end":{"line":287,"column":22}},{"start":{"line":288,"column":12},"end":{"line":304,"column":22}},{"start":{"line":305,"column":12},"end":{"line":336,"column":22}},{"start":{"line":337,"column":12},"end":{"line":348,"column":22}},{"start":{"line":349,"column":12},"end":{"line":349,"column":47}},{"start":{"line":350,"column":12},"end":{"line":361,"column":22}}],"line":249},"34":{"loc":{"start":{"line":306,"column":16},"end":{"line":335,"column":17}},"type":"if","locations":[{"start":{"line":306,"column":16},"end":{"line":335,"column":17}},{"start":{"line":306,"column":16},"end":{"line":335,"column":17}}],"line":306},"35":{"loc":{"start":{"line":306,"column":20},"end":{"line":307,"column":81}},"type":"binary-expr","locations":[{"start":{"line":306,"column":20},"end":{"line":306,"column":71}},{"start":{"line":307,"column":23},"end":{"line":307,"column":81}}],"line":306},"36":{"loc":{"start":{"line":370,"column":12},"end":{"line":372,"column":13}},"type":"if","locations":[{"start":{"line":370,"column":12},"end":{"line":372,"column":13}},{"start":{"line":370,"column":12},"end":{"line":372,"column":13}}],"line":370},"37":{"loc":{"start":{"line":370,"column":16},"end":{"line":370,"column":95}},"type":"binary-expr","locations":[{"start":{"line":370,"column":16},"end":{"line":370,"column":37}},{"start":{"line":370,"column":41},"end":{"line":370,"column":95}}],"line":370},"38":{"loc":{"start":{"line":380,"column":12},"end":{"line":382,"column":13}},"type":"if","locations":[{"start":{"line":380,"column":12},"end":{"line":382,"column":13}},{"start":{"line":380,"column":12},"end":{"line":382,"column":13}}],"line":380},"39":{"loc":{"start":{"line":380,"column":16},"end":{"line":380,"column":94}},"type":"binary-expr","locations":[{"start":{"line":380,"column":16},"end":{"line":380,"column":37}},{"start":{"line":380,"column":41},"end":{"line":380,"column":94}}],"line":380},"40":{"loc":{"start":{"line":400,"column":8},"end":{"line":477,"column":9}},"type":"if","locations":[{"start":{"line":400,"column":8},"end":{"line":477,"column":9}},{"start":{"line":400,"column":8},"end":{"line":477,"column":9}}],"line":400},"41":{"loc":{"start":{"line":403,"column":12},"end":{"line":405,"column":13}},"type":"if","locations":[{"start":{"line":403,"column":12},"end":{"line":405,"column":13}},{"start":{"line":403,"column":12},"end":{"line":405,"column":13}}],"line":403},"42":{"loc":{"start":{"line":406,"column":12},"end":{"line":408,"column":13}},"type":"if","locations":[{"start":{"line":406,"column":12},"end":{"line":408,"column":13}},{"start":{"line":406,"column":12},"end":{"line":408,"column":13}}],"line":406},"43":{"loc":{"start":{"line":415,"column":16},"end":{"line":417,"column":17}},"type":"if","locations":[{"start":{"line":415,"column":16},"end":{"line":417,"column":17}},{"start":{"line":415,"column":16},"end":{"line":417,"column":17}}],"line":415},"44":{"loc":{"start":{"line":420,"column":20},"end":{"line":422,"column":21}},"type":"if","locations":[{"start":{"line":420,"column":20},"end":{"line":422,"column":21}},{"start":{"line":420,"column":20},"end":{"line":422,"column":21}}],"line":420},"45":{"loc":{"start":{"line":430,"column":15},"end":{"line":477,"column":9}},"type":"if","locations":[{"start":{"line":430,"column":15},"end":{"line":477,"column":9}},{"start":{"line":430,"column":15},"end":{"line":477,"column":9}}],"line":430},"46":{"loc":{"start":{"line":435,"column":16},"end":{"line":437,"column":17}},"type":"if","locations":[{"start":{"line":435,"column":16},"end":{"line":437,"column":17}},{"start":{"line":435,"column":16},"end":{"line":437,"column":17}}],"line":435},"47":{"loc":{"start":{"line":445,"column":16},"end":{"line":449,"column":17}},"type":"if","locations":[{"start":{"line":445,"column":16},"end":{"line":449,"column":17}},{"start":{"line":445,"column":16},"end":{"line":449,"column":17}}],"line":445},"48":{"loc":{"start":{"line":445,"column":20},"end":{"line":447,"column":98}},"type":"binary-expr","locations":[{"start":{"line":445,"column":20},"end":{"line":445,"column":86}},{"start":{"line":446,"column":23},"end":{"line":446,"column":92}},{"start":{"line":447,"column":23},"end":{"line":447,"column":98}}],"line":445},"49":{"loc":{"start":{"line":451,"column":20},"end":{"line":457,"column":21}},"type":"if","locations":[{"start":{"line":451,"column":20},"end":{"line":457,"column":21}},{"start":{"line":451,"column":20},"end":{"line":457,"column":21}}],"line":451},"50":{"loc":{"start":{"line":453,"column":28},"end":{"line":455,"column":29}},"type":"if","locations":[{"start":{"line":453,"column":28},"end":{"line":455,"column":29}},{"start":{"line":453,"column":28},"end":{"line":455,"column":29}}],"line":453},"51":{"loc":{"start":{"line":465,"column":15},"end":{"line":477,"column":9}},"type":"if","locations":[{"start":{"line":465,"column":15},"end":{"line":477,"column":9}},{"start":{"line":465,"column":15},"end":{"line":477,"column":9}}],"line":465},"52":{"loc":{"start":{"line":482,"column":12},"end":{"line":484,"column":13}},"type":"if","locations":[{"start":{"line":482,"column":12},"end":{"line":484,"column":13}},{"start":{"line":482,"column":12},"end":{"line":484,"column":13}}],"line":482},"53":{"loc":{"start":{"line":493,"column":8},"end":{"line":504,"column":9}},"type":"if","locations":[{"start":{"line":493,"column":8},"end":{"line":504,"column":9}},{"start":{"line":493,"column":8},"end":{"line":504,"column":9}}],"line":493},"54":{"loc":{"start":{"line":495,"column":12},"end":{"line":499,"column":13}},"type":"if","locations":[{"start":{"line":495,"column":12},"end":{"line":499,"column":13}},{"start":{"line":495,"column":12},"end":{"line":499,"column":13}}],"line":495},"55":{"loc":{"start":{"line":497,"column":19},"end":{"line":499,"column":13}},"type":"if","locations":[{"start":{"line":497,"column":19},"end":{"line":499,"column":13}},{"start":{"line":497,"column":19},"end":{"line":499,"column":13}}],"line":497},"56":{"loc":{"start":{"line":505,"column":8},"end":{"line":516,"column":9}},"type":"if","locations":[{"start":{"line":505,"column":8},"end":{"line":516,"column":9}},{"start":{"line":505,"column":8},"end":{"line":516,"column":9}}],"line":505},"57":{"loc":{"start":{"line":505,"column":12},"end":{"line":507,"column":75}},"type":"binary-expr","locations":[{"start":{"line":505,"column":12},"end":{"line":505,"column":57}},{"start":{"line":506,"column":15},"end":{"line":506,"column":71}},{"start":{"line":507,"column":15},"end":{"line":507,"column":75}}],"line":505},"58":{"loc":{"start":{"line":524,"column":8},"end":{"line":526,"column":9}},"type":"if","locations":[{"start":{"line":524,"column":8},"end":{"line":526,"column":9}},{"start":{"line":524,"column":8},"end":{"line":526,"column":9}}],"line":524},"59":{"loc":{"start":{"line":524,"column":12},"end":{"line":524,"column":86}},"type":"binary-expr","locations":[{"start":{"line":524,"column":12},"end":{"line":524,"column":51}},{"start":{"line":524,"column":55},"end":{"line":524,"column":86}}],"line":524}},"s":{"0":1,"1":1,"2":1,"3":1,"4":7,"5":7,"6":0,"7":7,"8":0,"9":7,"10":7,"11":7,"12":7,"13":7,"14":7,"15":7,"16":7,"17":9,"18":9,"19":9,"20":65,"21":21,"22":21,"23":11,"24":10,"25":5,"26":5,"27":5,"28":21,"29":11,"30":11,"31":77,"32":77,"33":11,"34":0,"35":11,"36":5,"37":5,"38":35,"39":35,"40":5,"41":0,"42":5,"43":112,"44":0,"45":0,"46":0,"47":0,"48":112,"49":0,"50":0,"51":0,"52":0,"53":0,"54":0,"55":0,"56":0,"57":0,"58":0,"59":5,"60":5,"61":5,"62":5,"63":5,"64":5,"65":5,"66":5,"67":5,"68":1,"69":1,"70":1,"71":0,"72":1,"73":1,"74":1,"75":2,"76":2,"77":2,"78":2,"79":5,"80":0,"81":0,"82":0,"83":0,"84":0,"85":0,"86":0,"87":0,"88":0,"89":0,"90":0,"91":0,"92":112,"93":112,"94":112,"95":112,"96":112,"97":112,"98":112,"99":112,"100":0,"101":112,"102":28,"103":0,"104":28,"105":0,"106":28,"107":84,"108":4,"109":112,"110":112,"111":16,"112":16,"113":16,"114":16,"115":16,"116":16,"117":112,"118":112,"119":112,"120":32,"121":32,"122":16,"123":16,"124":16,"125":1,"126":16,"127":16,"128":0,"129":16,"130":16,"131":16,"132":16,"133":16,"134":16,"135":112,"136":7,"137":7,"138":21,"139":5,"140":5,"141":5,"142":15,"143":3,"144":6,"145":6,"146":6,"147":6,"148":6,"149":6,"150":6,"151":6,"152":6,"153":3,"154":3,"155":3,"156":1,"157":3,"158":1,"159":3,"160":3,"161":3,"162":3,"163":1,"164":2,"165":18,"166":18,"167":2,"168":2,"169":2,"170":1,"171":3,"172":2,"173":2,"174":2,"175":2,"176":2,"177":2,"178":2,"179":2,"180":2,"181":2,"182":1,"183":1,"184":1,"185":1,"186":9,"187":9,"188":1,"189":1,"190":1,"191":1,"192":1,"193":1,"194":1,"195":1,"196":1,"197":1,"198":7,"199":9,"200":9,"201":7,"202":10,"203":10,"204":3,"205":3,"206":1,"207":2,"208":2,"209":3,"210":7,"211":6,"212":1,"213":1,"214":1,"215":0,"216":11,"217":11,"218":11,"219":11,"220":11,"221":11,"222":1},"f":{"0":7,"1":9,"2":65,"3":21,"4":11,"5":77,"6":5,"7":35,"8":112,"9":0,"10":0,"11":5,"12":5,"13":1,"14":2,"15":5,"16":0,"17":0,"18":112,"19":1,"20":7,"21":21,"22":5,"23":15,"24":6,"25":3,"26":3,"27":1,"28":2,"29":2,"30":1,"31":1,"32":1,"33":7,"34":10,"35":1,"36":1,"37":11},"b":{"0":[0,7],"1":[0,7],"2":[11,10],"3":[5,5],"4":[5,0],"5":[0,11],"6":[0,5],"7":[0,112],"8":[0,0],"9":[0,112],"10":[0,0],"11":[0,0],"12":[0,1],"13":[1,1,0],"14":[1,0],"15":[1,1,0,0,0],"16":[0,2],"17":[2,0],"18":[0,5],"19":[0,0],"20":[0,0],"21":[0,0],"22":[0,0],"23":[0,112],"24":[112,0],"25":[28,84],"26":[0,28],"27":[0,28],"28":[4,80],"29":[84,70],"30":[16,96],"31":[16,0],"32":[16,0],"33":[16,32,32,32,0,16,16,16,16,16,16,16,16,16,16,16,16,16,16,16],"34":[0,16],"35":[16,0],"36":[5,16],"37":[21,6],"38":[3,12],"39":[15,4],"40":[3,3],"41":[1,2],"42":[1,2],"43":[1,2],"44":[18,0],"45":[2,1],"46":[2,0],"47":[1,1],"48":[2,1,1],"49":[1,0],"50":[9,0],"51":[1,0],"52":[9,0],"53":[3,7],"54":[1,2],"55":[2,0],"56":[6,1],"57":[7,7,6],"58":[0,1],"59":[1,1]},"_coverageSchema":"332fd63041d2c1bcb487cc26dd0d5f7d97098a6c","hash":"42deab00db0f49dc1b212ee6ad67fa06dd172d5b"}
,"/Users/arthurkushman/www/gigatables-react/src/components/form/fields/CheckRadio.js": {"path":"/Users/arthurkushman/www/gigatables-react/src/components/form/fields/CheckRadio.js","statementMap":{"0":{"start":{"line":15,"column":12},"end":{"line":15,"column":22}},"1":{"start":{"line":17,"column":21},"end":{"line":17,"column":33}},"2":{"start":{"line":18,"column":22},"end":{"line":18,"column":24}},"3":{"start":{"line":18,"column":32},"end":{"line":18,"column":34}},"4":{"start":{"line":20,"column":17},"end":{"line":20,"column":39}},"5":{"start":{"line":21,"column":8},"end":{"line":38,"column":9}},"6":{"start":{"line":22,"column":12},"end":{"line":37,"column":13}},"7":{"start":{"line":23,"column":16},"end":{"line":36,"column":17}},"8":{"start":{"line":24,"column":20},"end":{"line":35,"column":21}},"9":{"start":{"line":25,"column":24},"end":{"line":25,"column":52}},"10":{"start":{"line":26,"column":24},"end":{"line":34,"column":62}},"11":{"start":{"line":39,"column":8},"end":{"line":44,"column":10}},"12":{"start":{"line":48,"column":0},"end":{"line":56,"column":2}}},"fnMap":{"0":{"name":"(anonymous_0)","decl":{"start":{"line":6,"column":4},"end":{"line":6,"column":5}},"loc":{"start":{"line":6,"column":13},"end":{"line":45,"column":5}},"line":6}},"branchMap":{"0":{"loc":{"start":{"line":22,"column":12},"end":{"line":37,"column":13}},"type":"if","locations":[{"start":{"line":22,"column":12},"end":{"line":37,"column":13}},{"start":{"line":22,"column":12},"end":{"line":37,"column":13}}],"line":22},"1":{"loc":{"start":{"line":24,"column":20},"end":{"line":35,"column":21}},"type":"if","locations":[{"start":{"line":24,"column":20},"end":{"line":35,"column":21}},{"start":{"line":24,"column":20},"end":{"line":35,"column":21}}],"line":24},"2":{"loc":{"start":{"line":27,"column":51},"end":{"line":27,"column":74}},"type":"cond-expr","locations":[{"start":{"line":27,"column":69},"end":{"line":27,"column":70}},{"start":{"line":27,"column":73},"end":{"line":27,"column":74}}],"line":27}},"s":{"0":1,"1":1,"2":1,"3":1,"4":1,"5":1,"6":2,"7":2,"8":2,"9":2,"10":2,"11":1,"12":1},"f":{"0":1},"b":{"0":[2,0],"1":[2,0],"2":[0,2]},"_coverageSchema":"332fd63041d2c1bcb487cc26dd0d5f7d97098a6c","hash":"0146e36c36a76f95b5b6c110810644c77690e564"}
,"/Users/arthurkushman/www/gigatables-react/src/components/form/fields/HTML5Input.js": {"path":"/Users/arthurkushman/www/gigatables-react/src/components/form/fields/HTML5Input.js","statementMap":{"0":{"start":{"line":14,"column":12},"end":{"line":14,"column":22}},"1":{"start":{"line":15,"column":8},"end":{"line":33,"column":10}},"2":{"start":{"line":37,"column":0},"end":{"line":44,"column":2}}},"fnMap":{"0":{"name":"(anonymous_0)","decl":{"start":{"line":6,"column":4},"end":{"line":6,"column":5}},"loc":{"start":{"line":6,"column":13},"end":{"line":34,"column":5}},"line":6}},"branchMap":{},"s":{"0":1,"1":1,"2":1},"f":{"0":1},"b":{},"_coverageSchema":"332fd63041d2c1bcb487cc26dd0d5f7d97098a6c","hash":"a28b5df4f78eac37801d21900c2215c5c42c392f"}
,"/Users/arthurkushman/www/gigatables-react/src/components/form/fields/Input.js": {"path":"/Users/arthurkushman/www/gigatables-react/src/components/form/fields/Input.js","statementMap":{"0":{"start":{"line":4,"column":24},"end":{"line":4,"column":56}},"1":{"start":{"line":18,"column":12},"end":{"line":18,"column":22}},"2":{"start":{"line":19,"column":8},"end":{"line":35,"column":10}},"3":{"start":{"line":39,"column":0},"end":{"line":48,"column":2}}},"fnMap":{"0":{"name":"(anonymous_0)","decl":{"start":{"line":7,"column":4},"end":{"line":7,"column":5}},"loc":{"start":{"line":7,"column":13},"end":{"line":36,"column":5}},"line":7}},"branchMap":{"0":{"loc":{"start":{"line":22,"column":37},"end":{"line":22,"column":90}},"type":"cond-expr","locations":[{"start":{"line":22,"column":78},"end":{"line":22,"column":83}},{"start":{"line":22,"column":86},"end":{"line":22,"column":90}}],"line":22}},"s":{"0":1,"1":2,"2":2,"3":1},"f":{"0":2},"b":{"0":[1,1]},"_coverageSchema":"332fd63041d2c1bcb487cc26dd0d5f7d97098a6c","hash":"1608c2879d8ccefa43f152799ca3a0f70e57198b"}
,"/Users/arthurkushman/www/gigatables-react/src/components/form/fields/Select.js": {"path":"/Users/arthurkushman/www/gigatables-react/src/components/form/fields/Select.js","statementMap":{"0":{"start":{"line":15,"column":12},"end":{"line":15,"column":22}},"1":{"start":{"line":17,"column":21},"end":{"line":17,"column":33}},"2":{"start":{"line":18,"column":22},"end":{"line":18,"column":24}},"3":{"start":{"line":18,"column":32},"end":{"line":18,"column":34}},"4":{"start":{"line":19,"column":8},"end":{"line":28,"column":9}},"5":{"start":{"line":20,"column":12},"end":{"line":27,"column":13}},"6":{"start":{"line":21,"column":16},"end":{"line":26,"column":17}},"7":{"start":{"line":22,"column":20},"end":{"line":25,"column":21}},"8":{"start":{"line":23,"column":24},"end":{"line":23,"column":52}},"9":{"start":{"line":24,"column":24},"end":{"line":24,"column":113}},"10":{"start":{"line":29,"column":8},"end":{"line":44,"column":10}},"11":{"start":{"line":48,"column":0},"end":{"line":55,"column":2}}},"fnMap":{"0":{"name":"(anonymous_0)","decl":{"start":{"line":6,"column":4},"end":{"line":6,"column":5}},"loc":{"start":{"line":6,"column":13},"end":{"line":45,"column":5}},"line":6}},"branchMap":{"0":{"loc":{"start":{"line":20,"column":12},"end":{"line":27,"column":13}},"type":"if","locations":[{"start":{"line":20,"column":12},"end":{"line":27,"column":13}},{"start":{"line":20,"column":12},"end":{"line":27,"column":13}}],"line":20},"1":{"loc":{"start":{"line":22,"column":20},"end":{"line":25,"column":21}},"type":"if","locations":[{"start":{"line":22,"column":20},"end":{"line":25,"column":21}},{"start":{"line":22,"column":20},"end":{"line":25,"column":21}}],"line":22}},"s":{"0":1,"1":1,"2":1,"3":1,"4":1,"5":2,"6":2,"7":2,"8":2,"9":2,"10":1,"11":1},"f":{"0":1},"b":{"0":[2,0],"1":[2,0]},"_coverageSchema":"332fd63041d2c1bcb487cc26dd0d5f7d97098a6c","hash":"04a737086b13bd18788da55b2b6089acf24f24da"}
,"/Users/arthurkushman/www/gigatables-react/src/components/form/fields/TextArea.js": {"path":"/Users/arthurkushman/www/gigatables-react/src/components/form/fields/TextArea.js","statementMap":{"0":{"start":{"line":16,"column":12},"end":{"line":16,"column":22}},"1":{"start":{"line":17,"column":8},"end":{"line":35,"column":10}},"2":{"start":{"line":39,"column":0},"end":{"line":47,"column":2}}},"fnMap":{"0":{"name":"(anonymous_0)","decl":{"start":{"line":6,"column":4},"end":{"line":6,"column":5}},"loc":{"start":{"line":6,"column":13},"end":{"line":36,"column":5}},"line":6}},"branchMap":{},"s":{"0":1,"1":1,"2":1},"f":{"0":1},"b":{},"_coverageSchema":"332fd63041d2c1bcb487cc26dd0d5f7d97098a6c","hash":"05b4c0574ab0ee967c617322497380c6cd5550d7"}
,"/Users/arthurkushman/www/gigatables-react/src/components/form/fields/TextEditor.js": {"path":"/Users/arthurkushman/www/gigatables-react/src/components/form/fields/TextEditor.js","statementMap":{"0":{"start":{"line":7,"column":8},"end":{"line":7,"column":21}},"1":{"start":{"line":8,"column":8},"end":{"line":10,"column":10}},"2":{"start":{"line":14,"column":8},"end":{"line":14,"column":31}},"3":{"start":{"line":15,"column":8},"end":{"line":22,"column":9}},"4":{"start":{"line":19,"column":12},"end":{"line":21,"column":14}},"5":{"start":{"line":32,"column":12},"end":{"line":32,"column":22}},"6":{"start":{"line":33,"column":8},"end":{"line":49,"column":10}}},"fnMap":{"0":{"name":"(anonymous_0)","decl":{"start":{"line":6,"column":4},"end":{"line":6,"column":5}},"loc":{"start":{"line":6,"column":23},"end":{"line":11,"column":5}},"line":6},"1":{"name":"(anonymous_1)","decl":{"start":{"line":13,"column":15},"end":{"line":13,"column":16}},"loc":{"start":{"line":13,"column":26},"end":{"line":23,"column":5}},"line":13},"2":{"name":"(anonymous_2)","decl":{"start":{"line":25,"column":4},"end":{"line":25,"column":5}},"loc":{"start":{"line":25,"column":13},"end":{"line":50,"column":5}},"line":25}},"branchMap":{"0":{"loc":{"start":{"line":15,"column":8},"end":{"line":22,"column":9}},"type":"if","locations":[{"start":{"line":15,"column":8},"end":{"line":22,"column":9}},{"start":{"line":15,"column":8},"end":{"line":22,"column":9}}],"line":15}},"s":{"0":0,"1":0,"2":0,"3":0,"4":0,"5":0,"6":0},"f":{"0":0,"1":0,"2":0},"b":{"0":[0,0]},"_coverageSchema":"332fd63041d2c1bcb487cc26dd0d5f7d97098a6c","hash":"9bba331a4a66e72aec400abe201baf73643b2b55"}
}
