{"/srv/gigatables_react/src/components/CommonConstants.js": {"path":"/srv/gigatables_react/src/components/CommonConstants.js","statementMap":{"0":{"start":{"line":1,"column":0},"end":{"line":54,"column":2}}},"fnMap":{},"branchMap":{},"s":{"0":5},"f":{},"b":{},"_coverageSchema":"332fd63041d2c1bcb487cc26dd0d5f7d97098a6c","hash":"70adf6e9c1626b310a13415ddebd3e31016265e1"}
,"/srv/gigatables_react/src/components/EditorConstants.js": {"path":"/srv/gigatables_react/src/components/EditorConstants.js","statementMap":{"0":{"start":{"line":1,"column":0},"end":{"line":40,"column":2}}},"fnMap":{},"branchMap":{},"s":{"0":4},"f":{},"b":{},"_coverageSchema":"332fd63041d2c1bcb487cc26dd0d5f7d97098a6c","hash":"3020dec867e15856daef14410baaf0fd77f11583"}
,"/srv/gigatables_react/src/components/Exceptions.js": {"path":"/srv/gigatables_react/src/components/Exceptions.js","statementMap":{"0":{"start":{"line":1,"column":22},"end":{"line":5,"column":1}},"1":{"start":{"line":3,"column":2},"end":{"line":3,"column":25}},"2":{"start":{"line":4,"column":2},"end":{"line":4,"column":30}},"3":{"start":{"line":6,"column":24},"end":{"line":10,"column":1}},"4":{"start":{"line":8,"column":2},"end":{"line":8,"column":25}},"5":{"start":{"line":9,"column":2},"end":{"line":9,"column":32}}},"fnMap":{"0":{"name":"(anonymous_0)","decl":{"start":{"line":1,"column":22},"end":{"line":1,"column":23}},"loc":{"start":{"line":2,"column":0},"end":{"line":5,"column":1}}},"1":{"name":"(anonymous_1)","decl":{"start":{"line":6,"column":24},"end":{"line":6,"column":25}},"loc":{"start":{"line":7,"column":0},"end":{"line":10,"column":1}}}},"branchMap":{},"s":{"0":1,"1":0,"2":0,"3":1,"4":0,"5":0},"f":{"0":0,"1":0},"b":{},"_coverageSchema":"332fd63041d2c1bcb487cc26dd0d5f7d97098a6c","hash":"99bd5eb8750e25116e657e0d389366af715cad23"}
,"/srv/gigatables_react/src/components/Lang.js": {"path":"/srv/gigatables_react/src/components/Lang.js","statementMap":{"0":{"start":{"line":1,"column":0},"end":{"line":135,"column":1}}},"fnMap":{},"branchMap":{},"s":{"0":4},"f":{},"b":{},"_coverageSchema":"332fd63041d2c1bcb487cc26dd0d5f7d97098a6c","hash":"4e28627d2845770a55a8a24db4def76bb0c6a1ce"}
,"/srv/gigatables_react/src/components/form/Button.js": {"path":"/srv/gigatables_react/src/components/form/Button.js","statementMap":{"0":{"start":{"line":8,"column":4},"end":{"line":8,"column":17}},"1":{"start":{"line":9,"column":4},"end":{"line":9,"column":43}},"2":{"start":{"line":13,"column":26},"end":{"line":13,"column":36}},"3":{"start":{"line":14,"column":4},"end":{"line":14,"column":28}},"4":{"start":{"line":18,"column":4},"end":{"line":19,"column":48}},"5":{"start":{"line":24,"column":41},"end":{"line":24,"column":51}},"6":{"start":{"line":25,"column":24},"end":{"line":28,"column":6}},"7":{"start":{"line":29,"column":4},"end":{"line":39,"column":5}},"8":{"start":{"line":43,"column":0},"end":{"line":47,"column":2}}},"fnMap":{"0":{"name":"(anonymous_0)","decl":{"start":{"line":7,"column":2},"end":{"line":7,"column":3}},"loc":{"start":{"line":7,"column":21},"end":{"line":10,"column":3}}},"1":{"name":"(anonymous_1)","decl":{"start":{"line":12,"column":2},"end":{"line":12,"column":3}},"loc":{"start":{"line":12,"column":18},"end":{"line":15,"column":3}}},"2":{"name":"(anonymous_2)","decl":{"start":{"line":17,"column":2},"end":{"line":17,"column":3}},"loc":{"start":{"line":17,"column":35},"end":{"line":20,"column":3}}},"3":{"name":"(anonymous_3)","decl":{"start":{"line":22,"column":2},"end":{"line":22,"column":3}},"loc":{"start":{"line":23,"column":2},"end":{"line":40,"column":3}}}},"branchMap":{"0":{"loc":{"start":{"line":18,"column":11},"end":{"line":19,"column":47}},"type":"binary-expr","locations":[{"start":{"line":18,"column":11},"end":{"line":18,"column":49}},{"start":{"line":19,"column":9},"end":{"line":19,"column":47}}]},"1":{"loc":{"start":{"line":33,"column":17},"end":{"line":33,"column":58}},"type":"cond-expr","locations":[{"start":{"line":33,"column":38},"end":{"line":33,"column":50}},{"start":{"line":33,"column":53},"end":{"line":33,"column":58}}]}},"s":{"0":3,"1":3,"2":1,"3":1,"4":1,"5":3,"6":3,"7":3,"8":2},"f":{"0":3,"1":1,"2":1,"3":3},"b":{"0":[1,1],"1":[0,3]},"_coverageSchema":"332fd63041d2c1bcb487cc26dd0d5f7d97098a6c","hash":"d4bc84c2170d5f28f7027704e7a8d329d2fd69d9"}
,"/srv/gigatables_react/src/components/form/Editor.js": {"path":"/srv/gigatables_react/src/components/form/Editor.js","statementMap":{"0":{"start":{"line":16,"column":24},"end":{"line":16,"column":53}},"1":{"start":{"line":17,"column":24},"end":{"line":17,"column":53}},"2":{"start":{"line":18,"column":13},"end":{"line":18,"column":31}},"3":{"start":{"line":19,"column":17},"end":{"line":19,"column":41}},"4":{"start":{"line":23,"column":8},"end":{"line":23,"column":21}},"5":{"start":{"line":24,"column":8},"end":{"line":26,"column":9}},"6":{"start":{"line":25,"column":12},"end":{"line":25,"column":76}},"7":{"start":{"line":27,"column":8},"end":{"line":29,"column":9}},"8":{"start":{"line":28,"column":12},"end":{"line":28,"column":98}},"9":{"start":{"line":30,"column":8},"end":{"line":30,"column":37}},"10":{"start":{"line":31,"column":8},"end":{"line":37,"column":10}},"11":{"start":{"line":38,"column":8},"end":{"line":38,"column":30}},"12":{"start":{"line":39,"column":8},"end":{"line":39,"column":35}},"13":{"start":{"line":40,"column":8},"end":{"line":40,"column":30}},"14":{"start":{"line":41,"column":8},"end":{"line":41,"column":31}},"15":{"start":{"line":42,"column":8},"end":{"line":42,"column":33}},"16":{"start":{"line":43,"column":8},"end":{"line":43,"column":29}},"17":{"start":{"line":47,"column":19},"end":{"line":47,"column":32}},"18":{"start":{"line":48,"column":8},"end":{"line":48,"column":30}},"19":{"start":{"line":49,"column":8},"end":{"line":51,"column":11}},"20":{"start":{"line":50,"column":12},"end":{"line":50,"column":47}},"21":{"start":{"line":55,"column":21},"end":{"line":55,"column":23}},"22":{"start":{"line":56,"column":8},"end":{"line":62,"column":9}},"23":{"start":{"line":57,"column":12},"end":{"line":57,"column":63}},"24":{"start":{"line":58,"column":15},"end":{"line":62,"column":9}},"25":{"start":{"line":59,"column":12},"end":{"line":59,"column":61}},"26":{"start":{"line":60,"column":15},"end":{"line":62,"column":9}},"27":{"start":{"line":61,"column":12},"end":{"line":61,"column":62}},"28":{"start":{"line":63,"column":8},"end":{"line":63,"column":29}},"29":{"start":{"line":67,"column":21},"end":{"line":67,"column":23}},"30":{"start":{"line":68,"column":8},"end":{"line":71,"column":11}},"31":{"start":{"line":69,"column":12},"end":{"line":69,"column":45}},"32":{"start":{"line":70,"column":12},"end":{"line":70,"column":63}},"33":{"start":{"line":72,"column":8},"end":{"line":74,"column":9}},"34":{"start":{"line":73,"column":12},"end":{"line":73,"column":52}},"35":{"start":{"line":75,"column":8},"end":{"line":75,"column":22}},"36":{"start":{"line":79,"column":21},"end":{"line":79,"column":23}},"37":{"start":{"line":80,"column":8},"end":{"line":83,"column":11}},"38":{"start":{"line":81,"column":12},"end":{"line":81,"column":45}},"39":{"start":{"line":82,"column":12},"end":{"line":82,"column":63}},"40":{"start":{"line":84,"column":8},"end":{"line":86,"column":9}},"41":{"start":{"line":85,"column":12},"end":{"line":85,"column":52}},"42":{"start":{"line":87,"column":8},"end":{"line":87,"column":22}},"43":{"start":{"line":91,"column":8},"end":{"line":97,"column":9}},"44":{"start":{"line":92,"column":12},"end":{"line":94,"column":13}},"45":{"start":{"line":93,"column":16},"end":{"line":93,"column":105}},"46":{"start":{"line":95,"column":12},"end":{"line":95,"column":38}},"47":{"start":{"line":96,"column":12},"end":{"line":96,"column":48}},"48":{"start":{"line":98,"column":8},"end":{"line":100,"column":9}},"49":{"start":{"line":99,"column":12},"end":{"line":99,"column":39}},"50":{"start":{"line":104,"column":27},"end":{"line":104,"column":29}},"51":{"start":{"line":105,"column":8},"end":{"line":109,"column":11}},"52":{"start":{"line":106,"column":12},"end":{"line":108,"column":13}},"53":{"start":{"line":107,"column":16},"end":{"line":107,"column":45}},"54":{"start":{"line":110,"column":23},"end":{"line":110,"column":25}},"55":{"start":{"line":111,"column":8},"end":{"line":111,"column":58}},"56":{"start":{"line":112,"column":8},"end":{"line":117,"column":16}},"57":{"start":{"line":118,"column":8},"end":{"line":118,"column":60}},"58":{"start":{"line":119,"column":8},"end":{"line":119,"column":24}},"59":{"start":{"line":123,"column":21},"end":{"line":123,"column":23}},"60":{"start":{"line":123,"column":34},"end":{"line":123,"column":35}},"61":{"start":{"line":124,"column":8},"end":{"line":124,"column":56}},"62":{"start":{"line":125,"column":8},"end":{"line":128,"column":11}},"63":{"start":{"line":126,"column":12},"end":{"line":126,"column":111}},"64":{"start":{"line":127,"column":12},"end":{"line":127,"column":27}},"65":{"start":{"line":129,"column":8},"end":{"line":130,"column":27}},"66":{"start":{"line":131,"column":8},"end":{"line":131,"column":22}},"67":{"start":{"line":135,"column":34},"end":{"line":135,"column":44}},"68":{"start":{"line":136,"column":25},"end":{"line":136,"column":30}},"69":{"start":{"line":137,"column":8},"end":{"line":140,"column":9}},"70":{"start":{"line":139,"column":12},"end":{"line":139,"column":58}},"71":{"start":{"line":141,"column":8},"end":{"line":148,"column":9}},"72":{"start":{"line":147,"column":12},"end":{"line":147,"column":30}},"73":{"start":{"line":149,"column":8},"end":{"line":152,"column":11}},"74":{"start":{"line":156,"column":34},"end":{"line":156,"column":44}},"75":{"start":{"line":157,"column":25},"end":{"line":157,"column":50}},"76":{"start":{"line":158,"column":18},"end":{"line":158,"column":77}},"77":{"start":{"line":160,"column":8},"end":{"line":165,"column":11}},"78":{"start":{"line":172,"column":8},"end":{"line":193,"column":9}},"79":{"start":{"line":173,"column":32},"end":{"line":173,"column":49}},"80":{"start":{"line":174,"column":27},"end":{"line":174,"column":41}},"81":{"start":{"line":175,"column":26},"end":{"line":175,"column":47}},"82":{"start":{"line":176,"column":12},"end":{"line":181,"column":13}},"83":{"start":{"line":178,"column":16},"end":{"line":180,"column":17}},"84":{"start":{"line":179,"column":20},"end":{"line":179,"column":53}},"85":{"start":{"line":183,"column":12},"end":{"line":192,"column":19}},"86":{"start":{"line":186,"column":20},"end":{"line":191,"column":21}},"87":{"start":{"line":187,"column":24},"end":{"line":187,"column":82}},"88":{"start":{"line":188,"column":24},"end":{"line":188,"column":41}},"89":{"start":{"line":189,"column":27},"end":{"line":191,"column":21}},"90":{"start":{"line":197,"column":8},"end":{"line":201,"column":11}},"91":{"start":{"line":205,"column":47},"end":{"line":205,"column":57}},"92":{"start":{"line":206,"column":37},"end":{"line":206,"column":47}},"93":{"start":{"line":207,"column":28},"end":{"line":207,"column":62}},"94":{"start":{"line":209,"column":24},"end":{"line":209,"column":35}},"95":{"start":{"line":210,"column":24},"end":{"line":210,"column":35}},"96":{"start":{"line":211,"column":25},"end":{"line":211,"column":37}},"97":{"start":{"line":212,"column":25},"end":{"line":212,"column":27}},"98":{"start":{"line":213,"column":8},"end":{"line":230,"column":9}},"99":{"start":{"line":214,"column":12},"end":{"line":214,"column":100}},"100":{"start":{"line":216,"column":12},"end":{"line":229,"column":13}},"101":{"start":{"line":217,"column":16},"end":{"line":225,"column":17}},"102":{"start":{"line":218,"column":20},"end":{"line":218,"column":56}},"103":{"start":{"line":220,"column":20},"end":{"line":224,"column":21}},"104":{"start":{"line":221,"column":24},"end":{"line":221,"column":40}},"105":{"start":{"line":223,"column":24},"end":{"line":223,"column":62}},"106":{"start":{"line":226,"column":19},"end":{"line":229,"column":13}},"107":{"start":{"line":228,"column":16},"end":{"line":228,"column":52}},"108":{"start":{"line":232,"column":25},"end":{"line":232,"column":27}},"109":{"start":{"line":233,"column":8},"end":{"line":240,"column":9}},"110":{"start":{"line":234,"column":28},"end":{"line":234,"column":40}},"111":{"start":{"line":235,"column":12},"end":{"line":239,"column":13}},"112":{"start":{"line":236,"column":16},"end":{"line":238,"column":17}},"113":{"start":{"line":237,"column":20},"end":{"line":237,"column":60}},"114":{"start":{"line":242,"column":16},"end":{"line":242,"column":17}},"115":{"start":{"line":243,"column":25},"end":{"line":243,"column":27}},"116":{"start":{"line":244,"column":8},"end":{"line":352,"column":9}},"117":{"start":{"line":250,"column":16},"end":{"line":259,"column":46}},"118":{"start":{"line":260,"column":16},"end":{"line":260,"column":22}},"119":{"start":{"line":272,"column":16},"end":{"line":280,"column":19}},"120":{"start":{"line":281,"column":16},"end":{"line":281,"column":22}},"121":{"start":{"line":284,"column":16},"end":{"line":297,"column":23}},"122":{"start":{"line":289,"column":32},"end":{"line":289,"column":56}},"123":{"start":{"line":298,"column":16},"end":{"line":298,"column":22}},"124":{"start":{"line":300,"column":16},"end":{"line":327,"column":17}},"125":{"start":{"line":302,"column":20},"end":{"line":313,"column":23}},"126":{"start":{"line":315,"column":20},"end":{"line":326,"column":23}},"127":{"start":{"line":328,"column":16},"end":{"line":328,"column":22}},"128":{"start":{"line":330,"column":16},"end":{"line":338,"column":19}},"129":{"start":{"line":339,"column":16},"end":{"line":339,"column":22}},"130":{"start":{"line":342,"column":16},"end":{"line":350,"column":19}},"131":{"start":{"line":351,"column":16},"end":{"line":351,"column":22}},"132":{"start":{"line":353,"column":8},"end":{"line":353,"column":26}},"133":{"start":{"line":357,"column":28},"end":{"line":357,"column":38}},"134":{"start":{"line":359,"column":8},"end":{"line":363,"column":11}},"135":{"start":{"line":360,"column":12},"end":{"line":362,"column":13}},"136":{"start":{"line":361,"column":16},"end":{"line":361,"column":36}},"137":{"start":{"line":367,"column":28},"end":{"line":367,"column":38}},"138":{"start":{"line":369,"column":8},"end":{"line":373,"column":11}},"139":{"start":{"line":370,"column":12},"end":{"line":372,"column":13}},"140":{"start":{"line":371,"column":16},"end":{"line":371,"column":35}},"141":{"start":{"line":377,"column":8},"end":{"line":377,"column":20}},"142":{"start":{"line":383,"column":12},"end":{"line":383,"column":22}},"143":{"start":{"line":384,"column":30},"end":{"line":384,"column":40}},"144":{"start":{"line":386,"column":22},"end":{"line":386,"column":33}},"145":{"start":{"line":387,"column":23},"end":{"line":387,"column":34}},"146":{"start":{"line":388,"column":8},"end":{"line":424,"column":9}},"147":{"start":{"line":389,"column":12},"end":{"line":389,"column":62}},"148":{"start":{"line":390,"column":12},"end":{"line":390,"column":30}},"149":{"start":{"line":391,"column":12},"end":{"line":399,"column":15}},"150":{"start":{"line":394,"column":32},"end":{"line":394,"column":47}},"151":{"start":{"line":395,"column":16},"end":{"line":395,"column":51}},"152":{"start":{"line":396,"column":16},"end":{"line":396,"column":72}},"153":{"start":{"line":397,"column":16},"end":{"line":397,"column":42}},"154":{"start":{"line":398,"column":16},"end":{"line":398,"column":65}},"155":{"start":{"line":400,"column":15},"end":{"line":424,"column":9}},"156":{"start":{"line":401,"column":12},"end":{"line":401,"column":60}},"157":{"start":{"line":402,"column":12},"end":{"line":402,"column":30}},"158":{"start":{"line":403,"column":26},"end":{"line":403,"column":28}},"159":{"start":{"line":404,"column":12},"end":{"line":406,"column":13}},"160":{"start":{"line":405,"column":16},"end":{"line":405,"column":70}},"161":{"start":{"line":407,"column":12},"end":{"line":413,"column":15}},"162":{"start":{"line":410,"column":32},"end":{"line":410,"column":47}},"163":{"start":{"line":411,"column":16},"end":{"line":411,"column":42}},"164":{"start":{"line":412,"column":16},"end":{"line":412,"column":63}},"165":{"start":{"line":414,"column":15},"end":{"line":424,"column":9}},"166":{"start":{"line":415,"column":12},"end":{"line":415,"column":62}},"167":{"start":{"line":416,"column":12},"end":{"line":423,"column":15}},"168":{"start":{"line":419,"column":32},"end":{"line":419,"column":47}},"169":{"start":{"line":421,"column":16},"end":{"line":421,"column":42}},"170":{"start":{"line":422,"column":16},"end":{"line":422,"column":65}},"171":{"start":{"line":428,"column":8},"end":{"line":428,"column":28}},"172":{"start":{"line":432,"column":8},"end":{"line":434,"column":9}},"173":{"start":{"line":433,"column":12},"end":{"line":433,"column":60}},"174":{"start":{"line":444,"column":12},"end":{"line":444,"column":22}},"175":{"start":{"line":445,"column":8},"end":{"line":445,"column":35}},"176":{"start":{"line":446,"column":28},"end":{"line":450,"column":14}},"177":{"start":{"line":451,"column":32},"end":{"line":455,"column":14}},"178":{"start":{"line":456,"column":8},"end":{"line":503,"column":9}},"179":{"start":{"line":507,"column":0},"end":{"line":515,"column":2}}},"fnMap":{"0":{"name":"(anonymous_0)","decl":{"start":{"line":22,"column":4},"end":{"line":22,"column":5}},"loc":{"start":{"line":22,"column":23},"end":{"line":44,"column":5}}},"1":{"name":"(anonymous_1)","decl":{"start":{"line":46,"column":4},"end":{"line":46,"column":5}},"loc":{"start":{"line":46,"column":26},"end":{"line":52,"column":5}}},"2":{"name":"(anonymous_2)","decl":{"start":{"line":49,"column":21},"end":{"line":49,"column":22}},"loc":{"start":{"line":49,"column":40},"end":{"line":51,"column":9}}},"3":{"name":"(anonymous_3)","decl":{"start":{"line":54,"column":4},"end":{"line":54,"column":5}},"loc":{"start":{"line":54,"column":21},"end":{"line":64,"column":5}}},"4":{"name":"(anonymous_4)","decl":{"start":{"line":66,"column":4},"end":{"line":66,"column":5}},"loc":{"start":{"line":66,"column":34},"end":{"line":76,"column":5}}},"5":{"name":"(anonymous_5)","decl":{"start":{"line":68,"column":29},"end":{"line":68,"column":30}},"loc":{"start":{"line":68,"column":48},"end":{"line":71,"column":9}}},"6":{"name":"(anonymous_6)","decl":{"start":{"line":78,"column":4},"end":{"line":78,"column":5}},"loc":{"start":{"line":78,"column":32},"end":{"line":88,"column":5}}},"7":{"name":"(anonymous_7)","decl":{"start":{"line":80,"column":29},"end":{"line":80,"column":30}},"loc":{"start":{"line":80,"column":48},"end":{"line":83,"column":9}}},"8":{"name":"(anonymous_8)","decl":{"start":{"line":90,"column":4},"end":{"line":90,"column":5}},"loc":{"start":{"line":90,"column":32},"end":{"line":101,"column":5}}},"9":{"name":"(anonymous_9)","decl":{"start":{"line":103,"column":4},"end":{"line":103,"column":5}},"loc":{"start":{"line":103,"column":30},"end":{"line":120,"column":5}}},"10":{"name":"(anonymous_10)","decl":{"start":{"line":105,"column":23},"end":{"line":105,"column":24}},"loc":{"start":{"line":105,"column":42},"end":{"line":109,"column":9}}},"11":{"name":"(anonymous_11)","decl":{"start":{"line":122,"column":4},"end":{"line":122,"column":5}},"loc":{"start":{"line":122,"column":27},"end":{"line":132,"column":5}}},"12":{"name":"(anonymous_12)","decl":{"start":{"line":125,"column":39},"end":{"line":125,"column":40}},"loc":{"start":{"line":125,"column":58},"end":{"line":128,"column":9}}},"13":{"name":"(anonymous_13)","decl":{"start":{"line":134,"column":4},"end":{"line":134,"column":5}},"loc":{"start":{"line":134,"column":15},"end":{"line":153,"column":5}}},"14":{"name":"(anonymous_14)","decl":{"start":{"line":155,"column":4},"end":{"line":155,"column":5}},"loc":{"start":{"line":155,"column":16},"end":{"line":166,"column":5}}},"15":{"name":"(anonymous_15)","decl":{"start":{"line":171,"column":4},"end":{"line":171,"column":5}},"loc":{"start":{"line":171,"column":17},"end":{"line":194,"column":5}}},"16":{"name":"(anonymous_16)","decl":{"start":{"line":185,"column":21},"end":{"line":185,"column":22}},"loc":{"start":{"line":185,"column":40},"end":{"line":192,"column":17}}},"17":{"name":"(anonymous_17)","decl":{"start":{"line":196,"column":4},"end":{"line":196,"column":5}},"loc":{"start":{"line":196,"column":27},"end":{"line":202,"column":5}}},"18":{"name":"(anonymous_18)","decl":{"start":{"line":204,"column":4},"end":{"line":204,"column":5}},"loc":{"start":{"line":204,"column":34},"end":{"line":354,"column":5}}},"19":{"name":"(anonymous_19)","decl":{"start":{"line":288,"column":33},"end":{"line":288,"column":34}},"loc":{"start":{"line":288,"column":44},"end":{"line":290,"column":29}}},"20":{"name":"(anonymous_20)","decl":{"start":{"line":356,"column":4},"end":{"line":356,"column":5}},"loc":{"start":{"line":356,"column":24},"end":{"line":364,"column":5}}},"21":{"name":"(anonymous_21)","decl":{"start":{"line":359,"column":30},"end":{"line":359,"column":31}},"loc":{"start":{"line":359,"column":44},"end":{"line":363,"column":9}}},"22":{"name":"(anonymous_22)","decl":{"start":{"line":366,"column":4},"end":{"line":366,"column":5}},"loc":{"start":{"line":366,"column":23},"end":{"line":374,"column":5}}},"23":{"name":"(anonymous_23)","decl":{"start":{"line":369,"column":30},"end":{"line":369,"column":31}},"loc":{"start":{"line":369,"column":44},"end":{"line":373,"column":9}}},"24":{"name":"(anonymous_24)","decl":{"start":{"line":376,"column":4},"end":{"line":376,"column":5}},"loc":{"start":{"line":376,"column":18},"end":{"line":425,"column":5}}},"25":{"name":"(anonymous_25)","decl":{"start":{"line":394,"column":20},"end":{"line":394,"column":21}},"loc":{"start":{"line":394,"column":32},"end":{"line":394,"column":47}}},"26":{"name":"(anonymous_26)","decl":{"start":{"line":394,"column":54},"end":{"line":394,"column":55}},"loc":{"start":{"line":394,"column":64},"end":{"line":399,"column":13}}},"27":{"name":"(anonymous_27)","decl":{"start":{"line":410,"column":20},"end":{"line":410,"column":21}},"loc":{"start":{"line":410,"column":32},"end":{"line":410,"column":47}}},"28":{"name":"(anonymous_28)","decl":{"start":{"line":410,"column":54},"end":{"line":410,"column":55}},"loc":{"start":{"line":410,"column":64},"end":{"line":413,"column":13}}},"29":{"name":"(anonymous_29)","decl":{"start":{"line":419,"column":20},"end":{"line":419,"column":21}},"loc":{"start":{"line":419,"column":32},"end":{"line":419,"column":47}}},"30":{"name":"(anonymous_30)","decl":{"start":{"line":419,"column":54},"end":{"line":419,"column":55}},"loc":{"start":{"line":419,"column":64},"end":{"line":423,"column":13}}},"31":{"name":"(anonymous_31)","decl":{"start":{"line":427,"column":4},"end":{"line":427,"column":5}},"loc":{"start":{"line":427,"column":23},"end":{"line":429,"column":5}}},"32":{"name":"(anonymous_32)","decl":{"start":{"line":431,"column":4},"end":{"line":431,"column":5}},"loc":{"start":{"line":431,"column":23},"end":{"line":435,"column":5}}},"33":{"name":"(anonymous_33)","decl":{"start":{"line":437,"column":4},"end":{"line":437,"column":5}},"loc":{"start":{"line":437,"column":13},"end":{"line":504,"column":5}}}},"branchMap":{"0":{"loc":{"start":{"line":24,"column":8},"end":{"line":26,"column":9}},"type":"if","locations":[{"start":{"line":24,"column":8},"end":{"line":26,"column":9}},{"start":{"line":24,"column":8},"end":{"line":26,"column":9}}]},"1":{"loc":{"start":{"line":27,"column":8},"end":{"line":29,"column":9}},"type":"if","locations":[{"start":{"line":27,"column":8},"end":{"line":29,"column":9}},{"start":{"line":27,"column":8},"end":{"line":29,"column":9}}]},"2":{"loc":{"start":{"line":56,"column":8},"end":{"line":62,"column":9}},"type":"if","locations":[{"start":{"line":56,"column":8},"end":{"line":62,"column":9}},{"start":{"line":56,"column":8},"end":{"line":62,"column":9}}]},"3":{"loc":{"start":{"line":58,"column":15},"end":{"line":62,"column":9}},"type":"if","locations":[{"start":{"line":58,"column":15},"end":{"line":62,"column":9}},{"start":{"line":58,"column":15},"end":{"line":62,"column":9}}]},"4":{"loc":{"start":{"line":60,"column":15},"end":{"line":62,"column":9}},"type":"if","locations":[{"start":{"line":60,"column":15},"end":{"line":62,"column":9}},{"start":{"line":60,"column":15},"end":{"line":62,"column":9}}]},"5":{"loc":{"start":{"line":72,"column":8},"end":{"line":74,"column":9}},"type":"if","locations":[{"start":{"line":72,"column":8},"end":{"line":74,"column":9}},{"start":{"line":72,"column":8},"end":{"line":74,"column":9}}]},"6":{"loc":{"start":{"line":84,"column":8},"end":{"line":86,"column":9}},"type":"if","locations":[{"start":{"line":84,"column":8},"end":{"line":86,"column":9}},{"start":{"line":84,"column":8},"end":{"line":86,"column":9}}]},"7":{"loc":{"start":{"line":91,"column":8},"end":{"line":97,"column":9}},"type":"if","locations":[{"start":{"line":91,"column":8},"end":{"line":97,"column":9}},{"start":{"line":91,"column":8},"end":{"line":97,"column":9}}]},"8":{"loc":{"start":{"line":92,"column":12},"end":{"line":94,"column":13}},"type":"if","locations":[{"start":{"line":92,"column":12},"end":{"line":94,"column":13}},{"start":{"line":92,"column":12},"end":{"line":94,"column":13}}]},"9":{"loc":{"start":{"line":98,"column":8},"end":{"line":100,"column":9}},"type":"if","locations":[{"start":{"line":98,"column":8},"end":{"line":100,"column":9}},{"start":{"line":98,"column":8},"end":{"line":100,"column":9}}]},"10":{"loc":{"start":{"line":106,"column":12},"end":{"line":108,"column":13}},"type":"if","locations":[{"start":{"line":106,"column":12},"end":{"line":108,"column":13}},{"start":{"line":106,"column":12},"end":{"line":108,"column":13}}]},"11":{"loc":{"start":{"line":106,"column":16},"end":{"line":106,"column":73}},"type":"binary-expr","locations":[{"start":{"line":106,"column":16},"end":{"line":106,"column":42}},{"start":{"line":106,"column":46},"end":{"line":106,"column":73}}]},"12":{"loc":{"start":{"line":137,"column":8},"end":{"line":140,"column":9}},"type":"if","locations":[{"start":{"line":137,"column":8},"end":{"line":140,"column":9}},{"start":{"line":137,"column":8},"end":{"line":140,"column":9}}]},"13":{"loc":{"start":{"line":137,"column":12},"end":{"line":138,"column":74}},"type":"binary-expr","locations":[{"start":{"line":137,"column":12},"end":{"line":137,"column":74}},{"start":{"line":138,"column":15},"end":{"line":138,"column":49}},{"start":{"line":138,"column":53},"end":{"line":138,"column":74}}]},"14":{"loc":{"start":{"line":141,"column":8},"end":{"line":148,"column":9}},"type":"if","locations":[{"start":{"line":141,"column":8},"end":{"line":148,"column":9}},{"start":{"line":141,"column":8},"end":{"line":148,"column":9}}]},"15":{"loc":{"start":{"line":141,"column":12},"end":{"line":146,"column":95}},"type":"binary-expr","locations":[{"start":{"line":141,"column":13},"end":{"line":141,"column":75}},{"start":{"line":142,"column":15},"end":{"line":142,"column":69}},{"start":{"line":144,"column":16},"end":{"line":144,"column":73}},{"start":{"line":145,"column":15},"end":{"line":145,"column":102}},{"start":{"line":146,"column":15},"end":{"line":146,"column":94}}]},"16":{"loc":{"start":{"line":158,"column":18},"end":{"line":158,"column":77}},"type":"cond-expr","locations":[{"start":{"line":158,"column":58},"end":{"line":158,"column":60}},{"start":{"line":158,"column":63},"end":{"line":158,"column":77}}]},"17":{"loc":{"start":{"line":158,"column":19},"end":{"line":158,"column":54}},"type":"binary-expr","locations":[{"start":{"line":158,"column":19},"end":{"line":158,"column":29}},{"start":{"line":158,"column":33},"end":{"line":158,"column":54}}]},"18":{"loc":{"start":{"line":172,"column":8},"end":{"line":193,"column":9}},"type":"if","locations":[{"start":{"line":172,"column":8},"end":{"line":193,"column":9}},{"start":{"line":172,"column":8},"end":{"line":193,"column":9}}]},"19":{"loc":{"start":{"line":178,"column":16},"end":{"line":180,"column":17}},"type":"if","locations":[{"start":{"line":178,"column":16},"end":{"line":180,"column":17}},{"start":{"line":178,"column":16},"end":{"line":180,"column":17}}]},"20":{"loc":{"start":{"line":178,"column":20},"end":{"line":178,"column":75}},"type":"binary-expr","locations":[{"start":{"line":178,"column":20},"end":{"line":178,"column":45}},{"start":{"line":178,"column":49},"end":{"line":178,"column":75}}]},"21":{"loc":{"start":{"line":186,"column":20},"end":{"line":191,"column":21}},"type":"if","locations":[{"start":{"line":186,"column":20},"end":{"line":191,"column":21}},{"start":{"line":186,"column":20},"end":{"line":191,"column":21}}]},"22":{"loc":{"start":{"line":189,"column":27},"end":{"line":191,"column":21}},"type":"if","locations":[{"start":{"line":189,"column":27},"end":{"line":191,"column":21}},{"start":{"line":189,"column":27},"end":{"line":191,"column":21}}]},"23":{"loc":{"start":{"line":213,"column":8},"end":{"line":230,"column":9}},"type":"if","locations":[{"start":{"line":213,"column":8},"end":{"line":230,"column":9}},{"start":{"line":213,"column":8},"end":{"line":230,"column":9}}]},"24":{"loc":{"start":{"line":213,"column":12},"end":{"line":213,"column":56}},"type":"binary-expr","locations":[{"start":{"line":213,"column":12},"end":{"line":213,"column":31}},{"start":{"line":213,"column":35},"end":{"line":213,"column":56}}]},"25":{"loc":{"start":{"line":216,"column":12},"end":{"line":229,"column":13}},"type":"if","locations":[{"start":{"line":216,"column":12},"end":{"line":229,"column":13}},{"start":{"line":216,"column":12},"end":{"line":229,"column":13}}]},"26":{"loc":{"start":{"line":217,"column":16},"end":{"line":225,"column":17}},"type":"if","locations":[{"start":{"line":217,"column":16},"end":{"line":225,"column":17}},{"start":{"line":217,"column":16},"end":{"line":225,"column":17}}]},"27":{"loc":{"start":{"line":220,"column":20},"end":{"line":224,"column":21}},"type":"if","locations":[{"start":{"line":220,"column":20},"end":{"line":224,"column":21}},{"start":{"line":220,"column":20},"end":{"line":224,"column":21}}]},"28":{"loc":{"start":{"line":226,"column":19},"end":{"line":229,"column":13}},"type":"if","locations":[{"start":{"line":226,"column":19},"end":{"line":229,"column":13}},{"start":{"line":226,"column":19},"end":{"line":229,"column":13}}]},"29":{"loc":{"start":{"line":226,"column":23},"end":{"line":227,"column":78}},"type":"binary-expr","locations":[{"start":{"line":226,"column":23},"end":{"line":226,"column":63}},{"start":{"line":227,"column":19},"end":{"line":227,"column":78}}]},"30":{"loc":{"start":{"line":233,"column":8},"end":{"line":240,"column":9}},"type":"if","locations":[{"start":{"line":233,"column":8},"end":{"line":240,"column":9}},{"start":{"line":233,"column":8},"end":{"line":240,"column":9}}]},"31":{"loc":{"start":{"line":244,"column":8},"end":{"line":352,"column":9}},"type":"switch","locations":[{"start":{"line":246,"column":12},"end":{"line":246,"column":43}},{"start":{"line":247,"column":12},"end":{"line":247,"column":45}},{"start":{"line":248,"column":12},"end":{"line":248,"column":44}},{"start":{"line":249,"column":12},"end":{"line":260,"column":22}},{"start":{"line":261,"column":12},"end":{"line":261,"column":44}},{"start":{"line":262,"column":12},"end":{"line":262,"column":43}},{"start":{"line":263,"column":12},"end":{"line":263,"column":47}},{"start":{"line":264,"column":12},"end":{"line":264,"column":45}},{"start":{"line":265,"column":12},"end":{"line":265,"column":44}},{"start":{"line":266,"column":12},"end":{"line":266,"column":45}},{"start":{"line":267,"column":12},"end":{"line":267,"column":43}},{"start":{"line":268,"column":12},"end":{"line":268,"column":42}},{"start":{"line":269,"column":12},"end":{"line":269,"column":42}},{"start":{"line":270,"column":12},"end":{"line":270,"column":44}},{"start":{"line":271,"column":12},"end":{"line":281,"column":22}},{"start":{"line":282,"column":12},"end":{"line":298,"column":22}},{"start":{"line":299,"column":12},"end":{"line":328,"column":22}},{"start":{"line":329,"column":12},"end":{"line":339,"column":22}},{"start":{"line":340,"column":12},"end":{"line":340,"column":47}},{"start":{"line":341,"column":12},"end":{"line":351,"column":22}}]},"32":{"loc":{"start":{"line":300,"column":16},"end":{"line":327,"column":17}},"type":"if","locations":[{"start":{"line":300,"column":16},"end":{"line":327,"column":17}},{"start":{"line":300,"column":16},"end":{"line":327,"column":17}}]},"33":{"loc":{"start":{"line":300,"column":20},"end":{"line":301,"column":81}},"type":"binary-expr","locations":[{"start":{"line":300,"column":20},"end":{"line":300,"column":71}},{"start":{"line":301,"column":23},"end":{"line":301,"column":81}}]},"34":{"loc":{"start":{"line":360,"column":12},"end":{"line":362,"column":13}},"type":"if","locations":[{"start":{"line":360,"column":12},"end":{"line":362,"column":13}},{"start":{"line":360,"column":12},"end":{"line":362,"column":13}}]},"35":{"loc":{"start":{"line":360,"column":16},"end":{"line":360,"column":95}},"type":"binary-expr","locations":[{"start":{"line":360,"column":16},"end":{"line":360,"column":37}},{"start":{"line":360,"column":41},"end":{"line":360,"column":95}}]},"36":{"loc":{"start":{"line":370,"column":12},"end":{"line":372,"column":13}},"type":"if","locations":[{"start":{"line":370,"column":12},"end":{"line":372,"column":13}},{"start":{"line":370,"column":12},"end":{"line":372,"column":13}}]},"37":{"loc":{"start":{"line":370,"column":16},"end":{"line":370,"column":94}},"type":"binary-expr","locations":[{"start":{"line":370,"column":16},"end":{"line":370,"column":37}},{"start":{"line":370,"column":41},"end":{"line":370,"column":94}}]},"38":{"loc":{"start":{"line":388,"column":8},"end":{"line":424,"column":9}},"type":"if","locations":[{"start":{"line":388,"column":8},"end":{"line":424,"column":9}},{"start":{"line":388,"column":8},"end":{"line":424,"column":9}}]},"39":{"loc":{"start":{"line":400,"column":15},"end":{"line":424,"column":9}},"type":"if","locations":[{"start":{"line":400,"column":15},"end":{"line":424,"column":9}},{"start":{"line":400,"column":15},"end":{"line":424,"column":9}}]},"40":{"loc":{"start":{"line":414,"column":15},"end":{"line":424,"column":9}},"type":"if","locations":[{"start":{"line":414,"column":15},"end":{"line":424,"column":9}},{"start":{"line":414,"column":15},"end":{"line":424,"column":9}}]},"41":{"loc":{"start":{"line":432,"column":8},"end":{"line":434,"column":9}},"type":"if","locations":[{"start":{"line":432,"column":8},"end":{"line":434,"column":9}},{"start":{"line":432,"column":8},"end":{"line":434,"column":9}}]},"42":{"loc":{"start":{"line":432,"column":12},"end":{"line":432,"column":86}},"type":"binary-expr","locations":[{"start":{"line":432,"column":12},"end":{"line":432,"column":51}},{"start":{"line":432,"column":55},"end":{"line":432,"column":86}}]}},"s":{"0":1,"1":1,"2":1,"3":1,"4":3,"5":3,"6":0,"7":3,"8":0,"9":3,"10":3,"11":3,"12":3,"13":3,"14":3,"15":3,"16":3,"17":4,"18":4,"19":4,"20":26,"21":11,"22":11,"23":3,"24":8,"25":3,"26":5,"27":5,"28":11,"29":3,"30":3,"31":18,"32":18,"33":3,"34":0,"35":3,"36":3,"37":3,"38":18,"39":18,"40":3,"41":0,"42":3,"43":36,"44":0,"45":0,"46":0,"47":0,"48":36,"49":0,"50":0,"51":0,"52":0,"53":0,"54":0,"55":0,"56":0,"57":0,"58":0,"59":5,"60":5,"61":5,"62":5,"63":5,"64":5,"65":5,"66":5,"67":1,"68":1,"69":1,"70":0,"71":1,"72":1,"73":1,"74":1,"75":1,"76":1,"77":1,"78":1,"79":0,"80":0,"81":0,"82":0,"83":0,"84":0,"85":0,"86":0,"87":0,"88":0,"89":0,"90":0,"91":36,"92":36,"93":36,"94":36,"95":36,"96":36,"97":36,"98":36,"99":0,"100":36,"101":12,"102":0,"103":12,"104":0,"105":12,"106":24,"107":0,"108":36,"109":36,"110":6,"111":6,"112":6,"113":6,"114":36,"115":36,"116":36,"117":12,"118":12,"119":6,"120":6,"121":6,"122":1,"123":6,"124":6,"125":0,"126":6,"127":6,"128":0,"129":0,"130":6,"131":6,"132":36,"133":3,"134":3,"135":9,"136":1,"137":1,"138":1,"139":3,"140":0,"141":2,"142":2,"143":2,"144":2,"145":2,"146":2,"147":0,"148":0,"149":0,"150":0,"151":0,"152":0,"153":0,"154":0,"155":2,"156":1,"157":1,"158":1,"159":1,"160":1,"161":1,"162":1,"163":1,"164":0,"165":1,"166":1,"167":1,"168":1,"169":1,"170":0,"171":1,"172":0,"173":0,"174":5,"175":5,"176":5,"177":5,"178":5,"179":1},"f":{"0":3,"1":4,"2":26,"3":11,"4":3,"5":18,"6":3,"7":18,"8":36,"9":0,"10":0,"11":5,"12":5,"13":1,"14":1,"15":1,"16":0,"17":0,"18":36,"19":1,"20":3,"21":9,"22":1,"23":3,"24":2,"25":0,"26":0,"27":1,"28":1,"29":1,"30":1,"31":1,"32":0,"33":5},"b":{"0":[0,3],"1":[0,3],"2":[3,8],"3":[3,5],"4":[5,0],"5":[0,3],"6":[0,3],"7":[0,36],"8":[0,0],"9":[0,36],"10":[0,0],"11":[0,0],"12":[0,1],"13":[1,1,0],"14":[1,0],"15":[1,1,0,0,0],"16":[0,1],"17":[1,0],"18":[0,1],"19":[0,0],"20":[0,0],"21":[0,0],"22":[0,0],"23":[0,36],"24":[36,0],"25":[12,24],"26":[0,12],"27":[0,12],"28":[0,24],"29":[24,12],"30":[6,30],"31":[6,12,12,12,0,6,6,6,6,6,6,6,6,6,6,6,6,0,6,6],"32":[0,6],"33":[6,0],"34":[1,8],"35":[9,2],"36":[0,3],"37":[3,0],"38":[0,2],"39":[1,1],"40":[1,0],"41":[0,0],"42":[0,0]},"_coverageSchema":"332fd63041d2c1bcb487cc26dd0d5f7d97098a6c","hash":"37849f211458ad1190cf311322f5462989855e0a"}
,"/srv/gigatables_react/src/components/form/fields/CheckRadio.js": {"path":"/srv/gigatables_react/src/components/form/fields/CheckRadio.js","statementMap":{"0":{"start":{"line":15,"column":12},"end":{"line":15,"column":22}},"1":{"start":{"line":17,"column":21},"end":{"line":17,"column":33}},"2":{"start":{"line":18,"column":22},"end":{"line":18,"column":24}},"3":{"start":{"line":18,"column":32},"end":{"line":18,"column":34}},"4":{"start":{"line":20,"column":17},"end":{"line":20,"column":39}},"5":{"start":{"line":21,"column":8},"end":{"line":38,"column":9}},"6":{"start":{"line":22,"column":12},"end":{"line":37,"column":13}},"7":{"start":{"line":23,"column":16},"end":{"line":36,"column":17}},"8":{"start":{"line":24,"column":20},"end":{"line":35,"column":21}},"9":{"start":{"line":25,"column":24},"end":{"line":25,"column":52}},"10":{"start":{"line":26,"column":24},"end":{"line":34,"column":62}},"11":{"start":{"line":39,"column":8},"end":{"line":44,"column":10}},"12":{"start":{"line":48,"column":0},"end":{"line":56,"column":2}}},"fnMap":{"0":{"name":"(anonymous_0)","decl":{"start":{"line":6,"column":4},"end":{"line":6,"column":5}},"loc":{"start":{"line":6,"column":13},"end":{"line":45,"column":5}}}},"branchMap":{"0":{"loc":{"start":{"line":22,"column":12},"end":{"line":37,"column":13}},"type":"if","locations":[{"start":{"line":22,"column":12},"end":{"line":37,"column":13}},{"start":{"line":22,"column":12},"end":{"line":37,"column":13}}]},"1":{"loc":{"start":{"line":24,"column":20},"end":{"line":35,"column":21}},"type":"if","locations":[{"start":{"line":24,"column":20},"end":{"line":35,"column":21}},{"start":{"line":24,"column":20},"end":{"line":35,"column":21}}]},"2":{"loc":{"start":{"line":27,"column":51},"end":{"line":27,"column":74}},"type":"cond-expr","locations":[{"start":{"line":27,"column":69},"end":{"line":27,"column":70}},{"start":{"line":27,"column":73},"end":{"line":27,"column":74}}]}},"s":{"0":1,"1":1,"2":1,"3":1,"4":1,"5":1,"6":2,"7":2,"8":2,"9":2,"10":2,"11":1,"12":1},"f":{"0":1},"b":{"0":[2,0],"1":[2,0],"2":[0,2]},"_coverageSchema":"332fd63041d2c1bcb487cc26dd0d5f7d97098a6c","hash":"95a8b92d8c84bbf7ca97ec140059f1f932c38ead"}
,"/srv/gigatables_react/src/components/form/fields/HTML5Input.js": {"path":"/srv/gigatables_react/src/components/form/fields/HTML5Input.js","statementMap":{"0":{"start":{"line":14,"column":12},"end":{"line":14,"column":22}},"1":{"start":{"line":15,"column":8},"end":{"line":33,"column":10}},"2":{"start":{"line":37,"column":0},"end":{"line":44,"column":2}}},"fnMap":{"0":{"name":"(anonymous_0)","decl":{"start":{"line":6,"column":4},"end":{"line":6,"column":5}},"loc":{"start":{"line":6,"column":13},"end":{"line":34,"column":5}}}},"branchMap":{},"s":{"0":1,"1":1,"2":1},"f":{"0":1},"b":{},"_coverageSchema":"332fd63041d2c1bcb487cc26dd0d5f7d97098a6c","hash":"f934a87fa908155237bf8ab38fa245eb803bc3d8"}
,"/srv/gigatables_react/src/components/form/fields/Input.js": {"path":"/srv/gigatables_react/src/components/form/fields/Input.js","statementMap":{"0":{"start":{"line":4,"column":24},"end":{"line":4,"column":56}},"1":{"start":{"line":18,"column":12},"end":{"line":18,"column":22}},"2":{"start":{"line":19,"column":8},"end":{"line":35,"column":10}},"3":{"start":{"line":39,"column":0},"end":{"line":48,"column":2}}},"fnMap":{"0":{"name":"(anonymous_0)","decl":{"start":{"line":7,"column":4},"end":{"line":7,"column":5}},"loc":{"start":{"line":7,"column":13},"end":{"line":36,"column":5}}}},"branchMap":{"0":{"loc":{"start":{"line":22,"column":37},"end":{"line":22,"column":90}},"type":"cond-expr","locations":[{"start":{"line":22,"column":78},"end":{"line":22,"column":83}},{"start":{"line":22,"column":86},"end":{"line":22,"column":90}}]}},"s":{"0":1,"1":2,"2":2,"3":1},"f":{"0":2},"b":{"0":[1,1]},"_coverageSchema":"332fd63041d2c1bcb487cc26dd0d5f7d97098a6c","hash":"f9690f11a94be16183ad82b0c1a02c91fda06990"}
,"/srv/gigatables_react/src/components/form/fields/Select.js": {"path":"/srv/gigatables_react/src/components/form/fields/Select.js","statementMap":{"0":{"start":{"line":15,"column":12},"end":{"line":15,"column":22}},"1":{"start":{"line":17,"column":21},"end":{"line":17,"column":33}},"2":{"start":{"line":18,"column":22},"end":{"line":18,"column":24}},"3":{"start":{"line":18,"column":32},"end":{"line":18,"column":34}},"4":{"start":{"line":19,"column":8},"end":{"line":28,"column":9}},"5":{"start":{"line":20,"column":12},"end":{"line":27,"column":13}},"6":{"start":{"line":21,"column":16},"end":{"line":26,"column":17}},"7":{"start":{"line":22,"column":20},"end":{"line":25,"column":21}},"8":{"start":{"line":23,"column":24},"end":{"line":23,"column":52}},"9":{"start":{"line":24,"column":24},"end":{"line":24,"column":113}},"10":{"start":{"line":29,"column":8},"end":{"line":44,"column":10}},"11":{"start":{"line":48,"column":0},"end":{"line":55,"column":2}}},"fnMap":{"0":{"name":"(anonymous_0)","decl":{"start":{"line":6,"column":4},"end":{"line":6,"column":5}},"loc":{"start":{"line":6,"column":13},"end":{"line":45,"column":5}}}},"branchMap":{"0":{"loc":{"start":{"line":20,"column":12},"end":{"line":27,"column":13}},"type":"if","locations":[{"start":{"line":20,"column":12},"end":{"line":27,"column":13}},{"start":{"line":20,"column":12},"end":{"line":27,"column":13}}]},"1":{"loc":{"start":{"line":22,"column":20},"end":{"line":25,"column":21}},"type":"if","locations":[{"start":{"line":22,"column":20},"end":{"line":25,"column":21}},{"start":{"line":22,"column":20},"end":{"line":25,"column":21}}]}},"s":{"0":0,"1":0,"2":0,"3":0,"4":0,"5":0,"6":0,"7":0,"8":0,"9":0,"10":0,"11":1},"f":{"0":0},"b":{"0":[0,0],"1":[0,0]},"_coverageSchema":"332fd63041d2c1bcb487cc26dd0d5f7d97098a6c","hash":"06197f10d6b263b889a8ee512104f497271f2d03"}
,"/srv/gigatables_react/src/components/form/fields/TextArea.js": {"path":"/srv/gigatables_react/src/components/form/fields/TextArea.js","statementMap":{"0":{"start":{"line":16,"column":12},"end":{"line":16,"column":22}},"1":{"start":{"line":17,"column":8},"end":{"line":35,"column":10}},"2":{"start":{"line":39,"column":0},"end":{"line":47,"column":2}}},"fnMap":{"0":{"name":"(anonymous_0)","decl":{"start":{"line":6,"column":4},"end":{"line":6,"column":5}},"loc":{"start":{"line":6,"column":13},"end":{"line":36,"column":5}}}},"branchMap":{},"s":{"0":1,"1":1,"2":1},"f":{"0":1},"b":{},"_coverageSchema":"332fd63041d2c1bcb487cc26dd0d5f7d97098a6c","hash":"8a5fc145435151e49ed31d507b7b5e1b4d730706"}
,"/srv/gigatables_react/src/components/form/fields/TextEditor.js": {"path":"/srv/gigatables_react/src/components/form/fields/TextEditor.js","statementMap":{"0":{"start":{"line":7,"column":8},"end":{"line":7,"column":21}},"1":{"start":{"line":8,"column":8},"end":{"line":10,"column":10}},"2":{"start":{"line":14,"column":8},"end":{"line":14,"column":31}},"3":{"start":{"line":16,"column":8},"end":{"line":23,"column":9}},"4":{"start":{"line":20,"column":12},"end":{"line":22,"column":14}},"5":{"start":{"line":33,"column":12},"end":{"line":33,"column":22}},"6":{"start":{"line":34,"column":8},"end":{"line":50,"column":10}}},"fnMap":{"0":{"name":"(anonymous_0)","decl":{"start":{"line":6,"column":4},"end":{"line":6,"column":5}},"loc":{"start":{"line":6,"column":23},"end":{"line":11,"column":5}}},"1":{"name":"(anonymous_1)","decl":{"start":{"line":13,"column":15},"end":{"line":13,"column":16}},"loc":{"start":{"line":13,"column":26},"end":{"line":24,"column":5}}},"2":{"name":"(anonymous_2)","decl":{"start":{"line":26,"column":4},"end":{"line":26,"column":5}},"loc":{"start":{"line":26,"column":13},"end":{"line":51,"column":5}}}},"branchMap":{"0":{"loc":{"start":{"line":16,"column":8},"end":{"line":23,"column":9}},"type":"if","locations":[{"start":{"line":16,"column":8},"end":{"line":23,"column":9}},{"start":{"line":16,"column":8},"end":{"line":23,"column":9}}]}},"s":{"0":0,"1":0,"2":0,"3":0,"4":0,"5":0,"6":0},"f":{"0":0,"1":0,"2":0},"b":{"0":[0,0]},"_coverageSchema":"332fd63041d2c1bcb487cc26dd0d5f7d97098a6c","hash":"f6b05ee2ed5fa7f15b78601c255a8c43aa09dbb7"}
,"/srv/gigatables_react/src/components/table/Column.js": {"path":"/srv/gigatables_react/src/components/table/Column.js","statementMap":{"0":{"start":{"line":5,"column":24},"end":{"line":5,"column":53}},"1":{"start":{"line":6,"column":24},"end":{"line":6,"column":53}},"2":{"start":{"line":16,"column":12},"end":{"line":16,"column":22}},"3":{"start":{"line":17,"column":8},"end":{"line":21,"column":49}},"4":{"start":{"line":25,"column":8},"end":{"line":25,"column":21}},"5":{"start":{"line":26,"column":8},"end":{"line":29,"column":10}},"6":{"start":{"line":30,"column":8},"end":{"line":30,"column":31}},"7":{"start":{"line":34,"column":8},"end":{"line":36,"column":9}},"8":{"start":{"line":35,"column":12},"end":{"line":35,"column":32}},"9":{"start":{"line":40,"column":8},"end":{"line":45,"column":10}},"10":{"start":{"line":49,"column":8},"end":{"line":49,"column":20}},"11":{"start":{"line":50,"column":39},"end":{"line":50,"column":49}},"12":{"start":{"line":51,"column":30},"end":{"line":51,"column":40}},"13":{"start":{"line":52,"column":22},"end":{"line":52,"column":33}},"14":{"start":{"line":53,"column":23},"end":{"line":53,"column":34}},"15":{"start":{"line":54,"column":8},"end":{"line":67,"column":9}},"16":{"start":{"line":56,"column":26},"end":{"line":58,"column":14}},"17":{"start":{"line":59,"column":12},"end":{"line":64,"column":15}},"18":{"start":{"line":62,"column":32},"end":{"line":62,"column":47}},"19":{"start":{"line":63,"column":16},"end":{"line":63,"column":42}},"20":{"start":{"line":66,"column":12},"end":{"line":66,"column":26}},"21":{"start":{"line":84,"column":12},"end":{"line":84,"column":22}},"22":{"start":{"line":87,"column":12},"end":{"line":87,"column":22}},"23":{"start":{"line":89,"column":8},"end":{"line":116,"column":9}},"24":{"start":{"line":90,"column":30},"end":{"line":93,"column":14}},"25":{"start":{"line":94,"column":12},"end":{"line":115,"column":13}},"26":{"start":{"line":117,"column":8},"end":{"line":145,"column":9}},"27":{"start":{"line":129,"column":28},"end":{"line":129,"column":48}},"28":{"start":{"line":142,"column":28},"end":{"line":142,"column":46}},"29":{"start":{"line":149,"column":8},"end":{"line":149,"column":32}},"30":{"start":{"line":153,"column":0},"end":{"line":161,"column":2}}},"fnMap":{"0":{"name":"(anonymous_0)","decl":{"start":{"line":9,"column":4},"end":{"line":9,"column":5}},"loc":{"start":{"line":9,"column":37},"end":{"line":22,"column":5}}},"1":{"name":"(anonymous_1)","decl":{"start":{"line":24,"column":4},"end":{"line":24,"column":5}},"loc":{"start":{"line":24,"column":23},"end":{"line":31,"column":5}}},"2":{"name":"(anonymous_2)","decl":{"start":{"line":33,"column":4},"end":{"line":33,"column":5}},"loc":{"start":{"line":33,"column":25},"end":{"line":37,"column":5}}},"3":{"name":"(anonymous_3)","decl":{"start":{"line":39,"column":4},"end":{"line":39,"column":5}},"loc":{"start":{"line":39,"column":18},"end":{"line":46,"column":5}}},"4":{"name":"(anonymous_4)","decl":{"start":{"line":48,"column":4},"end":{"line":48,"column":5}},"loc":{"start":{"line":48,"column":23},"end":{"line":68,"column":5}}},"5":{"name":"(anonymous_5)","decl":{"start":{"line":62,"column":20},"end":{"line":62,"column":21}},"loc":{"start":{"line":62,"column":32},"end":{"line":62,"column":47}}},"6":{"name":"(anonymous_6)","decl":{"start":{"line":62,"column":54},"end":{"line":62,"column":55}},"loc":{"start":{"line":62,"column":64},"end":{"line":64,"column":13}}},"7":{"name":"(anonymous_7)","decl":{"start":{"line":70,"column":4},"end":{"line":70,"column":5}},"loc":{"start":{"line":70,"column":16},"end":{"line":146,"column":5}}},"8":{"name":"(anonymous_8)","decl":{"start":{"line":128,"column":29},"end":{"line":128,"column":30}},"loc":{"start":{"line":128,"column":40},"end":{"line":130,"column":25}}},"9":{"name":"(anonymous_9)","decl":{"start":{"line":141,"column":34},"end":{"line":141,"column":35}},"loc":{"start":{"line":141,"column":41},"end":{"line":143,"column":25}}},"10":{"name":"(anonymous_10)","decl":{"start":{"line":148,"column":4},"end":{"line":148,"column":5}},"loc":{"start":{"line":148,"column":13},"end":{"line":150,"column":5}}}},"branchMap":{"0":{"loc":{"start":{"line":17,"column":15},"end":{"line":21,"column":48}},"type":"binary-expr","locations":[{"start":{"line":17,"column":15},"end":{"line":17,"column":37}},{"start":{"line":18,"column":15},"end":{"line":18,"column":46}},{"start":{"line":19,"column":15},"end":{"line":19,"column":40}},{"start":{"line":20,"column":15},"end":{"line":20,"column":68}},{"start":{"line":21,"column":15},"end":{"line":21,"column":48}}]},"1":{"loc":{"start":{"line":34,"column":8},"end":{"line":36,"column":9}},"type":"if","locations":[{"start":{"line":34,"column":8},"end":{"line":36,"column":9}},{"start":{"line":34,"column":8},"end":{"line":36,"column":9}}]},"2":{"loc":{"start":{"line":34,"column":12},"end":{"line":34,"column":84}},"type":"binary-expr","locations":[{"start":{"line":34,"column":12},"end":{"line":34,"column":60}},{"start":{"line":34,"column":64},"end":{"line":34,"column":84}}]},"3":{"loc":{"start":{"line":54,"column":8},"end":{"line":67,"column":9}},"type":"if","locations":[{"start":{"line":54,"column":8},"end":{"line":67,"column":9}},{"start":{"line":54,"column":8},"end":{"line":67,"column":9}}]},"4":{"loc":{"start":{"line":89,"column":8},"end":{"line":116,"column":9}},"type":"if","locations":[{"start":{"line":89,"column":8},"end":{"line":116,"column":9}},{"start":{"line":89,"column":8},"end":{"line":116,"column":9}}]},"5":{"loc":{"start":{"line":89,"column":12},"end":{"line":89,"column":88}},"type":"binary-expr","locations":[{"start":{"line":89,"column":12},"end":{"line":89,"column":34}},{"start":{"line":89,"column":38},"end":{"line":89,"column":88}}]},"6":{"loc":{"start":{"line":92,"column":33},"end":{"line":92,"column":84}},"type":"cond-expr","locations":[{"start":{"line":92,"column":72},"end":{"line":92,"column":76}},{"start":{"line":92,"column":79},"end":{"line":92,"column":84}}]},"7":{"loc":{"start":{"line":126,"column":17},"end":{"line":143,"column":39}},"type":"cond-expr","locations":[{"start":{"line":127,"column":20},"end":{"line":143,"column":28}},{"start":{"line":143,"column":31},"end":{"line":143,"column":39}}]},"8":{"loc":{"start":{"line":126,"column":18},"end":{"line":126,"column":68}},"type":"binary-expr","locations":[{"start":{"line":126,"column":18},"end":{"line":126,"column":40}},{"start":{"line":126,"column":44},"end":{"line":126,"column":68}}]}},"s":{"0":2,"1":2,"2":1,"3":1,"4":3,"5":3,"6":3,"7":0,"8":0,"9":0,"10":0,"11":0,"12":0,"13":0,"14":0,"15":0,"16":0,"17":0,"18":0,"19":0,"20":0,"21":3,"22":3,"23":3,"24":0,"25":0,"26":3,"27":0,"28":0,"29":3,"30":2},"f":{"0":1,"1":3,"2":0,"3":0,"4":0,"5":0,"6":0,"7":3,"8":0,"9":0,"10":3},"b":{"0":[1,1,0,0,0],"1":[0,0],"2":[0,0],"3":[0,0],"4":[0,3],"5":[3,0],"6":[0,0],"7":[0,3],"8":[3,0]},"_coverageSchema":"332fd63041d2c1bcb487cc26dd0d5f7d97098a6c","hash":"1769a02fbf46ad2cf2cf82cf4c0b290506a45774"}
,"/srv/gigatables_react/src/components/table/Header.js": {"path":"/srv/gigatables_react/src/components/table/Header.js","statementMap":{"0":{"start":{"line":6,"column":24},"end":{"line":6,"column":53}},"1":{"start":{"line":10,"column":8},"end":{"line":10,"column":21}},"2":{"start":{"line":11,"column":8},"end":{"line":11,"column":38}},"3":{"start":{"line":15,"column":8},"end":{"line":18,"column":68}},"4":{"start":{"line":31,"column":12},"end":{"line":31,"column":22}},"5":{"start":{"line":33,"column":8},"end":{"line":55,"column":9}},"6":{"start":{"line":34,"column":22},"end":{"line":34,"column":24}},"7":{"start":{"line":34,"column":40},"end":{"line":34,"column":44}},"8":{"start":{"line":35,"column":12},"end":{"line":37,"column":13}},"9":{"start":{"line":36,"column":16},"end":{"line":36,"column":42}},"10":{"start":{"line":38,"column":12},"end":{"line":41,"column":13}},"11":{"start":{"line":40,"column":16},"end":{"line":40,"column":72}},"12":{"start":{"line":42,"column":12},"end":{"line":54,"column":14}},"13":{"start":{"line":56,"column":8},"end":{"line":56,"column":66}},"14":{"start":{"line":66,"column":12},"end":{"line":66,"column":22}},"15":{"start":{"line":68,"column":8},"end":{"line":71,"column":9}},"16":{"start":{"line":70,"column":12},"end":{"line":70,"column":41}},"17":{"start":{"line":73,"column":22},"end":{"line":73,"column":58}},"18":{"start":{"line":75,"column":19},"end":{"line":75,"column":56}},"19":{"start":{"line":76,"column":18},"end":{"line":76,"column":54}},"20":{"start":{"line":77,"column":24},"end":{"line":82,"column":10}},"21":{"start":{"line":83,"column":8},"end":{"line":89,"column":9}},"22":{"start":{"line":93,"column":8},"end":{"line":93,"column":32}},"23":{"start":{"line":97,"column":0},"end":{"line":102,"column":2}}},"fnMap":{"0":{"name":"(anonymous_0)","decl":{"start":{"line":9,"column":4},"end":{"line":9,"column":5}},"loc":{"start":{"line":9,"column":23},"end":{"line":12,"column":5}}},"1":{"name":"(anonymous_1)","decl":{"start":{"line":14,"column":4},"end":{"line":14,"column":5}},"loc":{"start":{"line":14,"column":37},"end":{"line":19,"column":5}}},"2":{"name":"(anonymous_2)","decl":{"start":{"line":21,"column":4},"end":{"line":21,"column":5}},"loc":{"start":{"line":21,"column":23},"end":{"line":57,"column":5}}},"3":{"name":"(anonymous_3)","decl":{"start":{"line":59,"column":4},"end":{"line":59,"column":5}},"loc":{"start":{"line":59,"column":16},"end":{"line":90,"column":5}}},"4":{"name":"(anonymous_4)","decl":{"start":{"line":92,"column":4},"end":{"line":92,"column":5}},"loc":{"start":{"line":92,"column":13},"end":{"line":94,"column":5}}}},"branchMap":{"0":{"loc":{"start":{"line":15,"column":15},"end":{"line":18,"column":67}},"type":"binary-expr","locations":[{"start":{"line":15,"column":15},"end":{"line":15,"column":53}},{"start":{"line":16,"column":15},"end":{"line":16,"column":93}},{"start":{"line":17,"column":15},"end":{"line":17,"column":67}},{"start":{"line":18,"column":15},"end":{"line":18,"column":67}}]},"1":{"loc":{"start":{"line":33,"column":8},"end":{"line":55,"column":9}},"type":"if","locations":[{"start":{"line":33,"column":8},"end":{"line":55,"column":9}},{"start":{"line":33,"column":8},"end":{"line":55,"column":9}}]},"2":{"loc":{"start":{"line":35,"column":12},"end":{"line":37,"column":13}},"type":"if","locations":[{"start":{"line":35,"column":12},"end":{"line":37,"column":13}},{"start":{"line":35,"column":12},"end":{"line":37,"column":13}}]},"3":{"loc":{"start":{"line":38,"column":12},"end":{"line":41,"column":13}},"type":"if","locations":[{"start":{"line":38,"column":12},"end":{"line":41,"column":13}},{"start":{"line":38,"column":12},"end":{"line":41,"column":13}}]},"4":{"loc":{"start":{"line":38,"column":16},"end":{"line":39,"column":109}},"type":"binary-expr","locations":[{"start":{"line":38,"column":16},"end":{"line":38,"column":107}},{"start":{"line":39,"column":19},"end":{"line":39,"column":109}}]},"5":{"loc":{"start":{"line":68,"column":8},"end":{"line":71,"column":9}},"type":"if","locations":[{"start":{"line":68,"column":8},"end":{"line":71,"column":9}},{"start":{"line":68,"column":8},"end":{"line":71,"column":9}}]},"6":{"loc":{"start":{"line":68,"column":12},"end":{"line":69,"column":54}},"type":"binary-expr","locations":[{"start":{"line":68,"column":12},"end":{"line":68,"column":79}},{"start":{"line":69,"column":15},"end":{"line":69,"column":54}}]},"7":{"loc":{"start":{"line":75,"column":19},"end":{"line":75,"column":56}},"type":"cond-expr","locations":[{"start":{"line":75,"column":44},"end":{"line":75,"column":48}},{"start":{"line":75,"column":51},"end":{"line":75,"column":56}}]},"8":{"loc":{"start":{"line":76,"column":18},"end":{"line":76,"column":54}},"type":"cond-expr","locations":[{"start":{"line":76,"column":42},"end":{"line":76,"column":46}},{"start":{"line":76,"column":49},"end":{"line":76,"column":54}}]},"9":{"loc":{"start":{"line":79,"column":21},"end":{"line":79,"column":43}},"type":"cond-expr","locations":[{"start":{"line":79,"column":31},"end":{"line":79,"column":35}},{"start":{"line":79,"column":38},"end":{"line":79,"column":43}}]},"10":{"loc":{"start":{"line":86,"column":23},"end":{"line":86,"column":76}},"type":"cond-expr","locations":[{"start":{"line":86,"column":35},"end":{"line":86,"column":54}},{"start":{"line":86,"column":57},"end":{"line":86,"column":76}}]}},"s":{"0":1,"1":2,"2":2,"3":1,"4":2,"5":2,"6":1,"7":1,"8":1,"9":0,"10":1,"11":1,"12":1,"13":1,"14":2,"15":2,"16":1,"17":2,"18":2,"19":2,"20":2,"21":2,"22":2,"23":1},"f":{"0":2,"1":1,"2":2,"3":2,"4":2},"b":{"0":[1,0,0,0],"1":[1,1],"2":[0,1],"3":[1,0],"4":[1,1],"5":[1,1],"6":[2,1],"7":[0,2],"8":[0,2],"9":[2,0],"10":[2,0]},"_coverageSchema":"332fd63041d2c1bcb487cc26dd0d5f7d97098a6c","hash":"8dd0776b7af36af2a598d5eb9186684689d86b79"}
,"/srv/gigatables_react/src/components/table/Row.js": {"path":"/srv/gigatables_react/src/components/table/Row.js","statementMap":{"0":{"start":{"line":14,"column":8},"end":{"line":14,"column":18}},"1":{"start":{"line":15,"column":4},"end":{"line":22,"column":37}},"2":{"start":{"line":36,"column":8},"end":{"line":36,"column":18}},"3":{"start":{"line":38,"column":21},"end":{"line":42,"column":6}},"4":{"start":{"line":43,"column":4},"end":{"line":53,"column":5}},"5":{"start":{"line":57,"column":0},"end":{"line":63,"column":2}}},"fnMap":{"0":{"name":"(anonymous_0)","decl":{"start":{"line":6,"column":2},"end":{"line":6,"column":3}},"loc":{"start":{"line":6,"column":35},"end":{"line":23,"column":3}}},"1":{"name":"(anonymous_1)","decl":{"start":{"line":25,"column":2},"end":{"line":25,"column":3}},"loc":{"start":{"line":26,"column":2},"end":{"line":54,"column":3}}}},"branchMap":{"0":{"loc":{"start":{"line":15,"column":11},"end":{"line":22,"column":36}},"type":"binary-expr","locations":[{"start":{"line":15,"column":11},"end":{"line":15,"column":33}},{"start":{"line":16,"column":9},"end":{"line":16,"column":40}},{"start":{"line":17,"column":9},"end":{"line":17,"column":34}},{"start":{"line":18,"column":9},"end":{"line":18,"column":62}},{"start":{"line":19,"column":9},"end":{"line":19,"column":78}},{"start":{"line":20,"column":9},"end":{"line":20,"column":43}},{"start":{"line":21,"column":9},"end":{"line":21,"column":36}},{"start":{"line":22,"column":9},"end":{"line":22,"column":36}}]},"1":{"loc":{"start":{"line":39,"column":11},"end":{"line":39,"column":39}},"type":"cond-expr","locations":[{"start":{"line":39,"column":29},"end":{"line":39,"column":33}},{"start":{"line":39,"column":34},"end":{"line":39,"column":39}}]},"2":{"loc":{"start":{"line":40,"column":10},"end":{"line":40,"column":38}},"type":"cond-expr","locations":[{"start":{"line":40,"column":28},"end":{"line":40,"column":33}},{"start":{"line":40,"column":34},"end":{"line":40,"column":38}}]},"3":{"loc":{"start":{"line":41,"column":14},"end":{"line":41,"column":65}},"type":"cond-expr","locations":[{"start":{"line":41,"column":53},"end":{"line":41,"column":57}},{"start":{"line":41,"column":60},"end":{"line":41,"column":65}}]},"4":{"loc":{"start":{"line":48,"column":17},"end":{"line":48,"column":63}},"type":"cond-expr","locations":[{"start":{"line":48,"column":45},"end":{"line":48,"column":55}},{"start":{"line":48,"column":58},"end":{"line":48,"column":63}}]}},"s":{"0":1,"1":1,"2":2,"3":2,"4":2,"5":1},"f":{"0":1,"1":2},"b":{"0":[1,1,0,0,0,0,0,0],"1":[1,1],"2":[1,1],"3":[0,2],"4":[0,2]},"_coverageSchema":"332fd63041d2c1bcb487cc26dd0d5f7d97098a6c","hash":"7860a187492ab80edbabf58dad7fcab24e662c83"}
,"/srv/gigatables_react/src/components/tools/PagesSelector.js": {"path":"/srv/gigatables_react/src/components/tools/PagesSelector.js","statementMap":{"0":{"start":{"line":5,"column":13},"end":{"line":5,"column":31}},"1":{"start":{"line":9,"column":4},"end":{"line":10,"column":50}},"2":{"start":{"line":20,"column":8},"end":{"line":20,"column":18}},"3":{"start":{"line":21,"column":19},"end":{"line":21,"column":29}},"4":{"start":{"line":22,"column":4},"end":{"line":37,"column":5}},"5":{"start":{"line":26,"column":40},"end":{"line":26,"column":60}},"6":{"start":{"line":30,"column":16},"end":{"line":30,"column":59}},"7":{"start":{"line":41,"column":0},"end":{"line":46,"column":2}}},"fnMap":{"0":{"name":"(anonymous_0)","decl":{"start":{"line":8,"column":2},"end":{"line":8,"column":3}},"loc":{"start":{"line":8,"column":35},"end":{"line":11,"column":3}}},"1":{"name":"(anonymous_1)","decl":{"start":{"line":13,"column":2},"end":{"line":13,"column":3}},"loc":{"start":{"line":14,"column":2},"end":{"line":38,"column":3}}},"2":{"name":"(anonymous_2)","decl":{"start":{"line":26,"column":28},"end":{"line":26,"column":29}},"loc":{"start":{"line":26,"column":39},"end":{"line":26,"column":61}}},"3":{"name":"(anonymous_3)","decl":{"start":{"line":29,"column":28},"end":{"line":29,"column":29}},"loc":{"start":{"line":29,"column":45},"end":{"line":31,"column":13}}}},"branchMap":{"0":{"loc":{"start":{"line":9,"column":11},"end":{"line":10,"column":49}},"type":"binary-expr","locations":[{"start":{"line":9,"column":11},"end":{"line":9,"column":59}},{"start":{"line":10,"column":9},"end":{"line":10,"column":49}}]}},"s":{"0":1,"1":1,"2":2,"3":2,"4":2,"5":0,"6":8,"7":1},"f":{"0":1,"1":2,"2":0,"3":8},"b":{"0":[1,0]},"_coverageSchema":"332fd63041d2c1bcb487cc26dd0d5f7d97098a6c","hash":"5bfcbd6486fb5c2a70d400b6ea5cabb130d785a2"}
,"/srv/gigatables_react/src/components/tools/Pagination.js": {"path":"/srv/gigatables_react/src/components/tools/Pagination.js","statementMap":{"0":{"start":{"line":6,"column":24},"end":{"line":6,"column":53}},"1":{"start":{"line":7,"column":24},"end":{"line":7,"column":53}},"2":{"start":{"line":8,"column":13},"end":{"line":8,"column":31}},"3":{"start":{"line":13,"column":4},"end":{"line":16,"column":50}},"4":{"start":{"line":26,"column":8},"end":{"line":26,"column":18}},"5":{"start":{"line":27,"column":15},"end":{"line":27,"column":36}},"6":{"start":{"line":28,"column":22},"end":{"line":31,"column":6}},"7":{"start":{"line":32,"column":22},"end":{"line":35,"column":6}},"8":{"start":{"line":37,"column":15},"end":{"line":37,"column":32}},"9":{"start":{"line":38,"column":16},"end":{"line":38,"column":46}},"10":{"start":{"line":39,"column":19},"end":{"line":39,"column":37}},"11":{"start":{"line":40,"column":11},"end":{"line":40,"column":55}},"12":{"start":{"line":41,"column":15},"end":{"line":41,"column":16}},"13":{"start":{"line":41,"column":29},"end":{"line":41,"column":30}},"14":{"start":{"line":43,"column":23},"end":{"line":43,"column":25}},"15":{"start":{"line":44,"column":4},"end":{"line":104,"column":5}},"16":{"start":{"line":45,"column":24},"end":{"line":45,"column":29}},"17":{"start":{"line":45,"column":42},"end":{"line":45,"column":47}},"18":{"start":{"line":45,"column":60},"end":{"line":45,"column":65}},"19":{"start":{"line":46,"column":24},"end":{"line":49,"column":8}},"20":{"start":{"line":50,"column":6},"end":{"line":103,"column":9}},"21":{"start":{"line":51,"column":10},"end":{"line":97,"column":11}},"22":{"start":{"line":52,"column":14},"end":{"line":53,"column":93}},"23":{"start":{"line":54,"column":14},"end":{"line":54,"column":20}},"24":{"start":{"line":55,"column":17},"end":{"line":97,"column":11}},"25":{"start":{"line":56,"column":14},"end":{"line":56,"column":42}},"26":{"start":{"line":57,"column":14},"end":{"line":57,"column":42}},"27":{"start":{"line":58,"column":14},"end":{"line":58,"column":54}},"28":{"start":{"line":59,"column":14},"end":{"line":59,"column":50}},"29":{"start":{"line":61,"column":31},"end":{"line":64,"column":16}},"30":{"start":{"line":65,"column":14},"end":{"line":71,"column":132}},"31":{"start":{"line":72,"column":14},"end":{"line":72,"column":20}},"32":{"start":{"line":73,"column":17},"end":{"line":97,"column":11}},"33":{"start":{"line":74,"column":31},"end":{"line":74,"column":33}},"34":{"start":{"line":75,"column":14},"end":{"line":93,"column":15}},"35":{"start":{"line":76,"column":29},"end":{"line":76,"column":40}},"36":{"start":{"line":77,"column":33},"end":{"line":77,"column":38}},"37":{"start":{"line":77,"column":51},"end":{"line":77,"column":56}},"38":{"start":{"line":78,"column":18},"end":{"line":87,"column":19}},"39":{"start":{"line":79,"column":22},"end":{"line":79,"column":52}},"40":{"start":{"line":80,"column":22},"end":{"line":82,"column":23}},"41":{"start":{"line":81,"column":26},"end":{"line":81,"column":59}},"42":{"start":{"line":83,"column":22},"end":{"line":83,"column":52}},"43":{"start":{"line":84,"column":22},"end":{"line":86,"column":23}},"44":{"start":{"line":85,"column":26},"end":{"line":85,"column":39}},"45":{"start":{"line":88,"column":18},"end":{"line":91,"column":21}},"46":{"start":{"line":92,"column":18},"end":{"line":92,"column":142}},"47":{"start":{"line":94,"column":14},"end":{"line":95,"column":100}},"48":{"start":{"line":96,"column":14},"end":{"line":96,"column":20}},"49":{"start":{"line":99,"column":10},"end":{"line":102,"column":11}},"50":{"start":{"line":100,"column":12},"end":{"line":101,"column":80}},"51":{"start":{"line":106,"column":4},"end":{"line":116,"column":5}},"52":{"start":{"line":107,"column":6},"end":{"line":115,"column":7}},"53":{"start":{"line":108,"column":26},"end":{"line":108,"column":31}},"54":{"start":{"line":108,"column":44},"end":{"line":108,"column":49}},"55":{"start":{"line":108,"column":62},"end":{"line":108,"column":67}},"56":{"start":{"line":109,"column":26},"end":{"line":112,"column":10}},"57":{"start":{"line":113,"column":8},"end":{"line":114,"column":76}},"58":{"start":{"line":118,"column":15},"end":{"line":118,"column":74}},"59":{"start":{"line":119,"column":11},"end":{"line":119,"column":50}},"60":{"start":{"line":121,"column":22},"end":{"line":122,"column":100}},"61":{"start":{"line":123,"column":4},"end":{"line":135,"column":5}},"62":{"start":{"line":139,"column":0},"end":{"line":144,"column":2}}},"fnMap":{"0":{"name":"(anonymous_0)","decl":{"start":{"line":11,"column":2},"end":{"line":11,"column":3}},"loc":{"start":{"line":12,"column":2},"end":{"line":17,"column":3}}},"1":{"name":"(anonymous_1)","decl":{"start":{"line":19,"column":2},"end":{"line":19,"column":3}},"loc":{"start":{"line":20,"column":2},"end":{"line":136,"column":3}}}},"branchMap":{"0":{"loc":{"start":{"line":13,"column":11},"end":{"line":16,"column":49}},"type":"binary-expr","locations":[{"start":{"line":13,"column":11},"end":{"line":13,"column":55}},{"start":{"line":14,"column":9},"end":{"line":14,"column":43}},{"start":{"line":15,"column":9},"end":{"line":15,"column":49}},{"start":{"line":16,"column":9},"end":{"line":16,"column":49}}]},"1":{"loc":{"start":{"line":48,"column":18},"end":{"line":48,"column":55}},"type":"cond-expr","locations":[{"start":{"line":48,"column":43},"end":{"line":48,"column":47}},{"start":{"line":48,"column":50},"end":{"line":48,"column":55}}]},"2":{"loc":{"start":{"line":50,"column":6},"end":{"line":103,"column":9}},"type":"if","locations":[{"start":{"line":50,"column":6},"end":{"line":103,"column":9}},{"start":{"line":50,"column":6},"end":{"line":103,"column":9}}]},"3":{"loc":{"start":{"line":51,"column":10},"end":{"line":97,"column":11}},"type":"if","locations":[{"start":{"line":51,"column":10},"end":{"line":97,"column":11}},{"start":{"line":51,"column":10},"end":{"line":97,"column":11}}]},"4":{"loc":{"start":{"line":55,"column":17},"end":{"line":97,"column":11}},"type":"if","locations":[{"start":{"line":55,"column":17},"end":{"line":97,"column":11}},{"start":{"line":55,"column":17},"end":{"line":97,"column":11}}]},"5":{"loc":{"start":{"line":55,"column":21},"end":{"line":55,"column":117}},"type":"binary-expr","locations":[{"start":{"line":55,"column":21},"end":{"line":55,"column":63}},{"start":{"line":55,"column":67},"end":{"line":55,"column":117}}]},"6":{"loc":{"start":{"line":63,"column":26},"end":{"line":63,"column":64}},"type":"cond-expr","locations":[{"start":{"line":63,"column":52},"end":{"line":63,"column":56}},{"start":{"line":63,"column":59},"end":{"line":63,"column":64}}]},"7":{"loc":{"start":{"line":73,"column":17},"end":{"line":97,"column":11}},"type":"if","locations":[{"start":{"line":73,"column":17},"end":{"line":97,"column":11}},{"start":{"line":73,"column":17},"end":{"line":97,"column":11}}]},"8":{"loc":{"start":{"line":78,"column":18},"end":{"line":87,"column":19}},"type":"if","locations":[{"start":{"line":78,"column":18},"end":{"line":87,"column":19}},{"start":{"line":78,"column":18},"end":{"line":87,"column":19}}]},"9":{"loc":{"start":{"line":80,"column":22},"end":{"line":82,"column":23}},"type":"if","locations":[{"start":{"line":80,"column":22},"end":{"line":82,"column":23}},{"start":{"line":80,"column":22},"end":{"line":82,"column":23}}]},"10":{"loc":{"start":{"line":84,"column":22},"end":{"line":86,"column":23}},"type":"if","locations":[{"start":{"line":84,"column":22},"end":{"line":86,"column":23}},{"start":{"line":84,"column":22},"end":{"line":86,"column":23}}]},"11":{"loc":{"start":{"line":90,"column":30},"end":{"line":90,"column":63}},"type":"cond-expr","locations":[{"start":{"line":90,"column":51},"end":{"line":90,"column":55}},{"start":{"line":90,"column":58},"end":{"line":90,"column":63}}]},"12":{"loc":{"start":{"line":99,"column":10},"end":{"line":102,"column":11}},"type":"if","locations":[{"start":{"line":99,"column":10},"end":{"line":102,"column":11}},{"start":{"line":99,"column":10},"end":{"line":102,"column":11}}]},"13":{"loc":{"start":{"line":99,"column":14},"end":{"line":99,"column":119}},"type":"binary-expr","locations":[{"start":{"line":99,"column":14},"end":{"line":99,"column":55}},{"start":{"line":99,"column":61},"end":{"line":99,"column":103}},{"start":{"line":99,"column":108},"end":{"line":99,"column":118}}]},"14":{"loc":{"start":{"line":106,"column":4},"end":{"line":116,"column":5}},"type":"if","locations":[{"start":{"line":106,"column":4},"end":{"line":116,"column":5}},{"start":{"line":106,"column":4},"end":{"line":116,"column":5}}]},"15":{"loc":{"start":{"line":106,"column":8},"end":{"line":106,"column":46}},"type":"binary-expr","locations":[{"start":{"line":106,"column":8},"end":{"line":106,"column":17}},{"start":{"line":106,"column":21},"end":{"line":106,"column":46}}]},"16":{"loc":{"start":{"line":111,"column":20},"end":{"line":111,"column":57}},"type":"cond-expr","locations":[{"start":{"line":111,"column":45},"end":{"line":111,"column":49}},{"start":{"line":111,"column":52},"end":{"line":111,"column":57}}]},"17":{"loc":{"start":{"line":118,"column":15},"end":{"line":118,"column":74}},"type":"cond-expr","locations":[{"start":{"line":118,"column":30},"end":{"line":118,"column":51}},{"start":{"line":118,"column":54},"end":{"line":118,"column":74}}]},"18":{"loc":{"start":{"line":119,"column":11},"end":{"line":119,"column":50}},"type":"cond-expr","locations":[{"start":{"line":119,"column":30},"end":{"line":119,"column":31}},{"start":{"line":119,"column":34},"end":{"line":119,"column":50}}]}},"s":{"0":1,"1":1,"2":1,"3":1,"4":3,"5":3,"6":3,"7":3,"8":3,"9":3,"10":3,"11":3,"12":3,"13":3,"14":3,"15":3,"16":17,"17":17,"18":17,"19":17,"20":17,"21":1,"22":0,"23":0,"24":1,"25":0,"26":0,"27":0,"28":0,"29":0,"30":0,"31":0,"32":1,"33":1,"34":1,"35":6,"36":6,"37":6,"38":6,"39":1,"40":1,"41":0,"42":1,"43":1,"44":0,"45":6,"46":6,"47":1,"48":1,"49":16,"50":10,"51":3,"52":0,"53":0,"54":0,"55":0,"56":0,"57":0,"58":3,"59":3,"60":3,"61":3,"62":1},"f":{"0":1,"1":3},"b":{"0":[1,0,0,0],"1":[2,15],"2":[1,16],"3":[0,1],"4":[0,1],"5":[1,1],"6":[0,0],"7":[1,0],"8":[1,5],"9":[0,1],"10":[0,1],"11":[1,5],"12":[10,6],"13":[16,6,6],"14":[0,3],"15":[3,3],"16":[0,0],"17":[2,1],"18":[0,3]},"_coverageSchema":"332fd63041d2c1bcb487cc26dd0d5f7d97098a6c","hash":"46eb92d5970756e3c0bbc1894525dc2e0950a37b"}
,"/srv/gigatables_react/src/components/tools/Search.js": {"path":"/srv/gigatables_react/src/components/tools/Search.js","statementMap":{"0":{"start":{"line":5,"column":13},"end":{"line":5,"column":31}},"1":{"start":{"line":9,"column":4},"end":{"line":9,"column":50}},"2":{"start":{"line":18,"column":8},"end":{"line":18,"column":18}},"3":{"start":{"line":20,"column":21},"end":{"line":20,"column":31}},"4":{"start":{"line":21,"column":4},"end":{"line":34,"column":5}},"5":{"start":{"line":38,"column":0},"end":{"line":42,"column":2}}},"fnMap":{"0":{"name":"(anonymous_0)","decl":{"start":{"line":8,"column":2},"end":{"line":8,"column":3}},"loc":{"start":{"line":8,"column":35},"end":{"line":10,"column":3}}},"1":{"name":"(anonymous_1)","decl":{"start":{"line":12,"column":2},"end":{"line":12,"column":3}},"loc":{"start":{"line":13,"column":2},"end":{"line":35,"column":3}}}},"branchMap":{},"s":{"0":1,"1":0,"2":1,"3":1,"4":1,"5":1},"f":{"0":0,"1":1},"b":{},"_coverageSchema":"332fd63041d2c1bcb487cc26dd0d5f7d97098a6c","hash":"584d88051bef3a8572678f45e28238aed785938c"}
}
