TN:
SF:/Users/arthur/www/gigatables_react/src/components/CommonConstants.js
FNF:0
FNH:0
DA:1,6
LF:1
LH:1
BRF:0
BRH:0
end_of_record
TN:
SF:/Users/arthur/www/gigatables_react/src/components/EditorConstants.js
FNF:0
FNH:0
DA:1,5
LF:1
LH:1
BRF:0
BRH:0
end_of_record
TN:
SF:/Users/arthur/www/gigatables_react/src/components/Exceptions.js
FN:1,(anonymous_0)
FN:6,(anonymous_1)
FNF:2
FNH:0
FNDA:0,(anonymous_0)
FNDA:0,(anonymous_1)
DA:1,1
DA:3,0
DA:4,0
DA:6,1
DA:8,0
DA:9,0
LF:6
LH:2
BRF:0
BRH:0
end_of_record
TN:
SF:/Users/arthur/www/gigatables_react/src/components/Helpers.js
FN:1,t
FNF:1
FNH:1
FNDA:5,t
DA:2,5
DA:3,5
DA:4,5
DA:7,5
LF:4
LH:4
BRDA:3,0,0,5
BRDA:3,0,1,0
BRF:2
BRH:1
end_of_record
TN:
SF:/Users/arthur/www/gigatables_react/src/components/Lang.js
FNF:0
FNH:0
DA:1,5
LF:1
LH:1
BRF:0
BRH:0
end_of_record
TN:
SF:/Users/arthur/www/gigatables_react/src/components/form/Button.js
FN:7,(anonymous_0)
FN:12,(anonymous_1)
FN:17,(anonymous_2)
FN:22,(anonymous_3)
FNF:4
FNH:4
FNDA:5,(anonymous_0)
FNDA:1,(anonymous_1)
FNDA:1,(anonymous_2)
FNDA:5,(anonymous_3)
DA:8,5
DA:9,5
DA:13,1
DA:14,1
DA:18,1
DA:24,5
DA:25,5
DA:29,5
DA:43,2
LF:9
LH:9
BRDA:18,0,0,1
BRDA:18,0,1,1
BRDA:33,1,0,1
BRDA:33,1,1,4
BRF:4
BRH:4
end_of_record
TN:
SF:/Users/arthur/www/gigatables_react/src/components/form/CSVLink.js
FN:7,(anonymous_0)
FN:20,(anonymous_1)
FN:29,(anonymous_2)
FN:46,(anonymous_3)
FNF:4
FNH:1
FNDA:0,(anonymous_0)
FNDA:0,(anonymous_1)
FNDA:0,(anonymous_2)
FNDA:1,(anonymous_3)
DA:4,1
DA:8,0
DA:9,0
DA:10,0
DA:11,0
DA:12,0
DA:13,0
DA:14,0
DA:17,0
DA:21,0
DA:22,0
DA:24,0
DA:25,0
DA:26,0
DA:28,0
DA:29,0
DA:30,0
DA:32,0
DA:33,0
DA:34,0
DA:37,0
DA:38,0
DA:39,0
DA:40,0
DA:41,0
DA:42,0
DA:47,1
DA:48,1
DA:52,1
LF:29
LH:4
BRDA:10,0,0,0
BRDA:10,0,1,0
BRDA:11,1,0,0
BRDA:11,1,1,0
BRDA:21,2,0,0
BRDA:21,2,1,0
BRDA:21,3,0,0
BRDA:21,3,1,0
BRDA:33,4,0,0
BRDA:33,4,1,0
BRDA:55,5,0,1
BRDA:55,5,1,0
BRF:12
BRH:1
end_of_record
TN:
SF:/Users/arthur/www/gigatables_react/src/components/form/Editor.js
FN:23,(anonymous_0)
FN:47,(anonymous_1)
FN:50,(anonymous_2)
FN:55,(anonymous_3)
FN:67,(anonymous_4)
FN:69,(anonymous_5)
FN:79,(anonymous_6)
FN:81,(anonymous_7)
FN:91,(anonymous_8)
FN:104,(anonymous_9)
FN:106,(anonymous_10)
FN:123,(anonymous_11)
FN:126,(anonymous_12)
FN:135,(anonymous_13)
FN:156,(anonymous_14)
FN:172,(anonymous_15)
FN:186,(anonymous_16)
FN:197,(anonymous_17)
FN:205,(anonymous_18)
FN:294,(anonymous_19)
FN:366,(anonymous_20)
FN:369,(anonymous_21)
FN:376,(anonymous_22)
FN:379,(anonymous_23)
FN:386,(anonymous_24)
FN:415,(anonymous_25)
FN:415,(anonymous_26)
FN:443,(anonymous_27)
FN:443,(anonymous_28)
FN:454,(anonymous_29)
FN:454,(anonymous_30)
FN:462,(anonymous_31)
FN:471,(anonymous_32)
FN:501,(anonymous_33)
FN:505,(anonymous_34)
FN:511,(anonymous_35)
FNF:36
FNH:21
FNDA:2,(anonymous_0)
FNDA:3,(anonymous_1)
FNDA:20,(anonymous_2)
FNDA:9,(anonymous_3)
FNDA:3,(anonymous_4)
FNDA:18,(anonymous_5)
FNDA:1,(anonymous_6)
FNDA:6,(anonymous_7)
FNDA:24,(anonymous_8)
FNDA:0,(anonymous_9)
FNDA:0,(anonymous_10)
FNDA:5,(anonymous_11)
FNDA:5,(anonymous_12)
FNDA:1,(anonymous_13)
FNDA:1,(anonymous_14)
FNDA:0,(anonymous_15)
FNDA:0,(anonymous_16)
FNDA:0,(anonymous_17)
FNDA:24,(anonymous_18)
FNDA:1,(anonymous_19)
FNDA:1,(anonymous_20)
FNDA:3,(anonymous_21)
FNDA:1,(anonymous_22)
FNDA:3,(anonymous_23)
FNDA:0,(anonymous_24)
FNDA:0,(anonymous_25)
FNDA:0,(anonymous_26)
FNDA:0,(anonymous_27)
FNDA:0,(anonymous_28)
FNDA:0,(anonymous_29)
FNDA:0,(anonymous_30)
FNDA:0,(anonymous_31)
FNDA:0,(anonymous_32)
FNDA:1,(anonymous_33)
FNDA:0,(anonymous_34)
FNDA:4,(anonymous_35)
DA:17,1
DA:18,1
DA:19,1
DA:20,1
DA:24,2
DA:25,2
DA:26,0
DA:28,2
DA:29,0
DA:31,2
DA:32,2
DA:39,2
DA:40,2
DA:41,2
DA:42,2
DA:43,2
DA:44,2
DA:48,3
DA:49,3
DA:50,3
DA:51,20
DA:56,9
DA:57,9
DA:58,3
DA:59,6
DA:60,1
DA:61,5
DA:62,5
DA:64,9
DA:68,3
DA:69,3
DA:70,18
DA:71,18
DA:73,3
DA:74,0
DA:76,3
DA:80,1
DA:81,1
DA:82,6
DA:83,6
DA:85,1
DA:86,0
DA:88,1
DA:92,24
DA:93,0
DA:94,0
DA:96,0
DA:97,0
DA:99,24
DA:100,0
DA:105,0
DA:106,0
DA:107,0
DA:108,0
DA:111,0
DA:112,0
DA:113,0
DA:119,0
DA:120,0
DA:124,5
DA:125,5
DA:126,5
DA:127,5
DA:128,5
DA:130,5
DA:131,5
DA:132,5
DA:136,1
DA:137,1
DA:138,1
DA:140,0
DA:142,1
DA:148,1
DA:150,1
DA:157,1
DA:158,1
DA:159,1
DA:161,1
DA:173,0
DA:174,0
DA:175,0
DA:176,0
DA:177,0
DA:179,0
DA:180,0
DA:184,0
DA:187,0
DA:188,0
DA:189,0
DA:190,0
DA:198,0
DA:206,24
DA:207,24
DA:208,24
DA:210,24
DA:211,24
DA:212,24
DA:213,24
DA:214,24
DA:215,0
DA:217,24
DA:218,0
DA:219,0
DA:221,0
DA:222,0
DA:224,0
DA:227,24
DA:229,0
DA:233,24
DA:234,24
DA:235,4
DA:236,4
DA:237,4
DA:238,4
DA:239,4
DA:240,4
DA:247,24
DA:248,24
DA:249,24
DA:255,8
DA:265,8
DA:277,4
DA:287,4
DA:290,4
DA:295,1
DA:304,4
DA:306,4
DA:308,0
DA:322,4
DA:336,4
DA:338,0
DA:348,0
DA:351,4
DA:361,4
DA:363,24
DA:367,1
DA:369,1
DA:370,3
DA:371,0
DA:377,1
DA:379,1
DA:380,3
DA:381,0
DA:387,0
DA:392,0
DA:393,0
DA:395,0
DA:396,0
DA:397,0
DA:398,0
DA:399,0
DA:400,0
DA:401,0
DA:402,0
DA:403,0
DA:404,0
DA:406,0
DA:407,0
DA:409,0
DA:410,0
DA:411,0
DA:415,0
DA:417,0
DA:418,0
DA:420,0
DA:421,0
DA:422,0
DA:425,0
DA:426,0
DA:427,0
DA:429,0
DA:430,0
DA:431,0
DA:432,0
DA:433,0
DA:434,0
DA:435,0
DA:438,0
DA:439,0
DA:443,0
DA:444,0
DA:445,0
DA:447,0
DA:448,0
DA:449,0
DA:450,0
DA:454,0
DA:456,0
DA:457,0
DA:463,0
DA:464,0
DA:465,0
DA:468,0
DA:474,0
DA:475,0
DA:476,0
DA:477,0
DA:478,0
DA:479,0
DA:480,0
DA:482,0
DA:487,0
DA:490,0
DA:496,0
DA:502,1
DA:506,0
DA:507,0
DA:518,4
DA:519,4
DA:520,4
DA:525,4
DA:530,4
DA:534,4
DA:585,1
LF:214
LH:107
BRDA:25,0,0,0
BRDA:25,0,1,2
BRDA:28,1,0,0
BRDA:28,1,1,2
BRDA:57,2,0,3
BRDA:57,2,1,6
BRDA:59,3,0,1
BRDA:59,3,1,5
BRDA:61,4,0,5
BRDA:61,4,1,0
BRDA:73,5,0,0
BRDA:73,5,1,3
BRDA:85,6,0,0
BRDA:85,6,1,1
BRDA:92,7,0,0
BRDA:92,7,1,24
BRDA:93,8,0,0
BRDA:93,8,1,0
BRDA:99,9,0,0
BRDA:99,9,1,24
BRDA:107,10,0,0
BRDA:107,10,1,0
BRDA:107,11,0,0
BRDA:107,11,1,0
BRDA:138,12,0,0
BRDA:138,12,1,1
BRDA:138,13,0,1
BRDA:138,13,1,1
BRDA:138,13,2,0
BRDA:142,14,0,1
BRDA:142,14,1,0
BRDA:142,15,0,1
BRDA:142,15,1,1
BRDA:142,15,2,0
BRDA:142,15,3,0
BRDA:142,15,4,0
BRDA:159,16,0,0
BRDA:159,16,1,1
BRDA:159,17,0,1
BRDA:159,17,1,0
BRDA:173,18,0,0
BRDA:173,18,1,0
BRDA:179,19,0,0
BRDA:179,19,1,0
BRDA:179,20,0,0
BRDA:179,20,1,0
BRDA:187,21,0,0
BRDA:187,21,1,0
BRDA:190,22,0,0
BRDA:190,22,1,0
BRDA:214,23,0,0
BRDA:214,23,1,24
BRDA:214,24,0,24
BRDA:214,24,1,0
BRDA:217,25,0,0
BRDA:217,25,1,24
BRDA:218,26,0,0
BRDA:218,26,1,0
BRDA:221,27,0,0
BRDA:221,27,1,0
BRDA:227,28,0,0
BRDA:227,28,1,24
BRDA:227,29,0,24
BRDA:227,29,1,12
BRDA:234,30,0,4
BRDA:234,30,1,20
BRDA:237,31,0,4
BRDA:237,31,1,0
BRDA:239,32,0,4
BRDA:239,32,1,0
BRDA:249,33,0,4
BRDA:249,33,1,8
BRDA:249,33,2,8
BRDA:249,33,3,8
BRDA:249,33,4,0
BRDA:249,33,5,4
BRDA:249,33,6,4
BRDA:249,33,7,4
BRDA:249,33,8,4
BRDA:249,33,9,4
BRDA:249,33,10,4
BRDA:249,33,11,4
BRDA:249,33,12,4
BRDA:249,33,13,4
BRDA:249,33,14,4
BRDA:249,33,15,4
BRDA:249,33,16,4
BRDA:249,33,17,0
BRDA:249,33,18,4
BRDA:249,33,19,4
BRDA:306,34,0,0
BRDA:306,34,1,4
BRDA:306,35,0,4
BRDA:306,35,1,0
BRDA:370,36,0,0
BRDA:370,36,1,3
BRDA:370,37,0,3
BRDA:370,37,1,0
BRDA:380,38,0,0
BRDA:380,38,1,3
BRDA:380,39,0,3
BRDA:380,39,1,0
BRDA:400,40,0,0
BRDA:400,40,1,0
BRDA:403,41,0,0
BRDA:403,41,1,0
BRDA:406,42,0,0
BRDA:406,42,1,0
BRDA:417,43,0,0
BRDA:417,43,1,0
BRDA:421,44,0,0
BRDA:421,44,1,0
BRDA:429,45,0,0
BRDA:429,45,1,0
BRDA:434,46,0,0
BRDA:434,46,1,0
BRDA:447,47,0,0
BRDA:447,47,1,0
BRDA:464,48,0,0
BRDA:464,48,1,0
BRDA:475,49,0,0
BRDA:475,49,1,0
BRDA:477,50,0,0
BRDA:477,50,1,0
BRDA:479,51,0,0
BRDA:479,51,1,0
BRDA:487,52,0,0
BRDA:487,52,1,0
BRDA:487,53,0,0
BRDA:487,53,1,0
BRDA:487,53,2,0
BRDA:506,54,0,0
BRDA:506,54,1,0
BRDA:506,55,0,0
BRDA:506,55,1,0
BRF:135
BRH:53
end_of_record
TN:
SF:/Users/arthur/www/gigatables_react/src/components/form/fields/CheckRadio.js
FN:6,(anonymous_0)
FNF:1
FNH:1
FNDA:1,(anonymous_0)
DA:15,1
DA:17,1
DA:18,1
DA:20,1
DA:21,1
DA:22,2
DA:23,2
DA:24,2
DA:25,2
DA:26,2
DA:39,1
DA:48,1
LF:12
LH:12
BRDA:22,0,0,2
BRDA:22,0,1,0
BRDA:24,1,0,2
BRDA:24,1,1,0
BRDA:27,2,0,0
BRDA:27,2,1,2
BRF:6
BRH:3
end_of_record
TN:
SF:/Users/arthur/www/gigatables_react/src/components/form/fields/HTML5Input.js
FN:6,(anonymous_0)
FNF:1
FNH:1
FNDA:1,(anonymous_0)
DA:14,1
DA:15,1
DA:37,1
LF:3
LH:3
BRF:0
BRH:0
end_of_record
TN:
SF:/Users/arthur/www/gigatables_react/src/components/form/fields/Input.js
FN:7,(anonymous_0)
FNF:1
FNH:1
FNDA:2,(anonymous_0)
DA:4,1
DA:18,2
DA:19,2
DA:39,1
LF:4
LH:4
BRDA:22,0,0,1
BRDA:22,0,1,1
BRF:2
BRH:2
end_of_record
TN:
SF:/Users/arthur/www/gigatables_react/src/components/form/fields/Select.js
FN:6,(anonymous_0)
FNF:1
FNH:0
FNDA:0,(anonymous_0)
DA:15,0
DA:17,0
DA:18,0
DA:19,0
DA:20,0
DA:21,0
DA:22,0
DA:23,0
DA:24,0
DA:29,0
DA:48,1
LF:11
LH:1
BRDA:20,0,0,0
BRDA:20,0,1,0
BRDA:22,1,0,0
BRDA:22,1,1,0
BRF:4
BRH:0
end_of_record
TN:
SF:/Users/arthur/www/gigatables_react/src/components/form/fields/TextArea.js
FN:6,(anonymous_0)
FNF:1
FNH:1
FNDA:1,(anonymous_0)
DA:16,1
DA:17,1
DA:39,1
LF:3
LH:3
BRF:0
BRH:0
end_of_record
TN:
SF:/Users/arthur/www/gigatables_react/src/components/form/fields/TextEditor.js
FN:6,(anonymous_0)
FN:13,(anonymous_1)
FN:26,(anonymous_2)
FNF:3
FNH:0
FNDA:0,(anonymous_0)
FNDA:0,(anonymous_1)
FNDA:0,(anonymous_2)
DA:7,0
DA:8,0
DA:14,0
DA:16,0
DA:20,0
DA:33,0
DA:34,0
LF:7
LH:0
BRDA:16,0,0,0
BRDA:16,0,1,0
BRF:2
BRH:0
end_of_record
TN:
SF:/Users/arthur/www/gigatables_react/src/components/table/Column.js
FN:10,(anonymous_0)
FN:25,(anonymous_1)
FN:34,(anonymous_2)
FN:40,(anonymous_3)
FN:49,(anonymous_4)
FN:63,(anonymous_5)
FN:63,(anonymous_6)
FN:71,(anonymous_7)
FN:145,(anonymous_8)
FN:158,(anonymous_9)
FN:165,(anonymous_10)
FNF:11
FNH:4
FNDA:1,(anonymous_0)
FNDA:3,(anonymous_1)
FNDA:0,(anonymous_2)
FNDA:0,(anonymous_3)
FNDA:0,(anonymous_4)
FNDA:0,(anonymous_5)
FNDA:0,(anonymous_6)
FNDA:3,(anonymous_7)
FNDA:0,(anonymous_8)
FNDA:0,(anonymous_9)
FNDA:3,(anonymous_10)
DA:6,2
DA:7,2
DA:17,1
DA:18,1
DA:26,3
DA:27,3
DA:31,3
DA:35,0
DA:36,0
DA:41,0
DA:50,0
DA:51,0
DA:52,0
DA:53,0
DA:54,0
DA:55,0
DA:57,0
DA:60,0
DA:63,0
DA:64,0
DA:67,0
DA:87,3
DA:90,3
DA:92,3
DA:93,0
DA:97,0
DA:120,3
DA:121,3
DA:123,0
DA:129,3
DA:132,3
DA:146,0
DA:159,0
DA:166,3
DA:170,2
DA:180,2
LF:36
LH:17
BRDA:18,0,0,1
BRDA:18,0,1,1
BRDA:18,0,2,0
BRDA:18,0,3,0
BRDA:18,0,4,0
BRDA:35,1,0,0
BRDA:35,1,1,0
BRDA:35,2,0,0
BRDA:35,2,1,0
BRDA:55,3,0,0
BRDA:55,3,1,0
BRDA:92,4,0,0
BRDA:92,4,1,3
BRDA:92,5,0,3
BRDA:92,5,1,0
BRDA:121,6,0,0
BRDA:121,6,1,3
BRDA:143,7,0,0
BRDA:143,7,1,3
BRDA:143,8,0,3
BRDA:143,8,1,0
BRF:21
BRH:7
end_of_record
TN:
SF:/Users/arthur/www/gigatables_react/src/components/table/Header.js
FN:9,(anonymous_0)
FN:14,(anonymous_1)
FN:21,(anonymous_2)
FN:59,(anonymous_3)
FN:92,(anonymous_4)
FNF:5
FNH:5
FNDA:2,(anonymous_0)
FNDA:1,(anonymous_1)
FNDA:2,(anonymous_2)
FNDA:2,(anonymous_3)
FNDA:2,(anonymous_4)
DA:6,1
DA:10,2
DA:11,2
DA:15,1
DA:31,2
DA:33,2
DA:34,2
DA:35,2
DA:36,2
DA:38,2
DA:40,2
DA:42,2
DA:56,0
DA:66,2
DA:68,2
DA:70,2
DA:73,2
DA:75,2
DA:76,2
DA:77,2
DA:83,2
DA:93,2
DA:97,1
LF:23
LH:22
BRDA:15,0,0,1
BRDA:15,0,1,0
BRDA:15,0,2,0
BRDA:15,0,3,0
BRDA:33,1,0,2
BRDA:33,1,1,0
BRDA:35,2,0,2
BRDA:35,2,1,0
BRDA:38,3,0,2
BRDA:38,3,1,0
BRDA:38,4,0,2
BRDA:38,4,1,2
BRDA:68,5,0,2
BRDA:68,5,1,0
BRDA:68,6,0,2
BRDA:68,6,1,2
BRDA:75,7,0,0
BRDA:75,7,1,2
BRDA:76,8,0,0
BRDA:76,8,1,2
BRDA:79,9,0,2
BRDA:79,9,1,0
BRDA:86,10,0,2
BRDA:86,10,1,0
BRF:24
BRH:13
end_of_record
TN:
SF:/Users/arthur/www/gigatables_react/src/components/table/ProgressBar.js
FN:9,(anonymous_0)
FNF:1
FNH:0
FNDA:0,(anonymous_0)
DA:6,2
DA:14,0
DA:16,0
DA:25,0
DA:29,0
DA:30,0
DA:44,2
DA:50,2
LF:8
LH:3
BRDA:18,0,0,0
BRDA:18,0,1,0
BRDA:19,1,0,0
BRDA:19,1,1,0
BRDA:20,2,0,0
BRDA:20,2,1,0
BRDA:21,3,0,0
BRDA:21,3,1,0
BRDA:23,4,0,0
BRDA:23,4,1,0
BRDA:26,5,0,0
BRDA:26,5,1,0
BRDA:27,6,0,0
BRDA:27,6,1,0
BRDA:29,7,0,0
BRDA:29,7,1,0
BRDA:29,8,0,0
BRDA:29,8,1,0
BRDA:35,9,0,0
BRDA:35,9,1,0
BRF:20
BRH:0
end_of_record
TN:
SF:/Users/arthur/www/gigatables_react/src/components/table/Row.js
FN:6,(anonymous_0)
FN:25,(anonymous_1)
FNF:2
FNH:2
FNDA:1,(anonymous_0)
FNDA:2,(anonymous_1)
DA:14,1
DA:15,1
DA:35,2
DA:37,2
DA:42,2
DA:56,1
LF:6
LH:6
BRDA:15,0,0,1
BRDA:15,0,1,1
BRDA:15,0,2,0
BRDA:15,0,3,0
BRDA:15,0,4,0
BRDA:15,0,5,0
BRDA:15,0,6,0
BRDA:15,0,7,0
BRDA:47,1,0,2
BRDA:47,1,1,0
BRF:10
BRH:3
end_of_record
TN:
SF:/Users/arthur/www/gigatables_react/src/components/tools/PagesSelector.js
FN:8,(anonymous_0)
FN:13,(anonymous_1)
FN:26,(anonymous_2)
FN:29,(anonymous_3)
FNF:4
FNH:3
FNDA:1,(anonymous_0)
FNDA:3,(anonymous_1)
FNDA:0,(anonymous_2)
FNDA:12,(anonymous_3)
DA:5,2
DA:9,1
DA:20,3
DA:21,3
DA:22,3
DA:26,0
DA:30,12
DA:41,2
LF:8
LH:7
BRDA:9,0,0,1
BRDA:9,0,1,0
BRF:2
BRH:1
end_of_record
TN:
SF:/Users/arthur/www/gigatables_react/src/components/tools/Pagination.js
FN:11,(anonymous_0)
FN:19,(anonymous_1)
FNF:2
FNH:2
FNDA:1,(anonymous_0)
FNDA:3,(anonymous_1)
DA:6,1
DA:7,1
DA:8,1
DA:13,1
DA:26,3
DA:27,3
DA:28,3
DA:32,3
DA:37,3
DA:38,3
DA:39,3
DA:40,3
DA:41,3
DA:43,3
DA:44,3
DA:45,17
DA:46,17
DA:50,17
DA:51,1
DA:52,0
DA:54,0
DA:55,1
DA:56,0
DA:57,0
DA:58,0
DA:59,0
DA:61,0
DA:65,0
DA:72,0
DA:73,1
DA:74,1
DA:75,1
DA:76,6
DA:77,6
DA:78,6
DA:79,1
DA:80,1
DA:81,0
DA:83,1
DA:84,1
DA:85,0
DA:88,6
DA:92,6
DA:94,1
DA:96,1
DA:99,16
DA:100,10
DA:106,3
DA:107,0
DA:108,0
DA:109,0
DA:113,0
DA:118,3
DA:119,3
DA:121,3
DA:123,3
DA:139,1
LF:57
LH:42
BRDA:13,0,0,1
BRDA:13,0,1,0
BRDA:13,0,2,0
BRDA:13,0,3,0
BRDA:48,1,0,2
BRDA:48,1,1,15
BRDA:50,2,0,1
BRDA:50,2,1,16
BRDA:51,3,0,0
BRDA:51,3,1,1
BRDA:55,4,0,0
BRDA:55,4,1,1
BRDA:55,5,0,1
BRDA:55,5,1,1
BRDA:63,6,0,0
BRDA:63,6,1,0
BRDA:73,7,0,1
BRDA:73,7,1,0
BRDA:78,8,0,1
BRDA:78,8,1,5
BRDA:80,9,0,0
BRDA:80,9,1,1
BRDA:84,10,0,0
BRDA:84,10,1,1
BRDA:90,11,0,1
BRDA:90,11,1,5
BRDA:99,12,0,10
BRDA:99,12,1,6
BRDA:99,13,0,16
BRDA:99,13,1,6
BRDA:99,13,2,6
BRDA:106,14,0,0
BRDA:106,14,1,3
BRDA:106,15,0,3
BRDA:106,15,1,3
BRDA:111,16,0,0
BRDA:111,16,1,0
BRDA:118,17,0,2
BRDA:118,17,1,1
BRDA:119,18,0,0
BRDA:119,18,1,3
BRF:41
BRH:27
end_of_record
TN:
SF:/Users/arthur/www/gigatables_react/src/components/tools/Search.js
FN:8,(anonymous_0)
FN:12,(anonymous_1)
FNF:2
FNH:1
FNDA:0,(anonymous_0)
FNDA:2,(anonymous_1)
DA:5,2
DA:9,0
DA:18,2
DA:20,2
DA:21,2
DA:38,2
LF:6
LH:5
BRF:0
BRH:0
end_of_record
TN:
SF:/Users/arthur/www/gigatables_react/src/components/tools/Tools.js
FN:14,(anonymous_0)
FN:36,(anonymous_1)
FN:54,(anonymous_2)
FN:70,(anonymous_3)
FN:107,(anonymous_4)
FN:118,(anonymous_5)
FNF:6
FNH:6
FNDA:1,(anonymous_0)
FNDA:1,(anonymous_1)
FNDA:1,(anonymous_2)
FNDA:4,(anonymous_3)
FNDA:1,(anonymous_4)
FNDA:4,(anonymous_5)
DA:9,1
DA:10,1
DA:11,1
DA:23,1
DA:25,1
DA:26,0
DA:28,1
DA:43,1
DA:45,1
DA:46,0
DA:48,1
DA:63,1
DA:65,1
DA:66,1
DA:67,1
DA:70,1
DA:71,4
DA:74,1
DA:79,4
DA:80,1
DA:86,4
DA:87,1
DA:94,4
DA:95,1
DA:104,1
DA:113,1
DA:115,1
DA:116,1
DA:117,1
DA:118,1
DA:119,4
DA:120,1
DA:126,4
DA:127,1
DA:134,4
DA:135,1
DA:144,1
DA:155,1
LF:38
LH:36
BRDA:25,0,0,0
BRDA:25,0,1,1
BRDA:45,1,0,0
BRDA:45,1,1,1
BRDA:67,2,0,1
BRDA:67,2,1,0
BRDA:67,3,0,1
BRDA:67,3,1,1
BRDA:67,3,2,1
BRDA:71,4,0,1
BRDA:71,4,1,3
BRDA:71,5,0,4
BRDA:71,5,1,1
BRDA:71,5,2,1
BRDA:71,5,3,1
BRDA:79,6,0,1
BRDA:79,6,1,3
BRDA:86,7,0,1
BRDA:86,7,1,3
BRDA:94,8,0,1
BRDA:94,8,1,3
BRDA:117,9,0,1
BRDA:117,9,1,0
BRDA:119,10,0,1
BRDA:119,10,1,3
BRDA:126,11,0,1
BRDA:126,11,1,3
BRDA:128,12,0,0
BRDA:128,12,1,1
BRDA:134,13,0,1
BRDA:134,13,1,3
BRDA:136,14,0,1
BRDA:136,14,1,0
BRF:33
BRH:27
end_of_record
